{"/workspace/server.js": {"path":"/workspace/server.js","statementMap":{"0":{"start":{"line":1,"column":16},"end":{"line":1,"column":34}},"1":{"start":{"line":2,"column":13},"end":{"line":2,"column":28}},"2":{"start":{"line":3,"column":0},"end":{"line":3,"column":65}},"3":{"start":{"line":5,"column":14},"end":{"line":5,"column":26}},"4":{"start":{"line":6,"column":0},"end":{"line":8,"column":1}},"5":{"start":{"line":7,"column":2},"end":{"line":7,"column":91}},"6":{"start":{"line":7,"column":25},"end":{"line":7,"column":90}},"7":{"start":{"line":7,"column":75},"end":{"line":7,"column":89}},"8":{"start":{"line":10,"column":12},"end":{"line":10,"column":21}},"9":{"start":{"line":11,"column":13},"end":{"line":11,"column":37}},"10":{"start":{"line":13,"column":0},"end":{"line":13,"column":46}},"11":{"start":{"line":14,"column":0},"end":{"line":14,"column":24}},"12":{"start":{"line":16,"column":0},"end":{"line":51,"column":3}},"13":{"start":{"line":17,"column":17},"end":{"line":17,"column":43}},"14":{"start":{"line":18,"column":2},"end":{"line":20,"column":3}},"15":{"start":{"line":19,"column":4},"end":{"line":19,"column":69}},"16":{"start":{"line":22,"column":2},"end":{"line":50,"column":3}},"17":{"start":{"line":23,"column":22},"end":{"line":30,"column":6}},"18":{"start":{"line":32,"column":4},"end":{"line":35,"column":5}},"19":{"start":{"line":33,"column":19},"end":{"line":33,"column":41}},"20":{"start":{"line":34,"column":6},"end":{"line":34,"column":53}},"21":{"start":{"line":37,"column":4},"end":{"line":46,"column":5}},"22":{"start":{"line":38,"column":6},"end":{"line":38,"column":57}},"23":{"start":{"line":39,"column":6},"end":{"line":41,"column":7}},"24":{"start":{"line":40,"column":8},"end":{"line":40,"column":25}},"25":{"start":{"line":42,"column":6},"end":{"line":42,"column":16}},"26":{"start":{"line":44,"column":19},"end":{"line":44,"column":41}},"27":{"start":{"line":45,"column":6},"end":{"line":45,"column":21}},"28":{"start":{"line":48,"column":4},"end":{"line":48,"column":23}},"29":{"start":{"line":49,"column":4},"end":{"line":49,"column":52}},"30":{"start":{"line":53,"column":0},"end":{"line":55,"column":3}},"31":{"start":{"line":54,"column":2},"end":{"line":54,"column":60}}},"fnMap":{"0":{"name":"(anonymous_0)","decl":{"start":{"line":7,"column":12},"end":{"line":7,"column":13}},"loc":{"start":{"line":7,"column":25},"end":{"line":7,"column":90}},"line":7},"1":{"name":"(anonymous_1)","decl":{"start":{"line":7,"column":51},"end":{"line":7,"column":52}},"loc":{"start":{"line":7,"column":75},"end":{"line":7,"column":89}},"line":7},"2":{"name":"(anonymous_2)","decl":{"start":{"line":16,"column":22},"end":{"line":16,"column":23}},"loc":{"start":{"line":16,"column":42},"end":{"line":51,"column":1}},"line":16},"3":{"name":"(anonymous_3)","decl":{"start":{"line":53,"column":17},"end":{"line":53,"column":18}},"loc":{"start":{"line":53,"column":23},"end":{"line":55,"column":1}},"line":53}},"branchMap":{"0":{"loc":{"start":{"line":6,"column":0},"end":{"line":8,"column":1}},"type":"if","locations":[{"start":{"line":6,"column":0},"end":{"line":8,"column":1}},{"start":{},"end":{}}],"line":6},"1":{"loc":{"start":{"line":11,"column":13},"end":{"line":11,"column":37}},"type":"binary-expr","locations":[{"start":{"line":11,"column":13},"end":{"line":11,"column":29}},{"start":{"line":11,"column":33},"end":{"line":11,"column":37}}],"line":11},"2":{"loc":{"start":{"line":18,"column":2},"end":{"line":20,"column":3}},"type":"if","locations":[{"start":{"line":18,"column":2},"end":{"line":20,"column":3}},{"start":{},"end":{}}],"line":18},"3":{"loc":{"start":{"line":32,"column":4},"end":{"line":35,"column":5}},"type":"if","locations":[{"start":{"line":32,"column":4},"end":{"line":35,"column":5}},{"start":{},"end":{}}],"line":32},"4":{"loc":{"start":{"line":37,"column":4},"end":{"line":46,"column":5}},"type":"if","locations":[{"start":{"line":37,"column":4},"end":{"line":46,"column":5}},{"start":{"line":43,"column":11},"end":{"line":46,"column":5}}],"line":37}},"s":{"0":0,"1":0,"2":0,"3":0,"4":0,"5":0,"6":0,"7":0,"8":0,"9":0,"10":0,"11":0,"12":0,"13":0,"14":0,"15":0,"16":0,"17":0,"18":0,"19":0,"20":0,"21":0,"22":0,"23":0,"24":0,"25":0,"26":0,"27":0,"28":0,"29":0,"30":0,"31":0},"f":{"0":0,"1":0,"2":0,"3":0},"b":{"0":[0,0],"1":[0,0],"2":[0,0],"3":[0,0],"4":[0,0]}}
,"/workspace/js/ai-service.js": {"path":"/workspace/js/ai-service.js","statementMap":{"0":{"start":{"line":7,"column":8},"end":{"line":7,"column":67}},"1":{"start":{"line":8,"column":8},"end":{"line":8,"column":82}},"2":{"start":{"line":9,"column":8},"end":{"line":9,"column":34}},"3":{"start":{"line":10,"column":8},"end":{"line":10,"column":31}},"4":{"start":{"line":14,"column":8},"end":{"line":14,"column":29}},"5":{"start":{"line":15,"column":8},"end":{"line":15,"column":55}},"6":{"start":{"line":19,"column":8},"end":{"line":19,"column":39}},"7":{"start":{"line":20,"column":8},"end":{"line":20,"column":58}},"8":{"start":{"line":24,"column":8},"end":{"line":26,"column":9}},"9":{"start":{"line":25,"column":12},"end":{"line":25,"column":54}},"10":{"start":{"line":28,"column":8},"end":{"line":42,"column":9}},"11":{"start":{"line":29,"column":29},"end":{"line":31,"column":14}},"12":{"start":{"line":33,"column":12},"end":{"line":35,"column":13}},"13":{"start":{"line":34,"column":16},"end":{"line":34,"column":65}},"14":{"start":{"line":37,"column":12},"end":{"line":37,"column":58}},"15":{"start":{"line":38,"column":12},"end":{"line":38,"column":24}},"16":{"start":{"line":40,"column":12},"end":{"line":40,"column":64}},"17":{"start":{"line":41,"column":12},"end":{"line":41,"column":24}},"18":{"start":{"line":46,"column":21},"end":{"line":50,"column":9}},"19":{"start":{"line":52,"column":8},"end":{"line":54,"column":9}},"20":{"start":{"line":53,"column":12},"end":{"line":53,"column":59}},"21":{"start":{"line":56,"column":24},"end":{"line":56,"column":62}},"22":{"start":{"line":57,"column":18},"end":{"line":57,"column":62}},"23":{"start":{"line":59,"column":8},"end":{"line":63,"column":9}},"24":{"start":{"line":60,"column":12},"end":{"line":60,"column":63}},"25":{"start":{"line":62,"column":12},"end":{"line":62,"column":30}},"26":{"start":{"line":65,"column":8},"end":{"line":84,"column":9}},"27":{"start":{"line":66,"column":29},"end":{"line":70,"column":14}},"28":{"start":{"line":72,"column":12},"end":{"line":75,"column":13}},"29":{"start":{"line":73,"column":34},"end":{"line":73,"column":73}},"30":{"start":{"line":73,"column":69},"end":{"line":73,"column":71}},"31":{"start":{"line":74,"column":16},"end":{"line":74,"column":82}},"32":{"start":{"line":77,"column":25},"end":{"line":77,"column":46}},"33":{"start":{"line":78,"column":28},"end":{"line":78,"column":59}},"34":{"start":{"line":80,"column":12},"end":{"line":80,"column":61}},"35":{"start":{"line":82,"column":12},"end":{"line":82,"column":60}},"36":{"start":{"line":83,"column":12},"end":{"line":83,"column":24}},"37":{"start":{"line":88,"column":29},"end":{"line":88,"column":249}},"38":{"start":{"line":90,"column":8},"end":{"line":93,"column":11}},"39":{"start":{"line":98,"column":25},"end":{"line":98,"column":91}},"40":{"start":{"line":99,"column":8},"end":{"line":99,"column":34}},"41":{"start":{"line":103,"column":35},"end":{"line":104,"column":84}},"42":{"start":{"line":107,"column":31},"end":{"line":177,"column":36}},"43":{"start":{"line":179,"column":8},"end":{"line":200,"column":9}},"44":{"start":{"line":180,"column":35},"end":{"line":180,"column":117}},"45":{"start":{"line":183,"column":38},"end":{"line":187,"column":13}},"46":{"start":{"line":189,"column":12},"end":{"line":194,"column":14}},"47":{"start":{"line":197,"column":12},"end":{"line":197,"column":62}},"48":{"start":{"line":199,"column":12},"end":{"line":199,"column":82}},"49":{"start":{"line":205,"column":34},"end":{"line":220,"column":56}},"50":{"start":{"line":222,"column":8},"end":{"line":228,"column":9}},"51":{"start":{"line":223,"column":29},"end":{"line":223,"column":119}},"52":{"start":{"line":224,"column":12},"end":{"line":224,"column":61}},"53":{"start":{"line":226,"column":12},"end":{"line":226,"column":56}},"54":{"start":{"line":227,"column":12},"end":{"line":227,"column":29}},"55":{"start":{"line":233,"column":26},"end":{"line":233,"column":28}},"56":{"start":{"line":234,"column":26},"end":{"line":234,"column":60}},"57":{"start":{"line":236,"column":8},"end":{"line":249,"column":9}},"58":{"start":{"line":236,"column":21},"end":{"line":236,"column":22}},"59":{"start":{"line":237,"column":29},"end":{"line":237,"column":48}},"60":{"start":{"line":238,"column":29},"end":{"line":238,"column":102}},"61":{"start":{"line":240,"column":12},"end":{"line":248,"column":13}},"62":{"start":{"line":241,"column":16},"end":{"line":247,"column":19}},"63":{"start":{"line":251,"column":8},"end":{"line":256,"column":10}},"64":{"start":{"line":261,"column":8},"end":{"line":261,"column":69}},"65":{"start":{"line":261,"column":48},"end":{"line":261,"column":67}},"66":{"start":{"line":265,"column":30},"end":{"line":265,"column":52}},"67":{"start":{"line":266,"column":25},"end":{"line":266,"column":30}},"68":{"start":{"line":267,"column":19},"end":{"line":267,"column":30}},"69":{"start":{"line":268,"column":25},"end":{"line":268,"column":28}},"70":{"start":{"line":269,"column":30},"end":{"line":269,"column":35}},"71":{"start":{"line":270,"column":29},"end":{"line":270,"column":36}},"72":{"start":{"line":271,"column":27},"end":{"line":271,"column":35}},"73":{"start":{"line":274,"column":25},"end":{"line":300,"column":9}},"74":{"start":{"line":303,"column":8},"end":{"line":325,"column":9}},"75":{"start":{"line":304,"column":12},"end":{"line":324,"column":13}},"76":{"start":{"line":305,"column":16},"end":{"line":305,"column":34}},"77":{"start":{"line":306,"column":16},"end":{"line":308,"column":77}},"78":{"start":{"line":309,"column":16},"end":{"line":309,"column":70}},"79":{"start":{"line":311,"column":16},"end":{"line":318,"column":17}},"80":{"start":{"line":312,"column":20},"end":{"line":312,"column":43}},"81":{"start":{"line":314,"column":45},"end":{"line":314,"column":94}},"82":{"start":{"line":315,"column":20},"end":{"line":317,"column":21}},"83":{"start":{"line":316,"column":24},"end":{"line":316,"column":83}},"84":{"start":{"line":320,"column":16},"end":{"line":322,"column":17}},"85":{"start":{"line":321,"column":20},"end":{"line":321,"column":52}},"86":{"start":{"line":323,"column":16},"end":{"line":323,"column":22}},"87":{"start":{"line":328,"column":8},"end":{"line":335,"column":9}},"88":{"start":{"line":330,"column":12},"end":{"line":334,"column":13}},"89":{"start":{"line":331,"column":16},"end":{"line":331,"column":34}},"90":{"start":{"line":332,"column":16},"end":{"line":332,"column":34}},"91":{"start":{"line":333,"column":16},"end":{"line":333,"column":33}},"92":{"start":{"line":337,"column":8},"end":{"line":344,"column":10}},"93":{"start":{"line":348,"column":36},"end":{"line":356,"column":9}},"94":{"start":{"line":358,"column":8},"end":{"line":358,"column":75}},"95":{"start":{"line":358,"column":51},"end":{"line":358,"column":73}},"96":{"start":{"line":362,"column":29},"end":{"line":362,"column":66}},"97":{"start":{"line":363,"column":27},"end":{"line":363,"column":57}},"98":{"start":{"line":364,"column":8},"end":{"line":364,"column":61}},"99":{"start":{"line":368,"column":27},"end":{"line":368,"column":76}},"100":{"start":{"line":369,"column":23},"end":{"line":383,"column":24}},"101":{"start":{"line":385,"column":8},"end":{"line":391,"column":9}},"102":{"start":{"line":386,"column":27},"end":{"line":386,"column":106}},"103":{"start":{"line":387,"column":12},"end":{"line":387,"column":86}},"104":{"start":{"line":389,"column":12},"end":{"line":389,"column":68}},"105":{"start":{"line":390,"column":12},"end":{"line":390,"column":29}},"106":{"start":{"line":395,"column":23},"end":{"line":416,"column":40}},"107":{"start":{"line":418,"column":8},"end":{"line":427,"column":9}},"108":{"start":{"line":419,"column":27},"end":{"line":419,"column":106}},"109":{"start":{"line":420,"column":12},"end":{"line":423,"column":14}},"110":{"start":{"line":425,"column":12},"end":{"line":425,"column":68}},"111":{"start":{"line":426,"column":12},"end":{"line":426,"column":69}},"112":{"start":{"line":431,"column":33},"end":{"line":433,"column":49}},"113":{"start":{"line":435,"column":29},"end":{"line":438,"column":89}},"114":{"start":{"line":440,"column":25},"end":{"line":442,"column":9}},"115":{"start":{"line":444,"column":8},"end":{"line":446,"column":9}},"116":{"start":{"line":445,"column":12},"end":{"line":445,"column":76}},"117":{"start":{"line":448,"column":8},"end":{"line":448,"column":59}},"118":{"start":{"line":450,"column":8},"end":{"line":455,"column":9}},"119":{"start":{"line":451,"column":12},"end":{"line":451,"column":51}},"120":{"start":{"line":453,"column":12},"end":{"line":453,"column":64}},"121":{"start":{"line":454,"column":12},"end":{"line":454,"column":24}},"122":{"start":{"line":459,"column":8},"end":{"line":462,"column":9}},"123":{"start":{"line":460,"column":12},"end":{"line":460,"column":71}},"124":{"start":{"line":461,"column":12},"end":{"line":461,"column":19}},"125":{"start":{"line":464,"column":8},"end":{"line":464,"column":33}},"126":{"start":{"line":466,"column":8},"end":{"line":520,"column":9}},"127":{"start":{"line":468,"column":29},"end":{"line":468,"column":95}},"128":{"start":{"line":470,"column":12},"end":{"line":479,"column":13}},"129":{"start":{"line":472,"column":16},"end":{"line":477,"column":19}},"130":{"start":{"line":478,"column":16},"end":{"line":478,"column":28}},"131":{"start":{"line":482,"column":35},"end":{"line":482,"column":85}},"132":{"start":{"line":482,"column":66},"end":{"line":482,"column":84}},"133":{"start":{"line":484,"column":12},"end":{"line":486,"column":13}},"134":{"start":{"line":485,"column":16},"end":{"line":485,"column":28}},"135":{"start":{"line":489,"column":41},"end":{"line":494,"column":13}},"136":{"start":{"line":490,"column":49},"end":{"line":493,"column":17}},"137":{"start":{"line":496,"column":32},"end":{"line":496,"column":105}},"138":{"start":{"line":498,"column":12},"end":{"line":506,"column":14}},"139":{"start":{"line":509,"column":12},"end":{"line":509,"column":58}},"140":{"start":{"line":511,"column":12},"end":{"line":511,"column":84}},"141":{"start":{"line":513,"column":12},"end":{"line":513,"column":38}},"142":{"start":{"line":516,"column":12},"end":{"line":519,"column":13}},"143":{"start":{"line":517,"column":29},"end":{"line":517,"column":54}},"144":{"start":{"line":518,"column":16},"end":{"line":518,"column":106}},"145":{"start":{"line":518,"column":33},"end":{"line":518,"column":99}},"146":{"start":{"line":524,"column":8},"end":{"line":556,"column":9}},"147":{"start":{"line":525,"column":12},"end":{"line":525,"column":73}},"148":{"start":{"line":528,"column":35},"end":{"line":528,"column":97}},"149":{"start":{"line":530,"column":12},"end":{"line":532,"column":13}},"150":{"start":{"line":531,"column":16},"end":{"line":531,"column":28}},"151":{"start":{"line":535,"column":41},"end":{"line":538,"column":15}},"152":{"start":{"line":535,"column":76},"end":{"line":538,"column":13}},"153":{"start":{"line":540,"column":12},"end":{"line":552,"column":14}},"154":{"start":{"line":554,"column":12},"end":{"line":554,"column":67}},"155":{"start":{"line":555,"column":12},"end":{"line":555,"column":24}},"156":{"start":{"line":560,"column":27},"end":{"line":565,"column":9}},"157":{"start":{"line":566,"column":8},"end":{"line":566,"column":53}},"158":{"start":{"line":571,"column":0},"end":{"line":571,"column":29}}},"fnMap":{"0":{"name":"(anonymous_0)","decl":{"start":{"line":6,"column":4},"end":{"line":6,"column":5}},"loc":{"start":{"line":6,"column":18},"end":{"line":11,"column":5}},"line":6},"1":{"name":"(anonymous_1)","decl":{"start":{"line":13,"column":4},"end":{"line":13,"column":5}},"loc":{"start":{"line":13,"column":22},"end":{"line":16,"column":5}},"line":13},"2":{"name":"(anonymous_2)","decl":{"start":{"line":18,"column":4},"end":{"line":18,"column":5}},"loc":{"start":{"line":18,"column":32},"end":{"line":21,"column":5}},"line":18},"3":{"name":"(anonymous_3)","decl":{"start":{"line":23,"column":4},"end":{"line":23,"column":5}},"loc":{"start":{"line":23,"column":27},"end":{"line":43,"column":5}},"line":23},"4":{"name":"(anonymous_4)","decl":{"start":{"line":45,"column":4},"end":{"line":45,"column":5}},"loc":{"start":{"line":45,"column":73},"end":{"line":85,"column":5}},"line":45},"5":{"name":"(anonymous_5)","decl":{"start":{"line":73,"column":62},"end":{"line":73,"column":63}},"loc":{"start":{"line":73,"column":69},"end":{"line":73,"column":71}},"line":73},"6":{"name":"(anonymous_6)","decl":{"start":{"line":87,"column":4},"end":{"line":87,"column":5}},"loc":{"start":{"line":87,"column":35},"end":{"line":94,"column":5}},"line":87},"7":{"name":"(anonymous_7)","decl":{"start":{"line":96,"column":4},"end":{"line":96,"column":5}},"loc":{"start":{"line":96,"column":65},"end":{"line":100,"column":5}},"line":96},"8":{"name":"(anonymous_8)","decl":{"start":{"line":102,"column":4},"end":{"line":102,"column":5}},"loc":{"start":{"line":102,"column":71},"end":{"line":201,"column":5}},"line":102},"9":{"name":"(anonymous_9)","decl":{"start":{"line":203,"column":4},"end":{"line":203,"column":5}},"loc":{"start":{"line":203,"column":83},"end":{"line":229,"column":5}},"line":203},"10":{"name":"(anonymous_10)","decl":{"start":{"line":231,"column":4},"end":{"line":231,"column":5}},"loc":{"start":{"line":231,"column":62},"end":{"line":257,"column":5}},"line":231},"11":{"name":"(anonymous_11)","decl":{"start":{"line":259,"column":4},"end":{"line":259,"column":5}},"loc":{"start":{"line":259,"column":29},"end":{"line":262,"column":5}},"line":259},"12":{"name":"(anonymous_12)","decl":{"start":{"line":261,"column":43},"end":{"line":261,"column":44}},"loc":{"start":{"line":261,"column":48},"end":{"line":261,"column":67}},"line":261},"13":{"name":"(anonymous_13)","decl":{"start":{"line":264,"column":4},"end":{"line":264,"column":5}},"loc":{"start":{"line":264,"column":68},"end":{"line":345,"column":5}},"line":264},"14":{"name":"(anonymous_14)","decl":{"start":{"line":347,"column":4},"end":{"line":347,"column":5}},"loc":{"start":{"line":347,"column":37},"end":{"line":359,"column":5}},"line":347},"15":{"name":"(anonymous_15)","decl":{"start":{"line":358,"column":40},"end":{"line":358,"column":41}},"loc":{"start":{"line":358,"column":51},"end":{"line":358,"column":73}},"line":358},"16":{"name":"(anonymous_16)","decl":{"start":{"line":361,"column":4},"end":{"line":361,"column":5}},"loc":{"start":{"line":361,"column":25},"end":{"line":365,"column":5}},"line":361},"17":{"name":"(anonymous_17)","decl":{"start":{"line":367,"column":4},"end":{"line":367,"column":5}},"loc":{"start":{"line":367,"column":48},"end":{"line":392,"column":5}},"line":367},"18":{"name":"(anonymous_18)","decl":{"start":{"line":394,"column":4},"end":{"line":394,"column":5}},"loc":{"start":{"line":394,"column":50},"end":{"line":428,"column":5}},"line":394},"19":{"name":"(anonymous_19)","decl":{"start":{"line":430,"column":4},"end":{"line":430,"column":5}},"loc":{"start":{"line":430,"column":58},"end":{"line":456,"column":5}},"line":430},"20":{"name":"(anonymous_20)","decl":{"start":{"line":458,"column":4},"end":{"line":458,"column":5}},"loc":{"start":{"line":458,"column":67},"end":{"line":521,"column":5}},"line":458},"21":{"name":"(anonymous_21)","decl":{"start":{"line":482,"column":61},"end":{"line":482,"column":62}},"loc":{"start":{"line":482,"column":66},"end":{"line":482,"column":84}},"line":482},"22":{"name":"(anonymous_22)","decl":{"start":{"line":490,"column":35},"end":{"line":490,"column":36}},"loc":{"start":{"line":490,"column":49},"end":{"line":493,"column":17}},"line":490},"23":{"name":"(anonymous_23)","decl":{"start":{"line":518,"column":27},"end":{"line":518,"column":28}},"loc":{"start":{"line":518,"column":33},"end":{"line":518,"column":99}},"line":518},"24":{"name":"(anonymous_24)","decl":{"start":{"line":523,"column":4},"end":{"line":523,"column":5}},"loc":{"start":{"line":523,"column":64},"end":{"line":557,"column":5}},"line":523},"25":{"name":"(anonymous_25)","decl":{"start":{"line":535,"column":70},"end":{"line":535,"column":71}},"loc":{"start":{"line":535,"column":76},"end":{"line":538,"column":13}},"line":535},"26":{"name":"(anonymous_26)","decl":{"start":{"line":559,"column":4},"end":{"line":559,"column":5}},"loc":{"start":{"line":559,"column":37},"end":{"line":567,"column":5}},"line":559}},"branchMap":{"0":{"loc":{"start":{"line":7,"column":22},"end":{"line":7,"column":66}},"type":"binary-expr","locations":[{"start":{"line":7,"column":22},"end":{"line":7,"column":60}},{"start":{"line":7,"column":64},"end":{"line":7,"column":66}}],"line":7},"1":{"loc":{"start":{"line":8,"column":33},"end":{"line":8,"column":81}},"type":"binary-expr","locations":[{"start":{"line":8,"column":33},"end":{"line":8,"column":75}},{"start":{"line":8,"column":79},"end":{"line":8,"column":81}}],"line":8},"2":{"loc":{"start":{"line":24,"column":8},"end":{"line":26,"column":9}},"type":"if","locations":[{"start":{"line":24,"column":8},"end":{"line":26,"column":9}},{"start":{},"end":{}}],"line":24},"3":{"loc":{"start":{"line":33,"column":12},"end":{"line":35,"column":13}},"type":"if","locations":[{"start":{"line":33,"column":12},"end":{"line":35,"column":13}},{"start":{},"end":{}}],"line":33},"4":{"loc":{"start":{"line":45,"column":31},"end":{"line":45,"column":52}},"type":"default-arg","locations":[{"start":{"line":45,"column":39},"end":{"line":45,"column":52}}],"line":45},"5":{"loc":{"start":{"line":45,"column":54},"end":{"line":45,"column":71}},"type":"default-arg","locations":[{"start":{"line":45,"column":66},"end":{"line":45,"column":71}}],"line":45},"6":{"loc":{"start":{"line":52,"column":8},"end":{"line":54,"column":9}},"type":"if","locations":[{"start":{"line":52,"column":8},"end":{"line":54,"column":9}},{"start":{},"end":{}}],"line":52},"7":{"loc":{"start":{"line":59,"column":8},"end":{"line":63,"column":9}},"type":"if","locations":[{"start":{"line":59,"column":8},"end":{"line":63,"column":9}},{"start":{"line":61,"column":15},"end":{"line":63,"column":9}}],"line":59},"8":{"loc":{"start":{"line":72,"column":12},"end":{"line":75,"column":13}},"type":"if","locations":[{"start":{"line":72,"column":12},"end":{"line":75,"column":13}},{"start":{},"end":{}}],"line":72},"9":{"loc":{"start":{"line":74,"column":32},"end":{"line":74,"column":80}},"type":"binary-expr","locations":[{"start":{"line":74,"column":32},"end":{"line":74,"column":56}},{"start":{"line":74,"column":60},"end":{"line":74,"column":80}}],"line":74},"10":{"loc":{"start":{"line":80,"column":19},"end":{"line":80,"column":60}},"type":"cond-expr","locations":[{"start":{"line":80,"column":31},"end":{"line":80,"column":50}},{"start":{"line":80,"column":53},"end":{"line":80,"column":60}}],"line":80},"11":{"loc":{"start":{"line":96,"column":39},"end":{"line":96,"column":63}},"type":"default-arg","locations":[{"start":{"line":96,"column":61},"end":{"line":96,"column":63}}],"line":96},"12":{"loc":{"start":{"line":102,"column":45},"end":{"line":102,"column":69}},"type":"default-arg","locations":[{"start":{"line":102,"column":67},"end":{"line":102,"column":69}}],"line":102},"13":{"loc":{"start":{"line":103,"column":35},"end":{"line":104,"column":84}},"type":"cond-expr","locations":[{"start":{"line":104,"column":12},"end":{"line":104,"column":79}},{"start":{"line":104,"column":82},"end":{"line":104,"column":84}}],"line":103},"14":{"loc":{"start":{"line":184,"column":16},"end":{"line":184,"column":56}},"type":"binary-expr","locations":[{"start":{"line":184,"column":16},"end":{"line":184,"column":50}},{"start":{"line":184,"column":54},"end":{"line":184,"column":56}}],"line":184},"15":{"loc":{"start":{"line":191,"column":32},"end":{"line":191,"column":74}},"type":"binary-expr","locations":[{"start":{"line":191,"column":32},"end":{"line":191,"column":61}},{"start":{"line":191,"column":65},"end":{"line":191,"column":74}}],"line":191},"16":{"loc":{"start":{"line":192,"column":35},"end":{"line":192,"column":75}},"type":"binary-expr","locations":[{"start":{"line":192,"column":35},"end":{"line":192,"column":67}},{"start":{"line":192,"column":71},"end":{"line":192,"column":75}}],"line":192},"17":{"loc":{"start":{"line":193,"column":35},"end":{"line":193,"column":82}},"type":"binary-expr","locations":[{"start":{"line":193,"column":35},"end":{"line":193,"column":67}},{"start":{"line":193,"column":71},"end":{"line":193,"column":82}}],"line":193},"18":{"loc":{"start":{"line":224,"column":19},"end":{"line":224,"column":60}},"type":"binary-expr","locations":[{"start":{"line":224,"column":19},"end":{"line":224,"column":47}},{"start":{"line":224,"column":51},"end":{"line":224,"column":60}}],"line":224},"19":{"loc":{"start":{"line":240,"column":12},"end":{"line":248,"column":13}},"type":"if","locations":[{"start":{"line":240,"column":12},"end":{"line":248,"column":13}},{"start":{},"end":{}}],"line":240},"20":{"loc":{"start":{"line":253,"column":28},"end":{"line":253,"column":75}},"type":"cond-expr","locations":[{"start":{"line":253,"column":51},"end":{"line":253,"column":61}},{"start":{"line":253,"column":64},"end":{"line":253,"column":75}}],"line":253},"21":{"loc":{"start":{"line":304,"column":12},"end":{"line":324,"column":13}},"type":"if","locations":[{"start":{"line":304,"column":12},"end":{"line":324,"column":13}},{"start":{},"end":{}}],"line":304},"22":{"loc":{"start":{"line":306,"column":23},"end":{"line":308,"column":76}},"type":"cond-expr","locations":[{"start":{"line":306,"column":53},"end":{"line":306,"column":64}},{"start":{"line":307,"column":22},"end":{"line":308,"column":76}}],"line":306},"23":{"loc":{"start":{"line":307,"column":22},"end":{"line":308,"column":76}},"type":"cond-expr","locations":[{"start":{"line":307,"column":48},"end":{"line":307,"column":60}},{"start":{"line":308,"column":22},"end":{"line":308,"column":76}}],"line":307},"24":{"loc":{"start":{"line":308,"column":22},"end":{"line":308,"column":76}},"type":"cond-expr","locations":[{"start":{"line":308,"column":55},"end":{"line":308,"column":63}},{"start":{"line":308,"column":66},"end":{"line":308,"column":76}}],"line":308},"25":{"loc":{"start":{"line":311,"column":16},"end":{"line":318,"column":17}},"type":"if","locations":[{"start":{"line":311,"column":16},"end":{"line":318,"column":17}},{"start":{},"end":{}}],"line":311},"26":{"loc":{"start":{"line":311,"column":20},"end":{"line":311,"column":67}},"type":"binary-expr","locations":[{"start":{"line":311,"column":20},"end":{"line":311,"column":40}},{"start":{"line":311,"column":44},"end":{"line":311,"column":67}}],"line":311},"27":{"loc":{"start":{"line":315,"column":20},"end":{"line":317,"column":21}},"type":"if","locations":[{"start":{"line":315,"column":20},"end":{"line":317,"column":21}},{"start":{},"end":{}}],"line":315},"28":{"loc":{"start":{"line":320,"column":16},"end":{"line":322,"column":17}},"type":"if","locations":[{"start":{"line":320,"column":16},"end":{"line":322,"column":17}},{"start":{},"end":{}}],"line":320},"29":{"loc":{"start":{"line":328,"column":8},"end":{"line":335,"column":9}},"type":"if","locations":[{"start":{"line":328,"column":8},"end":{"line":335,"column":9}},{"start":{},"end":{}}],"line":328},"30":{"loc":{"start":{"line":330,"column":12},"end":{"line":334,"column":13}},"type":"if","locations":[{"start":{"line":330,"column":12},"end":{"line":334,"column":13}},{"start":{},"end":{}}],"line":330},"31":{"loc":{"start":{"line":362,"column":30},"end":{"line":362,"column":58}},"type":"binary-expr","locations":[{"start":{"line":362,"column":30},"end":{"line":362,"column":52}},{"start":{"line":362,"column":56},"end":{"line":362,"column":58}}],"line":362},"32":{"loc":{"start":{"line":364,"column":15},"end":{"line":364,"column":60}},"type":"cond-expr","locations":[{"start":{"line":364,"column":49},"end":{"line":364,"column":53}},{"start":{"line":364,"column":56},"end":{"line":364,"column":60}}],"line":364},"33":{"loc":{"start":{"line":387,"column":19},"end":{"line":387,"column":85}},"type":"cond-expr","locations":[{"start":{"line":387,"column":58},"end":{"line":387,"column":73}},{"start":{"line":387,"column":76},"end":{"line":387,"column":85}}],"line":387},"34":{"loc":{"start":{"line":421,"column":31},"end":{"line":421,"column":59}},"type":"binary-expr","locations":[{"start":{"line":421,"column":31},"end":{"line":421,"column":51}},{"start":{"line":421,"column":55},"end":{"line":421,"column":59}}],"line":421},"35":{"loc":{"start":{"line":422,"column":36},"end":{"line":422,"column":69}},"type":"binary-expr","locations":[{"start":{"line":422,"column":36},"end":{"line":422,"column":61}},{"start":{"line":422,"column":65},"end":{"line":422,"column":69}}],"line":422},"36":{"loc":{"start":{"line":430,"column":46},"end":{"line":430,"column":56}},"type":"default-arg","locations":[{"start":{"line":430,"column":54},"end":{"line":430,"column":56}}],"line":430},"37":{"loc":{"start":{"line":431,"column":33},"end":{"line":433,"column":49}},"type":"cond-expr","locations":[{"start":{"line":432,"column":12},"end":{"line":432,"column":45}},{"start":{"line":433,"column":12},"end":{"line":433,"column":49}}],"line":431},"38":{"loc":{"start":{"line":444,"column":8},"end":{"line":446,"column":9}},"type":"if","locations":[{"start":{"line":444,"column":8},"end":{"line":446,"column":9}},{"start":{},"end":{}}],"line":444},"39":{"loc":{"start":{"line":458,"column":41},"end":{"line":458,"column":65}},"type":"default-arg","locations":[{"start":{"line":458,"column":63},"end":{"line":458,"column":65}}],"line":458},"40":{"loc":{"start":{"line":459,"column":8},"end":{"line":462,"column":9}},"type":"if","locations":[{"start":{"line":459,"column":8},"end":{"line":462,"column":9}},{"start":{},"end":{}}],"line":459},"41":{"loc":{"start":{"line":470,"column":12},"end":{"line":479,"column":13}},"type":"if","locations":[{"start":{"line":470,"column":12},"end":{"line":479,"column":13}},{"start":{},"end":{}}],"line":470},"42":{"loc":{"start":{"line":470,"column":16},"end":{"line":470,"column":70}},"type":"binary-expr","locations":[{"start":{"line":470,"column":16},"end":{"line":470,"column":35}},{"start":{"line":470,"column":39},"end":{"line":470,"column":70}}],"line":470},"43":{"loc":{"start":{"line":484,"column":12},"end":{"line":486,"column":13}},"type":"if","locations":[{"start":{"line":484,"column":12},"end":{"line":486,"column":13}},{"start":{},"end":{}}],"line":484},"44":{"loc":{"start":{"line":516,"column":12},"end":{"line":519,"column":13}},"type":"if","locations":[{"start":{"line":516,"column":12},"end":{"line":519,"column":13}},{"start":{},"end":{}}],"line":516},"45":{"loc":{"start":{"line":530,"column":12},"end":{"line":532,"column":13}},"type":"if","locations":[{"start":{"line":530,"column":12},"end":{"line":532,"column":13}},{"start":{},"end":{}}],"line":530},"46":{"loc":{"start":{"line":537,"column":26},"end":{"line":537,"column":81}},"type":"cond-expr","locations":[{"start":{"line":537,"column":58},"end":{"line":537,"column":67}},{"start":{"line":537,"column":70},"end":{"line":537,"column":81}}],"line":537},"47":{"loc":{"start":{"line":543,"column":35},"end":{"line":543,"column":72}},"type":"binary-expr","locations":[{"start":{"line":543,"column":35},"end":{"line":543,"column":64}},{"start":{"line":543,"column":68},"end":{"line":543,"column":72}}],"line":543},"48":{"loc":{"start":{"line":544,"column":40},"end":{"line":544,"column":77}},"type":"binary-expr","locations":[{"start":{"line":544,"column":40},"end":{"line":544,"column":69}},{"start":{"line":544,"column":73},"end":{"line":544,"column":77}}],"line":544},"49":{"loc":{"start":{"line":566,"column":15},"end":{"line":566,"column":52}},"type":"binary-expr","locations":[{"start":{"line":566,"column":15},"end":{"line":566,"column":35}},{"start":{"line":566,"column":39},"end":{"line":566,"column":52}}],"line":566}},"s":{"0":0,"1":0,"2":0,"3":0,"4":0,"5":0,"6":0,"7":0,"8":0,"9":0,"10":0,"11":0,"12":0,"13":0,"14":0,"15":0,"16":0,"17":0,"18":0,"19":0,"20":0,"21":0,"22":0,"23":0,"24":0,"25":0,"26":0,"27":0,"28":0,"29":0,"30":0,"31":0,"32":0,"33":0,"34":0,"35":0,"36":0,"37":0,"38":0,"39":0,"40":0,"41":0,"42":0,"43":0,"44":0,"45":0,"46":0,"47":0,"48":0,"49":0,"50":0,"51":0,"52":0,"53":0,"54":0,"55":0,"56":0,"57":0,"58":0,"59":0,"60":0,"61":0,"62":0,"63":0,"64":0,"65":0,"66":0,"67":0,"68":0,"69":0,"70":0,"71":0,"72":0,"73":0,"74":0,"75":0,"76":0,"77":0,"78":0,"79":0,"80":0,"81":0,"82":0,"83":0,"84":0,"85":0,"86":0,"87":0,"88":0,"89":0,"90":0,"91":0,"92":0,"93":0,"94":0,"95":0,"96":0,"97":0,"98":0,"99":0,"100":0,"101":0,"102":0,"103":0,"104":0,"105":0,"106":0,"107":0,"108":0,"109":0,"110":0,"111":0,"112":0,"113":0,"114":0,"115":0,"116":0,"117":0,"118":0,"119":0,"120":0,"121":0,"122":0,"123":0,"124":0,"125":0,"126":0,"127":0,"128":0,"129":0,"130":0,"131":0,"132":0,"133":0,"134":0,"135":0,"136":0,"137":0,"138":0,"139":0,"140":0,"141":0,"142":0,"143":0,"144":0,"145":0,"146":0,"147":0,"148":0,"149":0,"150":0,"151":0,"152":0,"153":0,"154":0,"155":0,"156":0,"157":0,"158":0},"f":{"0":0,"1":0,"2":0,"3":0,"4":0,"5":0,"6":0,"7":0,"8":0,"9":0,"10":0,"11":0,"12":0,"13":0,"14":0,"15":0,"16":0,"17":0,"18":0,"19":0,"20":0,"21":0,"22":0,"23":0,"24":0,"25":0,"26":0},"b":{"0":[0,0],"1":[0,0],"2":[0,0],"3":[0,0],"4":[0],"5":[0],"6":[0,0],"7":[0,0],"8":[0,0],"9":[0,0],"10":[0,0],"11":[0],"12":[0],"13":[0,0],"14":[0,0],"15":[0,0],"16":[0,0],"17":[0,0],"18":[0,0],"19":[0,0],"20":[0,0],"21":[0,0],"22":[0,0],"23":[0,0],"24":[0,0],"25":[0,0],"26":[0,0],"27":[0,0],"28":[0,0],"29":[0,0],"30":[0,0],"31":[0,0],"32":[0,0],"33":[0,0],"34":[0,0],"35":[0,0],"36":[0],"37":[0,0],"38":[0,0],"39":[0],"40":[0,0],"41":[0,0],"42":[0,0],"43":[0,0],"44":[0,0],"45":[0,0],"46":[0,0],"47":[0,0],"48":[0,0],"49":[0,0]}}
,"/workspace/js/app.js": {"path":"/workspace/js/app.js","statementMap":{"0":{"start":{"line":7,"column":8},"end":{"line":7,"column":47}},"1":{"start":{"line":8,"column":8},"end":{"line":8,"column":77}},"2":{"start":{"line":9,"column":8},"end":{"line":9,"column":41}},"3":{"start":{"line":12,"column":8},"end":{"line":12,"column":36}},"4":{"start":{"line":15,"column":8},"end":{"line":15,"column":38}},"5":{"start":{"line":16,"column":8},"end":{"line":16,"column":40}},"6":{"start":{"line":17,"column":8},"end":{"line":17,"column":32}},"7":{"start":{"line":18,"column":8},"end":{"line":18,"column":41}},"8":{"start":{"line":19,"column":8},"end":{"line":19,"column":34}},"9":{"start":{"line":22,"column":8},"end":{"line":22,"column":26}},"10":{"start":{"line":27,"column":8},"end":{"line":27,"column":66}},"11":{"start":{"line":28,"column":8},"end":{"line":28,"column":64}},"12":{"start":{"line":29,"column":8},"end":{"line":29,"column":73}},"13":{"start":{"line":32,"column":8},"end":{"line":32,"column":67}},"14":{"start":{"line":33,"column":8},"end":{"line":33,"column":65}},"15":{"start":{"line":34,"column":8},"end":{"line":34,"column":76}},"16":{"start":{"line":37,"column":8},"end":{"line":37,"column":66}},"17":{"start":{"line":40,"column":8},"end":{"line":40,"column":82}},"18":{"start":{"line":41,"column":8},"end":{"line":41,"column":78}},"19":{"start":{"line":42,"column":8},"end":{"line":42,"column":74}},"20":{"start":{"line":43,"column":8},"end":{"line":43,"column":71}},"21":{"start":{"line":44,"column":8},"end":{"line":44,"column":67}},"22":{"start":{"line":47,"column":8},"end":{"line":47,"column":71}},"23":{"start":{"line":48,"column":8},"end":{"line":48,"column":78}},"24":{"start":{"line":49,"column":8},"end":{"line":49,"column":76}},"25":{"start":{"line":50,"column":8},"end":{"line":50,"column":76}},"26":{"start":{"line":51,"column":8},"end":{"line":51,"column":80}},"27":{"start":{"line":55,"column":8},"end":{"line":55,"column":34}},"28":{"start":{"line":56,"column":8},"end":{"line":56,"column":36}},"29":{"start":{"line":57,"column":8},"end":{"line":57,"column":28}},"30":{"start":{"line":58,"column":8},"end":{"line":58,"column":34}},"31":{"start":{"line":60,"column":8},"end":{"line":60,"column":60}},"32":{"start":{"line":65,"column":8},"end":{"line":65,"column":77}},"33":{"start":{"line":65,"column":57},"end":{"line":65,"column":75}},"34":{"start":{"line":66,"column":8},"end":{"line":66,"column":75}},"35":{"start":{"line":66,"column":56},"end":{"line":66,"column":73}},"36":{"start":{"line":69,"column":8},"end":{"line":69,"column":81}},"37":{"start":{"line":69,"column":60},"end":{"line":69,"column":79}},"38":{"start":{"line":70,"column":8},"end":{"line":70,"column":82}},"39":{"start":{"line":70,"column":61},"end":{"line":70,"column":80}},"40":{"start":{"line":71,"column":8},"end":{"line":71,"column":84}},"41":{"start":{"line":71,"column":63},"end":{"line":71,"column":82}},"42":{"start":{"line":74,"column":8},"end":{"line":78,"column":11}},"43":{"start":{"line":75,"column":12},"end":{"line":77,"column":13}},"44":{"start":{"line":76,"column":16},"end":{"line":76,"column":36}},"45":{"start":{"line":81,"column":8},"end":{"line":81,"column":70}},"46":{"start":{"line":81,"column":54},"end":{"line":81,"column":68}},"47":{"start":{"line":84,"column":8},"end":{"line":84,"column":89}},"48":{"start":{"line":84,"column":58},"end":{"line":84,"column":87}},"49":{"start":{"line":89,"column":8},"end":{"line":91,"column":10}},"50":{"start":{"line":90,"column":12},"end":{"line":90,"column":47}},"51":{"start":{"line":93,"column":8},"end":{"line":95,"column":10}},"52":{"start":{"line":94,"column":12},"end":{"line":94,"column":56}},"53":{"start":{"line":97,"column":8},"end":{"line":99,"column":10}},"54":{"start":{"line":98,"column":12},"end":{"line":98,"column":51}},"55":{"start":{"line":104,"column":23},"end":{"line":104,"column":67}},"56":{"start":{"line":105,"column":22},"end":{"line":105,"column":70}},"57":{"start":{"line":107,"column":8},"end":{"line":107,"column":45}},"58":{"start":{"line":108,"column":8},"end":{"line":108,"column":43}},"59":{"start":{"line":110,"column":8},"end":{"line":110,"column":41}},"60":{"start":{"line":111,"column":8},"end":{"line":111,"column":51}},"61":{"start":{"line":115,"column":8},"end":{"line":115,"column":51}},"62":{"start":{"line":115,"column":44},"end":{"line":115,"column":51}},"63":{"start":{"line":117,"column":8},"end":{"line":142,"column":9}},"64":{"start":{"line":119,"column":12},"end":{"line":119,"column":68}},"65":{"start":{"line":122,"column":12},"end":{"line":122,"column":50}},"66":{"start":{"line":123,"column":12},"end":{"line":123,"column":63}},"67":{"start":{"line":126,"column":33},"end":{"line":126,"column":58}},"68":{"start":{"line":127,"column":29},"end":{"line":127,"column":77}},"69":{"start":{"line":130,"column":28},"end":{"line":130,"column":77}},"70":{"start":{"line":132,"column":12},"end":{"line":137,"column":13}},"71":{"start":{"line":133,"column":16},"end":{"line":133,"column":46}},"72":{"start":{"line":134,"column":16},"end":{"line":134,"column":37}},"73":{"start":{"line":136,"column":16},"end":{"line":136,"column":72}},"74":{"start":{"line":140,"column":12},"end":{"line":140,"column":53}},"75":{"start":{"line":141,"column":12},"end":{"line":141,"column":64}},"76":{"start":{"line":146,"column":8},"end":{"line":146,"column":52}},"77":{"start":{"line":146,"column":45},"end":{"line":146,"column":52}},"78":{"start":{"line":148,"column":8},"end":{"line":148,"column":43}},"79":{"start":{"line":149,"column":8},"end":{"line":149,"column":39}},"80":{"start":{"line":153,"column":8},"end":{"line":153,"column":46}},"81":{"start":{"line":155,"column":30},"end":{"line":161,"column":9}},"82":{"start":{"line":163,"column":8},"end":{"line":163,"column":87}},"83":{"start":{"line":167,"column":8},"end":{"line":167,"column":48}},"84":{"start":{"line":168,"column":8},"end":{"line":168,"column":48}},"85":{"start":{"line":169,"column":8},"end":{"line":169,"column":51}},"86":{"start":{"line":173,"column":8},"end":{"line":179,"column":9}},"87":{"start":{"line":175,"column":12},"end":{"line":175,"column":58}},"88":{"start":{"line":178,"column":12},"end":{"line":178,"column":66}},"89":{"start":{"line":184,"column":8},"end":{"line":184,"column":50}},"90":{"start":{"line":187,"column":8},"end":{"line":187,"column":46}},"91":{"start":{"line":190,"column":8},"end":{"line":190,"column":60}},"92":{"start":{"line":193,"column":8},"end":{"line":193,"column":49}},"93":{"start":{"line":197,"column":28},"end":{"line":197,"column":57}},"94":{"start":{"line":198,"column":8},"end":{"line":198,"column":90}},"95":{"start":{"line":199,"column":8},"end":{"line":199,"column":43}},"96":{"start":{"line":200,"column":8},"end":{"line":200,"column":57}},"97":{"start":{"line":203,"column":8},"end":{"line":203,"column":81}},"98":{"start":{"line":207,"column":8},"end":{"line":221,"column":9}},"99":{"start":{"line":209,"column":37},"end":{"line":209,"column":73}},"100":{"start":{"line":210,"column":28},"end":{"line":210,"column":54}},"101":{"start":{"line":213,"column":29},"end":{"line":213,"column":88}},"102":{"start":{"line":215,"column":12},"end":{"line":217,"column":13}},"103":{"start":{"line":216,"column":16},"end":{"line":216,"column":70}},"104":{"start":{"line":220,"column":12},"end":{"line":220,"column":64}},"105":{"start":{"line":225,"column":40},"end":{"line":225,"column":48}},"106":{"start":{"line":227,"column":8},"end":{"line":229,"column":9}},"107":{"start":{"line":228,"column":12},"end":{"line":228,"column":83}},"108":{"start":{"line":232,"column":8},"end":{"line":232,"column":49}},"109":{"start":{"line":236,"column":8},"end":{"line":252,"column":9}},"110":{"start":{"line":237,"column":12},"end":{"line":237,"column":36}},"111":{"start":{"line":239,"column":29},"end":{"line":243,"column":13}},"112":{"start":{"line":245,"column":12},"end":{"line":245,"column":55}},"113":{"start":{"line":248,"column":12},"end":{"line":248,"column":64}},"114":{"start":{"line":249,"column":12},"end":{"line":249,"column":61}},"115":{"start":{"line":251,"column":12},"end":{"line":251,"column":37}},"116":{"start":{"line":256,"column":8},"end":{"line":267,"column":11}},"117":{"start":{"line":257,"column":32},"end":{"line":257,"column":61}},"118":{"start":{"line":258,"column":12},"end":{"line":258,"column":85}},"119":{"start":{"line":260,"column":29},"end":{"line":260,"column":85}},"120":{"start":{"line":261,"column":12},"end":{"line":264,"column":14}},"121":{"start":{"line":266,"column":12},"end":{"line":266,"column":57}},"122":{"start":{"line":270,"column":8},"end":{"line":270,"column":73}},"123":{"start":{"line":275,"column":8},"end":{"line":277,"column":9}},"124":{"start":{"line":276,"column":12},"end":{"line":276,"column":40}},"125":{"start":{"line":280,"column":28},"end":{"line":280,"column":57}},"126":{"start":{"line":281,"column":8},"end":{"line":281,"column":66}},"127":{"start":{"line":284,"column":31},"end":{"line":284,"column":60}},"128":{"start":{"line":285,"column":8},"end":{"line":285,"column":70}},"129":{"start":{"line":286,"column":8},"end":{"line":286,"column":54}},"130":{"start":{"line":289,"column":32},"end":{"line":289,"column":61}},"131":{"start":{"line":290,"column":8},"end":{"line":290,"column":72}},"132":{"start":{"line":291,"column":8},"end":{"line":291,"column":66}},"133":{"start":{"line":293,"column":8},"end":{"line":293,"column":48}},"134":{"start":{"line":294,"column":8},"end":{"line":294,"column":49}},"135":{"start":{"line":295,"column":8},"end":{"line":295,"column":53}},"136":{"start":{"line":298,"column":8},"end":{"line":298,"column":48}},"137":{"start":{"line":301,"column":8},"end":{"line":301,"column":73}},"138":{"start":{"line":306,"column":8},"end":{"line":311,"column":36}},"139":{"start":{"line":316,"column":8},"end":{"line":329,"column":9}},"140":{"start":{"line":317,"column":12},"end":{"line":328,"column":13}},"141":{"start":{"line":318,"column":16},"end":{"line":325,"column":19}},"142":{"start":{"line":327,"column":16},"end":{"line":327,"column":62}},"143":{"start":{"line":332,"column":8},"end":{"line":336,"column":9}},"144":{"start":{"line":333,"column":12},"end":{"line":335,"column":15}},"145":{"start":{"line":334,"column":16},"end":{"line":334,"column":52}},"146":{"start":{"line":340,"column":25},"end":{"line":340,"column":54}},"147":{"start":{"line":341,"column":8},"end":{"line":341,"column":100}},"148":{"start":{"line":342,"column":8},"end":{"line":342,"column":39}},"149":{"start":{"line":343,"column":8},"end":{"line":343,"column":50}},"150":{"start":{"line":347,"column":8},"end":{"line":347,"column":65}},"151":{"start":{"line":351,"column":8},"end":{"line":351,"column":47}},"152":{"start":{"line":352,"column":8},"end":{"line":352,"column":43}},"153":{"start":{"line":353,"column":8},"end":{"line":355,"column":9}},"154":{"start":{"line":354,"column":12},"end":{"line":354,"column":64}},"155":{"start":{"line":356,"column":8},"end":{"line":356,"column":40}},"156":{"start":{"line":357,"column":8},"end":{"line":357,"column":38}},"157":{"start":{"line":358,"column":8},"end":{"line":358,"column":38}},"158":{"start":{"line":359,"column":8},"end":{"line":359,"column":41}},"159":{"start":{"line":360,"column":8},"end":{"line":360,"column":34}},"160":{"start":{"line":364,"column":8},"end":{"line":364,"column":54}},"161":{"start":{"line":365,"column":8},"end":{"line":365,"column":49}},"162":{"start":{"line":369,"column":8},"end":{"line":369,"column":51}},"163":{"start":{"line":370,"column":8},"end":{"line":370,"column":52}},"164":{"start":{"line":374,"column":23},"end":{"line":374,"column":57}},"165":{"start":{"line":375,"column":22},"end":{"line":375,"column":55}},"166":{"start":{"line":377,"column":8},"end":{"line":377,"column":41}},"167":{"start":{"line":378,"column":8},"end":{"line":378,"column":51}},"168":{"start":{"line":380,"column":8},"end":{"line":380,"column":28}},"169":{"start":{"line":381,"column":8},"end":{"line":381,"column":38}},"170":{"start":{"line":385,"column":8},"end":{"line":387,"column":9}},"171":{"start":{"line":386,"column":12},"end":{"line":386,"column":76}},"172":{"start":{"line":391,"column":8},"end":{"line":391,"column":37}},"173":{"start":{"line":392,"column":8},"end":{"line":392,"column":36}},"174":{"start":{"line":393,"column":8},"end":{"line":393,"column":46}},"175":{"start":{"line":398,"column":0},"end":{"line":400,"column":3}},"176":{"start":{"line":399,"column":4},"end":{"line":399,"column":27}}},"fnMap":{"0":{"name":"(anonymous_0)","decl":{"start":{"line":6,"column":4},"end":{"line":6,"column":5}},"loc":{"start":{"line":6,"column":18},"end":{"line":23,"column":5}},"line":6},"1":{"name":"(anonymous_1)","decl":{"start":{"line":25,"column":4},"end":{"line":25,"column":5}},"loc":{"start":{"line":25,"column":27},"end":{"line":52,"column":5}},"line":25},"2":{"name":"(anonymous_2)","decl":{"start":{"line":54,"column":4},"end":{"line":54,"column":5}},"loc":{"start":{"line":54,"column":17},"end":{"line":61,"column":5}},"line":54},"3":{"name":"(anonymous_3)","decl":{"start":{"line":63,"column":4},"end":{"line":63,"column":5}},"loc":{"start":{"line":63,"column":25},"end":{"line":85,"column":5}},"line":63},"4":{"name":"(anonymous_4)","decl":{"start":{"line":65,"column":51},"end":{"line":65,"column":52}},"loc":{"start":{"line":65,"column":57},"end":{"line":65,"column":75}},"line":65},"5":{"name":"(anonymous_5)","decl":{"start":{"line":66,"column":50},"end":{"line":66,"column":51}},"loc":{"start":{"line":66,"column":56},"end":{"line":66,"column":73}},"line":66},"6":{"name":"(anonymous_6)","decl":{"start":{"line":69,"column":54},"end":{"line":69,"column":55}},"loc":{"start":{"line":69,"column":60},"end":{"line":69,"column":79}},"line":69},"7":{"name":"(anonymous_7)","decl":{"start":{"line":70,"column":55},"end":{"line":70,"column":56}},"loc":{"start":{"line":70,"column":61},"end":{"line":70,"column":80}},"line":70},"8":{"name":"(anonymous_8)","decl":{"start":{"line":71,"column":57},"end":{"line":71,"column":58}},"loc":{"start":{"line":71,"column":63},"end":{"line":71,"column":82}},"line":71},"9":{"name":"(anonymous_9)","decl":{"start":{"line":74,"column":53},"end":{"line":74,"column":54}},"loc":{"start":{"line":74,"column":60},"end":{"line":78,"column":9}},"line":74},"10":{"name":"(anonymous_10)","decl":{"start":{"line":81,"column":48},"end":{"line":81,"column":49}},"loc":{"start":{"line":81,"column":54},"end":{"line":81,"column":68}},"line":81},"11":{"name":"(anonymous_11)","decl":{"start":{"line":84,"column":52},"end":{"line":84,"column":53}},"loc":{"start":{"line":84,"column":58},"end":{"line":84,"column":87}},"line":84},"12":{"name":"(anonymous_12)","decl":{"start":{"line":87,"column":4},"end":{"line":87,"column":5}},"loc":{"start":{"line":87,"column":27},"end":{"line":100,"column":5}},"line":87},"13":{"name":"(anonymous_13)","decl":{"start":{"line":89,"column":44},"end":{"line":89,"column":45}},"loc":{"start":{"line":89,"column":65},"end":{"line":91,"column":9}},"line":89},"14":{"name":"(anonymous_14)","decl":{"start":{"line":93,"column":48},"end":{"line":93,"column":49}},"loc":{"start":{"line":93,"column":67},"end":{"line":95,"column":9}},"line":93},"15":{"name":"(anonymous_15)","decl":{"start":{"line":97,"column":49},"end":{"line":97,"column":50}},"loc":{"start":{"line":97,"column":63},"end":{"line":99,"column":9}},"line":97},"16":{"name":"(anonymous_16)","decl":{"start":{"line":102,"column":4},"end":{"line":102,"column":5}},"loc":{"start":{"line":102,"column":19},"end":{"line":112,"column":5}},"line":102},"17":{"name":"(anonymous_17)","decl":{"start":{"line":114,"column":4},"end":{"line":114,"column":5}},"loc":{"start":{"line":114,"column":24},"end":{"line":143,"column":5}},"line":114},"18":{"name":"(anonymous_18)","decl":{"start":{"line":145,"column":4},"end":{"line":145,"column":5}},"loc":{"start":{"line":145,"column":17},"end":{"line":150,"column":5}},"line":145},"19":{"name":"(anonymous_19)","decl":{"start":{"line":152,"column":4},"end":{"line":152,"column":5}},"loc":{"start":{"line":152,"column":34},"end":{"line":164,"column":5}},"line":152},"20":{"name":"(anonymous_20)","decl":{"start":{"line":166,"column":4},"end":{"line":166,"column":5}},"loc":{"start":{"line":166,"column":44},"end":{"line":170,"column":5}},"line":166},"21":{"name":"(anonymous_21)","decl":{"start":{"line":172,"column":4},"end":{"line":172,"column":5}},"loc":{"start":{"line":172,"column":43},"end":{"line":180,"column":5}},"line":172},"22":{"name":"(anonymous_22)","decl":{"start":{"line":182,"column":4},"end":{"line":182,"column":5}},"loc":{"start":{"line":182,"column":44},"end":{"line":194,"column":5}},"line":182},"23":{"name":"(anonymous_23)","decl":{"start":{"line":196,"column":4},"end":{"line":196,"column":5}},"loc":{"start":{"line":196,"column":37},"end":{"line":204,"column":5}},"line":196},"24":{"name":"(anonymous_24)","decl":{"start":{"line":206,"column":4},"end":{"line":206,"column":5}},"loc":{"start":{"line":206,"column":40},"end":{"line":222,"column":5}},"line":206},"25":{"name":"(anonymous_25)","decl":{"start":{"line":224,"column":4},"end":{"line":224,"column":5}},"loc":{"start":{"line":224,"column":53},"end":{"line":233,"column":5}},"line":224},"26":{"name":"(anonymous_26)","decl":{"start":{"line":235,"column":4},"end":{"line":235,"column":5}},"loc":{"start":{"line":235,"column":56},"end":{"line":253,"column":5}},"line":235},"27":{"name":"(anonymous_27)","decl":{"start":{"line":255,"column":4},"end":{"line":255,"column":5}},"loc":{"start":{"line":255,"column":40},"end":{"line":271,"column":5}},"line":255},"28":{"name":"(anonymous_28)","decl":{"start":{"line":256,"column":26},"end":{"line":256,"column":27}},"loc":{"start":{"line":256,"column":38},"end":{"line":267,"column":9}},"line":256},"29":{"name":"(anonymous_29)","decl":{"start":{"line":273,"column":4},"end":{"line":273,"column":5}},"loc":{"start":{"line":273,"column":42},"end":{"line":302,"column":5}},"line":273},"30":{"name":"(anonymous_30)","decl":{"start":{"line":304,"column":4},"end":{"line":304,"column":5}},"loc":{"start":{"line":304,"column":25},"end":{"line":312,"column":5}},"line":304},"31":{"name":"(anonymous_31)","decl":{"start":{"line":314,"column":4},"end":{"line":314,"column":5}},"loc":{"start":{"line":314,"column":31},"end":{"line":337,"column":5}},"line":314},"32":{"name":"(anonymous_32)","decl":{"start":{"line":333,"column":57},"end":{"line":333,"column":58}},"loc":{"start":{"line":333,"column":66},"end":{"line":335,"column":13}},"line":333},"33":{"name":"(anonymous_33)","decl":{"start":{"line":339,"column":4},"end":{"line":339,"column":5}},"loc":{"start":{"line":339,"column":26},"end":{"line":344,"column":5}},"line":339},"34":{"name":"(anonymous_34)","decl":{"start":{"line":346,"column":4},"end":{"line":346,"column":5}},"loc":{"start":{"line":346,"column":23},"end":{"line":348,"column":5}},"line":346},"35":{"name":"(anonymous_35)","decl":{"start":{"line":350,"column":4},"end":{"line":350,"column":5}},"loc":{"start":{"line":350,"column":20},"end":{"line":361,"column":5}},"line":350},"36":{"name":"(anonymous_36)","decl":{"start":{"line":363,"column":4},"end":{"line":363,"column":5}},"loc":{"start":{"line":363,"column":19},"end":{"line":366,"column":5}},"line":363},"37":{"name":"(anonymous_37)","decl":{"start":{"line":368,"column":4},"end":{"line":368,"column":5}},"loc":{"start":{"line":368,"column":19},"end":{"line":371,"column":5}},"line":368},"38":{"name":"(anonymous_38)","decl":{"start":{"line":373,"column":4},"end":{"line":373,"column":5}},"loc":{"start":{"line":373,"column":19},"end":{"line":382,"column":5}},"line":373},"39":{"name":"(anonymous_39)","decl":{"start":{"line":384,"column":4},"end":{"line":384,"column":5}},"loc":{"start":{"line":384,"column":29},"end":{"line":388,"column":5}},"line":384},"40":{"name":"(anonymous_40)","decl":{"start":{"line":390,"column":4},"end":{"line":390,"column":5}},"loc":{"start":{"line":390,"column":14},"end":{"line":394,"column":5}},"line":390},"41":{"name":"(anonymous_41)","decl":{"start":{"line":398,"column":46},"end":{"line":398,"column":47}},"loc":{"start":{"line":398,"column":52},"end":{"line":400,"column":1}},"line":398}},"branchMap":{"0":{"loc":{"start":{"line":75,"column":12},"end":{"line":77,"column":13}},"type":"if","locations":[{"start":{"line":75,"column":12},"end":{"line":77,"column":13}},{"start":{},"end":{}}],"line":75},"1":{"loc":{"start":{"line":104,"column":23},"end":{"line":104,"column":67}},"type":"binary-expr","locations":[{"start":{"line":104,"column":23},"end":{"line":104,"column":61}},{"start":{"line":104,"column":65},"end":{"line":104,"column":67}}],"line":104},"2":{"loc":{"start":{"line":105,"column":22},"end":{"line":105,"column":70}},"type":"binary-expr","locations":[{"start":{"line":105,"column":22},"end":{"line":105,"column":64}},{"start":{"line":105,"column":68},"end":{"line":105,"column":70}}],"line":105},"3":{"loc":{"start":{"line":115,"column":8},"end":{"line":115,"column":51}},"type":"if","locations":[{"start":{"line":115,"column":8},"end":{"line":115,"column":51}},{"start":{},"end":{}}],"line":115},"4":{"loc":{"start":{"line":127,"column":29},"end":{"line":127,"column":77}},"type":"cond-expr","locations":[{"start":{"line":127,"column":55},"end":{"line":127,"column":62}},{"start":{"line":127,"column":65},"end":{"line":127,"column":77}}],"line":127},"5":{"loc":{"start":{"line":132,"column":12},"end":{"line":137,"column":13}},"type":"if","locations":[{"start":{"line":132,"column":12},"end":{"line":137,"column":13}},{"start":{"line":135,"column":19},"end":{"line":137,"column":13}}],"line":132},"6":{"loc":{"start":{"line":146,"column":8},"end":{"line":146,"column":52}},"type":"if","locations":[{"start":{"line":146,"column":8},"end":{"line":146,"column":52}},{"start":{},"end":{}}],"line":146},"7":{"loc":{"start":{"line":163,"column":37},"end":{"line":163,"column":86}},"type":"binary-expr","locations":[{"start":{"line":163,"column":37},"end":{"line":163,"column":58}},{"start":{"line":163,"column":62},"end":{"line":163,"column":86}}],"line":163},"8":{"loc":{"start":{"line":166,"column":23},"end":{"line":166,"column":42}},"type":"default-arg","locations":[{"start":{"line":166,"column":37},"end":{"line":166,"column":42}}],"line":166},"9":{"loc":{"start":{"line":173,"column":8},"end":{"line":179,"column":9}},"type":"if","locations":[{"start":{"line":173,"column":8},"end":{"line":179,"column":9}},{"start":{"line":176,"column":15},"end":{"line":179,"column":9}}],"line":173},"10":{"loc":{"start":{"line":178,"column":52},"end":{"line":178,"column":65}},"type":"binary-expr","locations":[{"start":{"line":178,"column":52},"end":{"line":178,"column":56}},{"start":{"line":178,"column":60},"end":{"line":178,"column":65}}],"line":178},"11":{"loc":{"start":{"line":215,"column":12},"end":{"line":217,"column":13}},"type":"if","locations":[{"start":{"line":215,"column":12},"end":{"line":217,"column":13}},{"start":{},"end":{}}],"line":215},"12":{"loc":{"start":{"line":215,"column":16},"end":{"line":215,"column":57}},"type":"binary-expr","locations":[{"start":{"line":215,"column":16},"end":{"line":215,"column":24}},{"start":{"line":215,"column":28},"end":{"line":215,"column":57}}],"line":215},"13":{"loc":{"start":{"line":227,"column":8},"end":{"line":229,"column":9}},"type":"if","locations":[{"start":{"line":227,"column":8},"end":{"line":229,"column":9}},{"start":{},"end":{}}],"line":227},"14":{"loc":{"start":{"line":275,"column":8},"end":{"line":277,"column":9}},"type":"if","locations":[{"start":{"line":275,"column":8},"end":{"line":277,"column":9}},{"start":{},"end":{}}],"line":275},"15":{"loc":{"start":{"line":275,"column":12},"end":{"line":275,"column":63}},"type":"binary-expr","locations":[{"start":{"line":275,"column":12},"end":{"line":275,"column":30}},{"start":{"line":275,"column":34},"end":{"line":275,"column":63}}],"line":275},"16":{"loc":{"start":{"line":316,"column":8},"end":{"line":329,"column":9}},"type":"if","locations":[{"start":{"line":316,"column":8},"end":{"line":329,"column":9}},{"start":{},"end":{}}],"line":316},"17":{"loc":{"start":{"line":332,"column":8},"end":{"line":336,"column":9}},"type":"if","locations":[{"start":{"line":332,"column":8},"end":{"line":336,"column":9}},{"start":{},"end":{}}],"line":332},"18":{"loc":{"start":{"line":347,"column":41},"end":{"line":347,"column":64}},"type":"cond-expr","locations":[{"start":{"line":347,"column":48},"end":{"line":347,"column":55}},{"start":{"line":347,"column":58},"end":{"line":347,"column":64}}],"line":347},"19":{"loc":{"start":{"line":353,"column":8},"end":{"line":355,"column":9}},"type":"if","locations":[{"start":{"line":353,"column":8},"end":{"line":355,"column":9}},{"start":{},"end":{}}],"line":353},"20":{"loc":{"start":{"line":385,"column":8},"end":{"line":387,"column":9}},"type":"if","locations":[{"start":{"line":385,"column":8},"end":{"line":387,"column":9}},{"start":{},"end":{}}],"line":385},"21":{"loc":{"start":{"line":385,"column":12},"end":{"line":385,"column":62}},"type":"binary-expr","locations":[{"start":{"line":385,"column":12},"end":{"line":385,"column":27}},{"start":{"line":385,"column":31},"end":{"line":385,"column":62}}],"line":385}},"s":{"0":0,"1":0,"2":0,"3":0,"4":0,"5":0,"6":0,"7":0,"8":0,"9":0,"10":0,"11":0,"12":0,"13":0,"14":0,"15":0,"16":0,"17":0,"18":0,"19":0,"20":0,"21":0,"22":0,"23":0,"24":0,"25":0,"26":0,"27":0,"28":0,"29":0,"30":0,"31":0,"32":0,"33":0,"34":0,"35":0,"36":0,"37":0,"38":0,"39":0,"40":0,"41":0,"42":0,"43":0,"44":0,"45":0,"46":0,"47":0,"48":0,"49":0,"50":0,"51":0,"52":0,"53":0,"54":0,"55":0,"56":0,"57":0,"58":0,"59":0,"60":0,"61":0,"62":0,"63":0,"64":0,"65":0,"66":0,"67":0,"68":0,"69":0,"70":0,"71":0,"72":0,"73":0,"74":0,"75":0,"76":0,"77":0,"78":0,"79":0,"80":0,"81":0,"82":0,"83":0,"84":0,"85":0,"86":0,"87":0,"88":0,"89":0,"90":0,"91":0,"92":0,"93":0,"94":0,"95":0,"96":0,"97":0,"98":0,"99":0,"100":0,"101":0,"102":0,"103":0,"104":0,"105":0,"106":0,"107":0,"108":0,"109":0,"110":0,"111":0,"112":0,"113":0,"114":0,"115":0,"116":0,"117":0,"118":0,"119":0,"120":0,"121":0,"122":0,"123":0,"124":0,"125":0,"126":0,"127":0,"128":0,"129":0,"130":0,"131":0,"132":0,"133":0,"134":0,"135":0,"136":0,"137":0,"138":0,"139":0,"140":0,"141":0,"142":0,"143":0,"144":0,"145":0,"146":0,"147":0,"148":0,"149":0,"150":0,"151":0,"152":0,"153":0,"154":0,"155":0,"156":0,"157":0,"158":0,"159":0,"160":0,"161":0,"162":0,"163":0,"164":0,"165":0,"166":0,"167":0,"168":0,"169":0,"170":0,"171":0,"172":0,"173":0,"174":0,"175":0,"176":0},"f":{"0":0,"1":0,"2":0,"3":0,"4":0,"5":0,"6":0,"7":0,"8":0,"9":0,"10":0,"11":0,"12":0,"13":0,"14":0,"15":0,"16":0,"17":0,"18":0,"19":0,"20":0,"21":0,"22":0,"23":0,"24":0,"25":0,"26":0,"27":0,"28":0,"29":0,"30":0,"31":0,"32":0,"33":0,"34":0,"35":0,"36":0,"37":0,"38":0,"39":0,"40":0,"41":0},"b":{"0":[0,0],"1":[0,0],"2":[0,0],"3":[0,0],"4":[0,0],"5":[0,0],"6":[0,0],"7":[0,0],"8":[0],"9":[0,0],"10":[0,0],"11":[0,0],"12":[0,0],"13":[0,0],"14":[0,0],"15":[0,0],"16":[0,0],"17":[0,0],"18":[0,0],"19":[0,0],"20":[0,0],"21":[0,0]}}
,"/workspace/js/audio-manager.js": {"path":"/workspace/js/audio-manager.js","statementMap":{"0":{"start":{"line":7,"column":8},"end":{"line":7,"column":33}},"1":{"start":{"line":8,"column":8},"end":{"line":8,"column":29}},"2":{"start":{"line":9,"column":8},"end":{"line":9,"column":35}},"3":{"start":{"line":10,"column":8},"end":{"line":10,"column":32}},"4":{"start":{"line":11,"column":8},"end":{"line":11,"column":35}},"5":{"start":{"line":19,"column":8},"end":{"line":27,"column":9}},"6":{"start":{"line":21,"column":12},"end":{"line":21,"column":38}},"7":{"start":{"line":22,"column":12},"end":{"line":22,"column":72}},"8":{"start":{"line":23,"column":12},"end":{"line":23,"column":24}},"9":{"start":{"line":25,"column":12},"end":{"line":25,"column":71}},"10":{"start":{"line":26,"column":12},"end":{"line":26,"column":25}},"11":{"start":{"line":35,"column":8},"end":{"line":38,"column":9}},"12":{"start":{"line":36,"column":12},"end":{"line":36,"column":57}},"13":{"start":{"line":37,"column":12},"end":{"line":37,"column":19}},"14":{"start":{"line":40,"column":8},"end":{"line":51,"column":9}},"15":{"start":{"line":42,"column":12},"end":{"line":42,"column":89}},"16":{"start":{"line":43,"column":12},"end":{"line":43,"column":63}},"17":{"start":{"line":44,"column":12},"end":{"line":44,"column":41}},"18":{"start":{"line":47,"column":12},"end":{"line":47,"column":41}},"19":{"start":{"line":48,"column":12},"end":{"line":48,"column":59}},"20":{"start":{"line":50,"column":12},"end":{"line":50,"column":69}},"21":{"start":{"line":55,"column":8},"end":{"line":57,"column":9}},"22":{"start":{"line":56,"column":12},"end":{"line":56,"column":47}},"23":{"start":{"line":59,"column":26},"end":{"line":59,"column":72}},"24":{"start":{"line":61,"column":8},"end":{"line":76,"column":16}},"25":{"start":{"line":62,"column":12},"end":{"line":62,"column":39}},"26":{"start":{"line":62,"column":32},"end":{"line":62,"column":39}},"27":{"start":{"line":64,"column":12},"end":{"line":64,"column":59}},"28":{"start":{"line":65,"column":22},"end":{"line":65,"column":23}},"29":{"start":{"line":66,"column":12},"end":{"line":69,"column":13}},"30":{"start":{"line":66,"column":25},"end":{"line":66,"column":26}},"31":{"start":{"line":67,"column":28},"end":{"line":67,"column":46}},"32":{"start":{"line":68,"column":16},"end":{"line":68,"column":33}},"33":{"start":{"line":70,"column":24},"end":{"line":70,"column":57}},"34":{"start":{"line":72,"column":12},"end":{"line":72,"column":41}},"35":{"start":{"line":73,"column":12},"end":{"line":75,"column":13}},"36":{"start":{"line":74,"column":16},"end":{"line":74,"column":43}},"37":{"start":{"line":80,"column":8},"end":{"line":83,"column":9}},"38":{"start":{"line":81,"column":12},"end":{"line":81,"column":47}},"39":{"start":{"line":82,"column":12},"end":{"line":82,"column":39}},"40":{"start":{"line":85,"column":8},"end":{"line":88,"column":9}},"41":{"start":{"line":86,"column":12},"end":{"line":86,"column":38}},"42":{"start":{"line":87,"column":12},"end":{"line":87,"column":37}},"43":{"start":{"line":90,"column":8},"end":{"line":90,"column":29}},"44":{"start":{"line":91,"column":8},"end":{"line":91,"column":32}},"45":{"start":{"line":92,"column":8},"end":{"line":92,"column":49}},"46":{"start":{"line":96,"column":8},"end":{"line":96,"column":32}},"47":{"start":{"line":97,"column":8},"end":{"line":97,"column":74}},"48":{"start":{"line":97,"column":37},"end":{"line":97,"column":72}},"49":{"start":{"line":98,"column":20},"end":{"line":98,"column":65}},"50":{"start":{"line":98,"column":56},"end":{"line":98,"column":61}},"51":{"start":{"line":99,"column":8},"end":{"line":99,"column":54}},"52":{"start":{"line":103,"column":8},"end":{"line":103,"column":54}},"53":{"start":{"line":103,"column":45},"end":{"line":103,"column":54}},"54":{"start":{"line":104,"column":20},"end":{"line":104,"column":65}},"55":{"start":{"line":104,"column":56},"end":{"line":104,"column":61}},"56":{"start":{"line":105,"column":8},"end":{"line":105,"column":47}},"57":{"start":{"line":109,"column":8},"end":{"line":109,"column":36}},"58":{"start":{"line":110,"column":8},"end":{"line":110,"column":35}},"59":{"start":{"line":111,"column":8},"end":{"line":111,"column":47}},"60":{"start":{"line":116,"column":0},"end":{"line":116,"column":35}}},"fnMap":{"0":{"name":"(anonymous_0)","decl":{"start":{"line":6,"column":4},"end":{"line":6,"column":5}},"loc":{"start":{"line":6,"column":18},"end":{"line":12,"column":5}},"line":6},"1":{"name":"(anonymous_1)","decl":{"start":{"line":18,"column":4},"end":{"line":18,"column":5}},"loc":{"start":{"line":18,"column":38},"end":{"line":28,"column":5}},"line":18},"2":{"name":"(anonymous_2)","decl":{"start":{"line":34,"column":4},"end":{"line":34,"column":5}},"loc":{"start":{"line":34,"column":26},"end":{"line":52,"column":5}},"line":34},"3":{"name":"(anonymous_3)","decl":{"start":{"line":54,"column":4},"end":{"line":54,"column":5}},"loc":{"start":{"line":54,"column":28},"end":{"line":77,"column":5}},"line":54},"4":{"name":"(anonymous_4)","decl":{"start":{"line":61,"column":42},"end":{"line":61,"column":43}},"loc":{"start":{"line":61,"column":48},"end":{"line":76,"column":9}},"line":61},"5":{"name":"(anonymous_5)","decl":{"start":{"line":79,"column":4},"end":{"line":79,"column":5}},"loc":{"start":{"line":79,"column":27},"end":{"line":93,"column":5}},"line":79},"6":{"name":"(anonymous_6)","decl":{"start":{"line":95,"column":4},"end":{"line":95,"column":5}},"loc":{"start":{"line":95,"column":40},"end":{"line":100,"column":5}},"line":95},"7":{"name":"(anonymous_7)","decl":{"start":{"line":97,"column":26},"end":{"line":97,"column":27}},"loc":{"start":{"line":97,"column":37},"end":{"line":97,"column":72}},"line":97},"8":{"name":"(anonymous_8)","decl":{"start":{"line":98,"column":46},"end":{"line":98,"column":47}},"loc":{"start":{"line":98,"column":56},"end":{"line":98,"column":61}},"line":98},"9":{"name":"(anonymous_9)","decl":{"start":{"line":102,"column":4},"end":{"line":102,"column":5}},"loc":{"start":{"line":102,"column":30},"end":{"line":106,"column":5}},"line":102},"10":{"name":"(anonymous_10)","decl":{"start":{"line":104,"column":46},"end":{"line":104,"column":47}},"loc":{"start":{"line":104,"column":56},"end":{"line":104,"column":61}},"line":104},"11":{"name":"(anonymous_11)","decl":{"start":{"line":108,"column":4},"end":{"line":108,"column":5}},"loc":{"start":{"line":108,"column":14},"end":{"line":112,"column":5}},"line":108}},"branchMap":{"0":{"loc":{"start":{"line":35,"column":8},"end":{"line":38,"column":9}},"type":"if","locations":[{"start":{"line":35,"column":8},"end":{"line":38,"column":9}},{"start":{},"end":{}}],"line":35},"1":{"loc":{"start":{"line":42,"column":37},"end":{"line":42,"column":85}},"type":"binary-expr","locations":[{"start":{"line":42,"column":37},"end":{"line":42,"column":56}},{"start":{"line":42,"column":60},"end":{"line":42,"column":85}}],"line":42},"2":{"loc":{"start":{"line":55,"column":8},"end":{"line":57,"column":9}},"type":"if","locations":[{"start":{"line":55,"column":8},"end":{"line":57,"column":9}},{"start":{},"end":{}}],"line":55},"3":{"loc":{"start":{"line":59,"column":41},"end":{"line":59,"column":71}},"type":"binary-expr","locations":[{"start":{"line":59,"column":41},"end":{"line":59,"column":63}},{"start":{"line":59,"column":67},"end":{"line":59,"column":71}}],"line":59},"4":{"loc":{"start":{"line":62,"column":12},"end":{"line":62,"column":39}},"type":"if","locations":[{"start":{"line":62,"column":12},"end":{"line":62,"column":39}},{"start":{},"end":{}}],"line":62},"5":{"loc":{"start":{"line":73,"column":12},"end":{"line":75,"column":13}},"type":"if","locations":[{"start":{"line":73,"column":12},"end":{"line":75,"column":13}},{"start":{},"end":{}}],"line":73},"6":{"loc":{"start":{"line":80,"column":8},"end":{"line":83,"column":9}},"type":"if","locations":[{"start":{"line":80,"column":8},"end":{"line":83,"column":9}},{"start":{},"end":{}}],"line":80},"7":{"loc":{"start":{"line":85,"column":8},"end":{"line":88,"column":9}},"type":"if","locations":[{"start":{"line":85,"column":8},"end":{"line":88,"column":9}},{"start":{},"end":{}}],"line":85},"8":{"loc":{"start":{"line":85,"column":12},"end":{"line":85,"column":69}},"type":"binary-expr","locations":[{"start":{"line":85,"column":12},"end":{"line":85,"column":29}},{"start":{"line":85,"column":33},"end":{"line":85,"column":69}}],"line":85},"9":{"loc":{"start":{"line":99,"column":22},"end":{"line":99,"column":52}},"type":"binary-expr","locations":[{"start":{"line":99,"column":22},"end":{"line":99,"column":47}},{"start":{"line":99,"column":51},"end":{"line":99,"column":52}}],"line":99},"10":{"loc":{"start":{"line":103,"column":8},"end":{"line":103,"column":54}},"type":"if","locations":[{"start":{"line":103,"column":8},"end":{"line":103,"column":54}},{"start":{},"end":{}}],"line":103}},"s":{"0":0,"1":0,"2":0,"3":0,"4":0,"5":0,"6":0,"7":0,"8":0,"9":0,"10":0,"11":0,"12":0,"13":0,"14":0,"15":0,"16":0,"17":0,"18":0,"19":0,"20":0,"21":0,"22":0,"23":0,"24":0,"25":0,"26":0,"27":0,"28":0,"29":0,"30":0,"31":0,"32":0,"33":0,"34":0,"35":0,"36":0,"37":0,"38":0,"39":0,"40":0,"41":0,"42":0,"43":0,"44":0,"45":0,"46":0,"47":0,"48":0,"49":0,"50":0,"51":0,"52":0,"53":0,"54":0,"55":0,"56":0,"57":0,"58":0,"59":0,"60":0},"f":{"0":0,"1":0,"2":0,"3":0,"4":0,"5":0,"6":0,"7":0,"8":0,"9":0,"10":0,"11":0},"b":{"0":[0,0],"1":[0,0],"2":[0,0],"3":[0,0],"4":[0,0],"5":[0,0],"6":[0,0],"7":[0,0],"8":[0,0],"9":[0,0],"10":[0,0]}}
,"/workspace/js/speech-recognition-manager.js": {"path":"/workspace/js/speech-recognition-manager.js","statementMap":{"0":{"start":{"line":7,"column":8},"end":{"line":7,"column":41}},"1":{"start":{"line":8,"column":8},"end":{"line":8,"column":32}},"2":{"start":{"line":9,"column":8},"end":{"line":9,"column":33}},"3":{"start":{"line":10,"column":8},"end":{"line":10,"column":38}},"4":{"start":{"line":11,"column":8},"end":{"line":11,"column":35}},"5":{"start":{"line":14,"column":8},"end":{"line":14,"column":38}},"6":{"start":{"line":15,"column":8},"end":{"line":15,"column":36}},"7":{"start":{"line":16,"column":8},"end":{"line":16,"column":45}},"8":{"start":{"line":17,"column":8},"end":{"line":17,"column":40}},"9":{"start":{"line":20,"column":8},"end":{"line":20,"column":33}},"10":{"start":{"line":21,"column":8},"end":{"line":21,"column":31}},"11":{"start":{"line":22,"column":8},"end":{"line":22,"column":39}},"12":{"start":{"line":23,"column":8},"end":{"line":23,"column":34}},"13":{"start":{"line":26,"column":8},"end":{"line":26,"column":34}},"14":{"start":{"line":27,"column":8},"end":{"line":27,"column":32}},"15":{"start":{"line":28,"column":8},"end":{"line":28,"column":30}},"16":{"start":{"line":29,"column":8},"end":{"line":29,"column":37}},"17":{"start":{"line":32,"column":8},"end":{"line":32,"column":39}},"18":{"start":{"line":33,"column":8},"end":{"line":33,"column":35}},"19":{"start":{"line":34,"column":8},"end":{"line":34,"column":40}},"20":{"start":{"line":36,"column":8},"end":{"line":36,"column":37}},"21":{"start":{"line":40,"column":34},"end":{"line":40,"column":92}},"22":{"start":{"line":42,"column":8},"end":{"line":45,"column":9}},"23":{"start":{"line":43,"column":12},"end":{"line":43,"column":78}},"24":{"start":{"line":44,"column":12},"end":{"line":44,"column":25}},"25":{"start":{"line":47,"column":8},"end":{"line":47,"column":51}},"26":{"start":{"line":48,"column":8},"end":{"line":48,"column":43}},"27":{"start":{"line":49,"column":8},"end":{"line":49,"column":47}},"28":{"start":{"line":51,"column":8},"end":{"line":51,"column":34}},"29":{"start":{"line":52,"column":8},"end":{"line":52,"column":54}},"30":{"start":{"line":53,"column":8},"end":{"line":53,"column":20}},"31":{"start":{"line":57,"column":8},"end":{"line":57,"column":38}},"32":{"start":{"line":57,"column":31},"end":{"line":57,"column":38}},"33":{"start":{"line":59,"column":8},"end":{"line":71,"column":10}},"34":{"start":{"line":60,"column":12},"end":{"line":60,"column":42}},"35":{"start":{"line":60,"column":35},"end":{"line":60,"column":42}},"36":{"start":{"line":62,"column":12},"end":{"line":62,"column":54}},"37":{"start":{"line":63,"column":12},"end":{"line":63,"column":63}},"38":{"start":{"line":65,"column":12},"end":{"line":68,"column":13}},"39":{"start":{"line":66,"column":16},"end":{"line":66,"column":42}},"40":{"start":{"line":67,"column":16},"end":{"line":67,"column":45}},"41":{"start":{"line":70,"column":12},"end":{"line":70,"column":31}},"42":{"start":{"line":73,"column":8},"end":{"line":88,"column":10}},"43":{"start":{"line":74,"column":12},"end":{"line":74,"column":52}},"44":{"start":{"line":75,"column":12},"end":{"line":75,"column":34}},"45":{"start":{"line":77,"column":12},"end":{"line":85,"column":13}},"46":{"start":{"line":78,"column":16},"end":{"line":78,"column":43}},"47":{"start":{"line":79,"column":16},"end":{"line":79,"column":41}},"48":{"start":{"line":80,"column":16},"end":{"line":83,"column":40}},"49":{"start":{"line":81,"column":20},"end":{"line":81,"column":46}},"50":{"start":{"line":82,"column":20},"end":{"line":82,"column":44}},"51":{"start":{"line":84,"column":16},"end":{"line":84,"column":23}},"52":{"start":{"line":87,"column":12},"end":{"line":87,"column":33}},"53":{"start":{"line":90,"column":8},"end":{"line":93,"column":10}},"54":{"start":{"line":91,"column":12},"end":{"line":91,"column":68}},"55":{"start":{"line":92,"column":12},"end":{"line":92,"column":68}},"56":{"start":{"line":95,"column":8},"end":{"line":97,"column":10}},"57":{"start":{"line":96,"column":12},"end":{"line":96,"column":48}},"58":{"start":{"line":101,"column":8},"end":{"line":101,"column":40}},"59":{"start":{"line":102,"column":8},"end":{"line":105,"column":35}},"60":{"start":{"line":103,"column":12},"end":{"line":103,"column":38}},"61":{"start":{"line":104,"column":12},"end":{"line":104,"column":36}},"62":{"start":{"line":107,"column":32},"end":{"line":107,"column":34}},"63":{"start":{"line":109,"column":8},"end":{"line":133,"column":9}},"64":{"start":{"line":109,"column":21},"end":{"line":109,"column":38}},"65":{"start":{"line":110,"column":35},"end":{"line":110,"column":65}},"66":{"start":{"line":112,"column":12},"end":{"line":132,"column":13}},"67":{"start":{"line":113,"column":16},"end":{"line":129,"column":17}},"68":{"start":{"line":114,"column":20},"end":{"line":114,"column":102}},"69":{"start":{"line":116,"column":20},"end":{"line":128,"column":21}},"70":{"start":{"line":117,"column":24},"end":{"line":117,"column":68}},"71":{"start":{"line":118,"column":24},"end":{"line":118,"column":50}},"72":{"start":{"line":119,"column":24},"end":{"line":119,"column":62}},"73":{"start":{"line":121,"column":24},"end":{"line":121,"column":62}},"74":{"start":{"line":122,"column":24},"end":{"line":127,"column":58}},"75":{"start":{"line":123,"column":28},"end":{"line":126,"column":29}},"76":{"start":{"line":124,"column":32},"end":{"line":124,"column":83}},"77":{"start":{"line":125,"column":32},"end":{"line":125,"column":58}},"78":{"start":{"line":131,"column":16},"end":{"line":131,"column":52}},"79":{"start":{"line":135,"column":8},"end":{"line":135,"column":45}},"80":{"start":{"line":136,"column":8},"end":{"line":136,"column":36}},"81":{"start":{"line":140,"column":8},"end":{"line":140,"column":64}},"82":{"start":{"line":140,"column":51},"end":{"line":140,"column":64}},"83":{"start":{"line":142,"column":8},"end":{"line":142,"column":41}},"84":{"start":{"line":144,"column":8},"end":{"line":158,"column":9}},"85":{"start":{"line":146,"column":12},"end":{"line":146,"column":64}},"86":{"start":{"line":148,"column":12},"end":{"line":148,"column":36}},"87":{"start":{"line":149,"column":12},"end":{"line":149,"column":42}},"88":{"start":{"line":150,"column":12},"end":{"line":150,"column":37}},"89":{"start":{"line":152,"column":12},"end":{"line":152,"column":70}},"90":{"start":{"line":153,"column":12},"end":{"line":153,"column":24}},"91":{"start":{"line":155,"column":12},"end":{"line":155,"column":63}},"92":{"start":{"line":156,"column":12},"end":{"line":156,"column":72}},"93":{"start":{"line":157,"column":12},"end":{"line":157,"column":25}},"94":{"start":{"line":162,"column":8},"end":{"line":162,"column":59}},"95":{"start":{"line":162,"column":52},"end":{"line":162,"column":59}},"96":{"start":{"line":164,"column":8},"end":{"line":164,"column":33}},"97":{"start":{"line":165,"column":8},"end":{"line":165,"column":32}},"98":{"start":{"line":166,"column":8},"end":{"line":166,"column":49}},"99":{"start":{"line":168,"column":8},"end":{"line":171,"column":9}},"100":{"start":{"line":169,"column":12},"end":{"line":169,"column":63}},"101":{"start":{"line":170,"column":12},"end":{"line":170,"column":38}},"102":{"start":{"line":173,"column":8},"end":{"line":173,"column":52}},"103":{"start":{"line":174,"column":8},"end":{"line":174,"column":26}},"104":{"start":{"line":175,"column":8},"end":{"line":175,"column":41}},"105":{"start":{"line":179,"column":8},"end":{"line":179,"column":57}},"106":{"start":{"line":179,"column":50},"end":{"line":179,"column":57}},"107":{"start":{"line":181,"column":8},"end":{"line":181,"column":43}},"108":{"start":{"line":182,"column":8},"end":{"line":182,"column":45}},"109":{"start":{"line":183,"column":8},"end":{"line":183,"column":53}},"110":{"start":{"line":187,"column":28},"end":{"line":187,"column":80}},"111":{"start":{"line":188,"column":8},"end":{"line":188,"column":54}},"112":{"start":{"line":192,"column":8},"end":{"line":192,"column":30}},"113":{"start":{"line":194,"column":8},"end":{"line":196,"column":36}},"114":{"start":{"line":195,"column":12},"end":{"line":195,"column":36}},"115":{"start":{"line":198,"column":8},"end":{"line":201,"column":32}},"116":{"start":{"line":199,"column":12},"end":{"line":199,"column":38}},"117":{"start":{"line":200,"column":12},"end":{"line":200,"column":36}},"118":{"start":{"line":205,"column":23},"end":{"line":207,"column":9}},"119":{"start":{"line":209,"column":8},"end":{"line":215,"column":11}},"120":{"start":{"line":210,"column":12},"end":{"line":214,"column":13}},"121":{"start":{"line":211,"column":16},"end":{"line":211,"column":42}},"122":{"start":{"line":212,"column":16},"end":{"line":212,"column":43}},"123":{"start":{"line":213,"column":16},"end":{"line":213,"column":35}},"124":{"start":{"line":219,"column":8},"end":{"line":222,"column":9}},"125":{"start":{"line":220,"column":12},"end":{"line":220,"column":63}},"126":{"start":{"line":221,"column":12},"end":{"line":221,"column":38}},"127":{"start":{"line":226,"column":8},"end":{"line":226,"column":34}},"128":{"start":{"line":227,"column":8},"end":{"line":227,"column":32}},"129":{"start":{"line":228,"column":8},"end":{"line":228,"column":30}},"130":{"start":{"line":229,"column":8},"end":{"line":229,"column":37}},"131":{"start":{"line":230,"column":8},"end":{"line":230,"column":36}},"132":{"start":{"line":234,"column":8},"end":{"line":234,"column":38}},"133":{"start":{"line":235,"column":8},"end":{"line":235,"column":35}},"134":{"start":{"line":236,"column":8},"end":{"line":236,"column":32}},"135":{"start":{"line":237,"column":8},"end":{"line":237,"column":30}},"136":{"start":{"line":238,"column":8},"end":{"line":238,"column":36}},"137":{"start":{"line":242,"column":8},"end":{"line":242,"column":29}},"138":{"start":{"line":243,"column":8},"end":{"line":243,"column":30}},"139":{"start":{"line":244,"column":8},"end":{"line":244,"column":36}},"140":{"start":{"line":245,"column":8},"end":{"line":245,"column":59}},"141":{"start":{"line":250,"column":0},"end":{"line":250,"column":59}}},"fnMap":{"0":{"name":"(anonymous_0)","decl":{"start":{"line":6,"column":4},"end":{"line":6,"column":5}},"loc":{"start":{"line":6,"column":30},"end":{"line":37,"column":5}},"line":6},"1":{"name":"(anonymous_1)","decl":{"start":{"line":39,"column":4},"end":{"line":39,"column":5}},"loc":{"start":{"line":39,"column":28},"end":{"line":54,"column":5}},"line":39},"2":{"name":"(anonymous_2)","decl":{"start":{"line":56,"column":4},"end":{"line":56,"column":5}},"loc":{"start":{"line":56,"column":25},"end":{"line":98,"column":5}},"line":56},"3":{"name":"(anonymous_3)","decl":{"start":{"line":59,"column":35},"end":{"line":59,"column":36}},"loc":{"start":{"line":59,"column":41},"end":{"line":71,"column":9}},"line":59},"4":{"name":"(anonymous_4)","decl":{"start":{"line":73,"column":33},"end":{"line":73,"column":34}},"loc":{"start":{"line":73,"column":39},"end":{"line":88,"column":9}},"line":73},"5":{"name":"(anonymous_5)","decl":{"start":{"line":80,"column":46},"end":{"line":80,"column":47}},"loc":{"start":{"line":80,"column":52},"end":{"line":83,"column":17}},"line":80},"6":{"name":"(anonymous_6)","decl":{"start":{"line":90,"column":35},"end":{"line":90,"column":36}},"loc":{"start":{"line":90,"column":46},"end":{"line":93,"column":9}},"line":90},"7":{"name":"(anonymous_7)","decl":{"start":{"line":95,"column":36},"end":{"line":95,"column":37}},"loc":{"start":{"line":95,"column":47},"end":{"line":97,"column":9}},"line":95},"8":{"name":"(anonymous_8)","decl":{"start":{"line":100,"column":4},"end":{"line":100,"column":5}},"loc":{"start":{"line":100,"column":35},"end":{"line":137,"column":5}},"line":100},"9":{"name":"(anonymous_9)","decl":{"start":{"line":102,"column":39},"end":{"line":102,"column":40}},"loc":{"start":{"line":102,"column":45},"end":{"line":105,"column":9}},"line":102},"10":{"name":"(anonymous_10)","decl":{"start":{"line":122,"column":61},"end":{"line":122,"column":62}},"loc":{"start":{"line":122,"column":67},"end":{"line":127,"column":25}},"line":122},"11":{"name":"(anonymous_11)","decl":{"start":{"line":139,"column":4},"end":{"line":139,"column":5}},"loc":{"start":{"line":139,"column":45},"end":{"line":159,"column":5}},"line":139},"12":{"name":"(anonymous_12)","decl":{"start":{"line":161,"column":4},"end":{"line":161,"column":5}},"loc":{"start":{"line":161,"column":20},"end":{"line":176,"column":5}},"line":161},"13":{"name":"(anonymous_13)","decl":{"start":{"line":178,"column":4},"end":{"line":178,"column":5}},"loc":{"start":{"line":178,"column":31},"end":{"line":184,"column":5}},"line":178},"14":{"name":"(anonymous_14)","decl":{"start":{"line":186,"column":4},"end":{"line":186,"column":5}},"loc":{"start":{"line":186,"column":27},"end":{"line":189,"column":5}},"line":186},"15":{"name":"(anonymous_15)","decl":{"start":{"line":191,"column":4},"end":{"line":191,"column":5}},"loc":{"start":{"line":191,"column":18},"end":{"line":202,"column":5}},"line":191},"16":{"name":"(anonymous_16)","decl":{"start":{"line":194,"column":41},"end":{"line":194,"column":42}},"loc":{"start":{"line":194,"column":47},"end":{"line":196,"column":9}},"line":194},"17":{"name":"(anonymous_17)","decl":{"start":{"line":198,"column":38},"end":{"line":198,"column":39}},"loc":{"start":{"line":198,"column":44},"end":{"line":201,"column":9}},"line":198},"18":{"name":"(anonymous_18)","decl":{"start":{"line":204,"column":4},"end":{"line":204,"column":5}},"loc":{"start":{"line":204,"column":21},"end":{"line":216,"column":5}},"line":204},"19":{"name":"(anonymous_19)","decl":{"start":{"line":209,"column":23},"end":{"line":209,"column":24}},"loc":{"start":{"line":209,"column":32},"end":{"line":215,"column":9}},"line":209},"20":{"name":"(anonymous_20)","decl":{"start":{"line":218,"column":4},"end":{"line":218,"column":5}},"loc":{"start":{"line":218,"column":23},"end":{"line":223,"column":5}},"line":218},"21":{"name":"(anonymous_21)","decl":{"start":{"line":225,"column":4},"end":{"line":225,"column":5}},"loc":{"start":{"line":225,"column":25},"end":{"line":231,"column":5}},"line":225},"22":{"name":"(anonymous_22)","decl":{"start":{"line":233,"column":4},"end":{"line":233,"column":5}},"loc":{"start":{"line":233,"column":17},"end":{"line":239,"column":5}},"line":233},"23":{"name":"(anonymous_23)","decl":{"start":{"line":241,"column":4},"end":{"line":241,"column":5}},"loc":{"start":{"line":241,"column":14},"end":{"line":246,"column":5}},"line":241}},"branchMap":{"0":{"loc":{"start":{"line":40,"column":34},"end":{"line":40,"column":92}},"type":"binary-expr","locations":[{"start":{"line":40,"column":34},"end":{"line":40,"column":58}},{"start":{"line":40,"column":62},"end":{"line":40,"column":92}}],"line":40},"1":{"loc":{"start":{"line":42,"column":8},"end":{"line":45,"column":9}},"type":"if","locations":[{"start":{"line":42,"column":8},"end":{"line":45,"column":9}},{"start":{},"end":{}}],"line":42},"2":{"loc":{"start":{"line":57,"column":8},"end":{"line":57,"column":38}},"type":"if","locations":[{"start":{"line":57,"column":8},"end":{"line":57,"column":38}},{"start":{},"end":{}}],"line":57},"3":{"loc":{"start":{"line":60,"column":12},"end":{"line":60,"column":42}},"type":"if","locations":[{"start":{"line":60,"column":12},"end":{"line":60,"column":42}},{"start":{},"end":{}}],"line":60},"4":{"loc":{"start":{"line":65,"column":12},"end":{"line":68,"column":13}},"type":"if","locations":[{"start":{"line":65,"column":12},"end":{"line":68,"column":13}},{"start":{},"end":{}}],"line":65},"5":{"loc":{"start":{"line":77,"column":12},"end":{"line":85,"column":13}},"type":"if","locations":[{"start":{"line":77,"column":12},"end":{"line":85,"column":13}},{"start":{},"end":{}}],"line":77},"6":{"loc":{"start":{"line":77,"column":16},"end":{"line":77,"column":54}},"type":"binary-expr","locations":[{"start":{"line":77,"column":16},"end":{"line":77,"column":34}},{"start":{"line":77,"column":38},"end":{"line":77,"column":54}}],"line":77},"7":{"loc":{"start":{"line":112,"column":12},"end":{"line":132,"column":13}},"type":"if","locations":[{"start":{"line":112,"column":12},"end":{"line":132,"column":13}},{"start":{"line":130,"column":19},"end":{"line":132,"column":13}}],"line":112},"8":{"loc":{"start":{"line":113,"column":16},"end":{"line":129,"column":17}},"type":"if","locations":[{"start":{"line":113,"column":16},"end":{"line":129,"column":17}},{"start":{},"end":{}}],"line":113},"9":{"loc":{"start":{"line":114,"column":45},"end":{"line":114,"column":76}},"type":"cond-expr","locations":[{"start":{"line":114,"column":68},"end":{"line":114,"column":71}},{"start":{"line":114,"column":74},"end":{"line":114,"column":76}}],"line":114},"10":{"loc":{"start":{"line":116,"column":20},"end":{"line":128,"column":21}},"type":"if","locations":[{"start":{"line":116,"column":20},"end":{"line":128,"column":21}},{"start":{"line":120,"column":27},"end":{"line":128,"column":21}}],"line":116},"11":{"loc":{"start":{"line":123,"column":28},"end":{"line":126,"column":29}},"type":"if","locations":[{"start":{"line":123,"column":28},"end":{"line":126,"column":29}},{"start":{},"end":{}}],"line":123},"12":{"loc":{"start":{"line":139,"column":25},"end":{"line":139,"column":43}},"type":"default-arg","locations":[{"start":{"line":139,"column":36},"end":{"line":139,"column":43}}],"line":139},"13":{"loc":{"start":{"line":140,"column":8},"end":{"line":140,"column":64}},"type":"if","locations":[{"start":{"line":140,"column":8},"end":{"line":140,"column":64}},{"start":{},"end":{}}],"line":140},"14":{"loc":{"start":{"line":140,"column":12},"end":{"line":140,"column":49}},"type":"binary-expr","locations":[{"start":{"line":140,"column":12},"end":{"line":140,"column":28}},{"start":{"line":140,"column":32},"end":{"line":140,"column":49}}],"line":140},"15":{"loc":{"start":{"line":162,"column":8},"end":{"line":162,"column":59}},"type":"if","locations":[{"start":{"line":162,"column":8},"end":{"line":162,"column":59}},{"start":{},"end":{}}],"line":162},"16":{"loc":{"start":{"line":162,"column":12},"end":{"line":162,"column":50}},"type":"binary-expr","locations":[{"start":{"line":162,"column":12},"end":{"line":162,"column":29}},{"start":{"line":162,"column":33},"end":{"line":162,"column":50}}],"line":162},"17":{"loc":{"start":{"line":168,"column":8},"end":{"line":171,"column":9}},"type":"if","locations":[{"start":{"line":168,"column":8},"end":{"line":171,"column":9}},{"start":{},"end":{}}],"line":168},"18":{"loc":{"start":{"line":179,"column":8},"end":{"line":179,"column":57}},"type":"if","locations":[{"start":{"line":179,"column":8},"end":{"line":179,"column":57}},{"start":{},"end":{}}],"line":179},"19":{"loc":{"start":{"line":210,"column":12},"end":{"line":214,"column":13}},"type":"if","locations":[{"start":{"line":210,"column":12},"end":{"line":214,"column":13}},{"start":{},"end":{}}],"line":210},"20":{"loc":{"start":{"line":219,"column":8},"end":{"line":222,"column":9}},"type":"if","locations":[{"start":{"line":219,"column":8},"end":{"line":222,"column":9}},{"start":{},"end":{}}],"line":219}},"s":{"0":0,"1":0,"2":0,"3":0,"4":0,"5":0,"6":0,"7":0,"8":0,"9":0,"10":0,"11":0,"12":0,"13":0,"14":0,"15":0,"16":0,"17":0,"18":0,"19":0,"20":0,"21":0,"22":0,"23":0,"24":0,"25":0,"26":0,"27":0,"28":0,"29":0,"30":0,"31":0,"32":0,"33":0,"34":0,"35":0,"36":0,"37":0,"38":0,"39":0,"40":0,"41":0,"42":0,"43":0,"44":0,"45":0,"46":0,"47":0,"48":0,"49":0,"50":0,"51":0,"52":0,"53":0,"54":0,"55":0,"56":0,"57":0,"58":0,"59":0,"60":0,"61":0,"62":0,"63":0,"64":0,"65":0,"66":0,"67":0,"68":0,"69":0,"70":0,"71":0,"72":0,"73":0,"74":0,"75":0,"76":0,"77":0,"78":0,"79":0,"80":0,"81":0,"82":0,"83":0,"84":0,"85":0,"86":0,"87":0,"88":0,"89":0,"90":0,"91":0,"92":0,"93":0,"94":0,"95":0,"96":0,"97":0,"98":0,"99":0,"100":0,"101":0,"102":0,"103":0,"104":0,"105":0,"106":0,"107":0,"108":0,"109":0,"110":0,"111":0,"112":0,"113":0,"114":0,"115":0,"116":0,"117":0,"118":0,"119":0,"120":0,"121":0,"122":0,"123":0,"124":0,"125":0,"126":0,"127":0,"128":0,"129":0,"130":0,"131":0,"132":0,"133":0,"134":0,"135":0,"136":0,"137":0,"138":0,"139":0,"140":0,"141":0},"f":{"0":0,"1":0,"2":0,"3":0,"4":0,"5":0,"6":0,"7":0,"8":0,"9":0,"10":0,"11":0,"12":0,"13":0,"14":0,"15":0,"16":0,"17":0,"18":0,"19":0,"20":0,"21":0,"22":0,"23":0},"b":{"0":[0,0],"1":[0,0],"2":[0,0],"3":[0,0],"4":[0,0],"5":[0,0],"6":[0,0],"7":[0,0],"8":[0,0],"9":[0,0],"10":[0,0],"11":[0,0],"12":[0],"13":[0,0],"14":[0,0],"15":[0,0],"16":[0,0],"17":[0,0],"18":[0,0],"19":[0,0],"20":[0,0]}}
}
