TN:
SF:server.js
FN:11,(anonymous_0)
FN:11,(anonymous_1)
FN:45,(anonymous_2)
FN:49,(anonymous_3)
FN:58,(anonymous_4)
FN:65,handleAudioMessage
FN:83,processAudioChunk
FN:99,broadcastToClients
FN:101,(anonymous_8)
FN:109,startAudioRecording
FN:116,stopAudioRecording
FN:123,setPersonType
FN:129,getCacheKey
FN:133,isValidCacheEntry
FN:138,(anonymous_14)
FN:244,(anonymous_15)
FN:253,(anonymous_16)
FN:261,(anonymous_17)
FN:269,(anonymous_18)
FN:279,(anonymous_19)
FN:285,(anonymous_20)
FN:291,(anonymous_21)
FN:314,(anonymous_22)
FN:337,(anonymous_23)
FN:355,(anonymous_24)
FN:361,(anonymous_25)
FNF:26
FNH:1
FNDA:0,(anonymous_0)
FNDA:0,(anonymous_1)
FNDA:0,(anonymous_2)
FNDA:0,(anonymous_3)
FNDA:0,(anonymous_4)
FNDA:0,handleAudioMessage
FNDA:0,processAudioChunk
FNDA:0,broadcastToClients
FNDA:0,(anonymous_8)
FNDA:0,startAudioRecording
FNDA:0,stopAudioRecording
FNDA:0,setPersonType
FNDA:0,getCacheKey
FNDA:0,isValidCacheEntry
FNDA:8,(anonymous_14)
FNDA:0,(anonymous_15)
FNDA:0,(anonymous_16)
FNDA:0,(anonymous_17)
FNDA:0,(anonymous_18)
FNDA:0,(anonymous_19)
FNDA:0,(anonymous_20)
FNDA:0,(anonymous_21)
FNDA:0,(anonymous_22)
FNDA:0,(anonymous_23)
FNDA:0,(anonymous_24)
FNDA:0,(anonymous_25)
DA:1,1
DA:2,1
DA:3,1
DA:4,1
DA:5,1
DA:6,1
DA:7,1
DA:9,1
DA:10,1
DA:11,0
DA:14,1
DA:15,1
DA:16,1
DA:17,1
DA:20,1
DA:28,1
DA:29,1
DA:32,1
DA:40,1
DA:41,1
DA:42,1
DA:45,1
DA:46,0
DA:47,0
DA:49,0
DA:50,0
DA:51,0
DA:52,0
DA:54,0
DA:58,0
DA:59,0
DA:60,0
DA:66,0
DA:68,0
DA:69,0
DA:71,0
DA:72,0
DA:74,0
DA:75,0
DA:77,0
DA:78,0
DA:84,0
DA:87,0
DA:95,0
DA:100,0
DA:101,0
DA:102,0
DA:103,0
DA:110,0
DA:111,0
DA:112,0
DA:117,0
DA:118,0
DA:119,0
DA:124,0
DA:125,0
DA:130,0
DA:134,0
DA:138,1
DA:139,8
DA:140,8
DA:141,8
DA:152,0
DA:154,0
DA:155,0
DA:156,0
DA:158,0
DA:159,0
DA:160,0
DA:164,0
DA:181,0
DA:182,0
DA:183,0
DA:185,0
DA:186,0
DA:187,0
DA:192,0
DA:193,0
DA:199,0
DA:201,0
DA:202,0
DA:203,0
DA:205,0
DA:206,0
DA:208,0
DA:211,0
DA:214,0
DA:215,0
DA:216,0
DA:222,0
DA:223,0
DA:224,0
DA:225,0
DA:231,0
DA:234,0
DA:235,0
DA:244,1
DA:245,0
DA:253,1
DA:254,0
DA:261,1
DA:262,0
DA:263,0
DA:269,1
DA:270,0
DA:279,1
DA:280,0
DA:281,0
DA:285,1
DA:286,0
DA:287,0
DA:291,1
DA:292,0
DA:293,0
DA:296,0
DA:297,0
DA:299,0
DA:305,0
DA:314,1
DA:315,0
DA:316,0
DA:319,0
DA:320,0
DA:322,0
DA:328,0
DA:337,1
DA:338,0
DA:355,1
DA:356,0
DA:360,1
DA:361,0
DA:362,0
DA:363,0
DA:364,0
DA:369,1
LF:135
LH:37
BRDA:10,0,0,0
BRDA:10,0,1,1
BRDA:17,1,0,1
BRDA:17,1,1,1
BRDA:66,2,0,0
BRDA:66,2,1,0
BRDA:66,2,2,0
BRDA:66,2,3,0
BRDA:92,3,0,0
BRDA:92,3,1,0
BRDA:102,4,0,0
BRDA:102,4,1,0
BRDA:140,5,0,8
BRDA:140,5,1,0
BRDA:140,6,0,8
BRDA:140,6,1,0
BRDA:154,7,0,0
BRDA:154,7,1,0
BRDA:158,8,0,0
BRDA:158,8,1,0
BRDA:158,9,0,0
BRDA:158,9,1,0
BRDA:174,10,0,0
BRDA:174,10,1,0
BRDA:175,11,0,0
BRDA:175,11,1,0
BRDA:176,12,0,0
BRDA:176,12,1,0
BRDA:177,13,0,0
BRDA:177,13,1,0
BRDA:181,14,0,0
BRDA:181,14,1,0
BRDA:187,15,0,0
BRDA:187,15,1,0
BRDA:199,16,0,0
BRDA:199,16,1,0
BRDA:214,17,0,0
BRDA:214,17,1,0
BRDA:214,18,0,0
BRDA:214,18,1,0
BRDA:222,19,0,0
BRDA:222,19,1,0
BRDA:224,20,0,0
BRDA:224,20,1,0
BRDA:238,21,0,0
BRDA:238,21,1,0
BRDA:292,22,0,0
BRDA:292,22,1,0
BRDA:315,23,0,0
BRDA:315,23,1,0
BRDA:360,24,0,0
BRDA:360,24,1,1
BRF:52
BRH:6
end_of_record
TN:
SF:js/ai-service.js
FN:6,(anonymous_0)
FN:13,(anonymous_1)
FN:18,(anonymous_2)
FN:23,(anonymous_3)
FN:45,(anonymous_4)
FN:52,(anonymous_5)
FN:97,(anonymous_6)
FN:122,(anonymous_7)
FN:131,(anonymous_8)
FN:137,(anonymous_9)
FN:255,(anonymous_10)
FN:289,(anonymous_11)
FN:317,(anonymous_12)
FN:319,(anonymous_13)
FN:322,(anonymous_14)
FN:405,(anonymous_15)
FN:416,(anonymous_16)
FN:419,(anonymous_17)
FN:425,(anonymous_18)
FN:458,(anonymous_19)
FN:527,(anonymous_20)
FN:538,(anonymous_21)
FN:583,(anonymous_22)
FN:620,(anonymous_23)
FN:635,(anonymous_24)
FN:670,(anonymous_25)
FN:678,(anonymous_26)
FN:717,(anonymous_27)
FN:722,(anonymous_28)
FN:734,(anonymous_29)
FN:758,(anonymous_30)
FNF:31
FNH:0
FNDA:0,(anonymous_0)
FNDA:0,(anonymous_1)
FNDA:0,(anonymous_2)
FNDA:0,(anonymous_3)
FNDA:0,(anonymous_4)
FNDA:0,(anonymous_5)
FNDA:0,(anonymous_6)
FNDA:0,(anonymous_7)
FNDA:0,(anonymous_8)
FNDA:0,(anonymous_9)
FNDA:0,(anonymous_10)
FNDA:0,(anonymous_11)
FNDA:0,(anonymous_12)
FNDA:0,(anonymous_13)
FNDA:0,(anonymous_14)
FNDA:0,(anonymous_15)
FNDA:0,(anonymous_16)
FNDA:0,(anonymous_17)
FNDA:0,(anonymous_18)
FNDA:0,(anonymous_19)
FNDA:0,(anonymous_20)
FNDA:0,(anonymous_21)
FNDA:0,(anonymous_22)
FNDA:0,(anonymous_23)
FNDA:0,(anonymous_24)
FNDA:0,(anonymous_25)
FNDA:0,(anonymous_26)
FNDA:0,(anonymous_27)
FNDA:0,(anonymous_28)
FNDA:0,(anonymous_29)
FNDA:0,(anonymous_30)
DA:7,0
DA:8,0
DA:9,0
DA:10,0
DA:14,0
DA:15,0
DA:19,0
DA:20,0
DA:24,0
DA:25,0
DA:28,0
DA:29,0
DA:33,0
DA:34,0
DA:37,0
DA:38,0
DA:40,0
DA:41,0
DA:47,0
DA:48,0
DA:52,0
DA:53,0
DA:54,0
DA:56,0
DA:57,0
DA:59,0
DA:60,0
DA:62,0
DA:63,0
DA:64,0
DA:68,0
DA:74,0
DA:75,0
DA:78,0
DA:79,0
DA:83,0
DA:84,0
DA:86,0
DA:89,0
DA:90,0
DA:96,0
DA:97,0
DA:100,0
DA:101,0
DA:104,0
DA:107,0
DA:109,0
DA:110,0
DA:113,0
DA:115,0
DA:117,0
DA:118,0
DA:123,0
DA:125,0
DA:133,0
DA:134,0
DA:139,0
DA:140,0
DA:141,0
DA:144,0
DA:145,0
DA:146,0
DA:149,0
DA:153,0
DA:225,0
DA:227,0
DA:228,0
DA:229,0
DA:232,0
DA:235,0
DA:241,0
DA:249,0
DA:251,0
DA:257,0
DA:274,0
DA:276,0
DA:277,0
DA:278,0
DA:281,0
DA:282,0
DA:284,0
DA:285,0
DA:291,0
DA:292,0
DA:294,0
DA:295,0
DA:296,0
DA:298,0
DA:299,0
DA:309,0
DA:319,0
DA:323,0
DA:324,0
DA:325,0
DA:326,0
DA:327,0
DA:328,0
DA:329,0
DA:332,0
DA:361,0
DA:362,0
DA:363,0
DA:364,0
DA:367,0
DA:369,0
DA:370,0
DA:372,0
DA:373,0
DA:374,0
DA:378,0
DA:379,0
DA:381,0
DA:386,0
DA:388,0
DA:389,0
DA:390,0
DA:391,0
DA:395,0
DA:406,0
DA:416,0
DA:420,0
DA:421,0
DA:422,0
DA:426,0
DA:427,0
DA:443,0
DA:445,0
DA:446,0
DA:447,0
DA:450,0
DA:451,0
DA:453,0
DA:454,0
DA:459,0
DA:486,0
DA:488,0
DA:489,0
DA:490,0
DA:493,0
DA:496,0
DA:497,0
DA:500,0
DA:501,0
DA:503,0
DA:504,0
DA:508,0
DA:509,0
DA:510,0
DA:512,0
DA:513,0
DA:514,0
DA:517,0
DA:522,0
DA:523,0
DA:528,0
DA:538,0
DA:566,0
DA:567,0
DA:568,0
DA:574,0
DA:575,0
DA:585,0
DA:586,0
DA:590,0
DA:591,0
DA:592,0
DA:595,0
DA:596,0
DA:597,0
DA:600,0
DA:604,0
DA:609,0
DA:613,0
DA:614,0
DA:617,0
DA:620,0
DA:621,0
DA:622,0
DA:623,0
DA:627,0
DA:628,0
DA:630,0
DA:631,0
DA:637,0
DA:638,0
DA:639,0
DA:642,0
DA:643,0
DA:644,0
DA:647,0
DA:648,0
DA:649,0
DA:652,0
DA:654,0
DA:656,0
DA:658,0
DA:660,0
DA:666,0
DA:670,0
DA:672,0
DA:673,0
DA:677,0
DA:678,0
DA:684,0
DA:687,0
DA:688,0
DA:689,0
DA:692,0
DA:693,0
DA:694,0
DA:697,0
DA:708,0
DA:710,0
DA:712,0
DA:715,0
DA:716,0
DA:717,0
DA:723,0
DA:724,0
DA:727,0
DA:729,0
DA:730,0
DA:734,0
DA:739,0
DA:753,0
DA:754,0
DA:759,0
DA:765,0
DA:770,0
LF:229
LH:0
BRDA:7,0,0,0
BRDA:7,0,1,0
BRDA:8,1,0,0
BRDA:8,1,1,0
BRDA:24,2,0,0
BRDA:24,2,1,0
BRDA:33,3,0,0
BRDA:33,3,1,0
BRDA:45,4,0,0
BRDA:45,5,0,0
BRDA:47,6,0,0
BRDA:47,6,1,0
BRDA:53,7,0,0
BRDA:53,7,1,0
BRDA:53,8,0,0
BRDA:53,8,1,0
BRDA:56,9,0,0
BRDA:56,9,1,0
BRDA:56,10,0,0
BRDA:56,10,1,0
BRDA:59,11,0,0
BRDA:59,11,1,0
BRDA:59,12,0,0
BRDA:59,12,1,0
BRDA:62,13,0,0
BRDA:62,13,1,0
BRDA:62,14,0,0
BRDA:62,14,1,0
BRDA:74,15,0,0
BRDA:74,15,1,0
BRDA:83,16,0,0
BRDA:83,16,1,0
BRDA:83,17,0,0
BRDA:83,17,1,0
BRDA:96,18,0,0
BRDA:96,18,1,0
BRDA:100,19,0,0
BRDA:100,19,1,0
BRDA:100,20,0,0
BRDA:100,20,1,0
BRDA:101,21,0,0
BRDA:101,21,1,0
BRDA:104,22,0,0
BRDA:104,22,1,0
BRDA:104,22,2,0
BRDA:109,23,0,0
BRDA:109,23,1,0
BRDA:109,24,0,0
BRDA:109,24,1,0
BRDA:115,25,0,0
BRDA:115,25,1,0
BRDA:131,26,0,0
BRDA:137,27,0,0
BRDA:139,28,0,0
BRDA:139,28,1,0
BRDA:144,29,0,0
BRDA:144,29,1,0
BRDA:149,30,0,0
BRDA:149,30,1,0
BRDA:227,31,0,0
BRDA:227,31,1,0
BRDA:236,32,0,0
BRDA:236,32,1,0
BRDA:243,33,0,0
BRDA:243,33,1,0
BRDA:244,34,0,0
BRDA:244,34,1,0
BRDA:245,35,0,0
BRDA:245,35,1,0
BRDA:276,36,0,0
BRDA:276,36,1,0
BRDA:282,37,0,0
BRDA:282,37,1,0
BRDA:298,38,0,0
BRDA:298,38,1,0
BRDA:311,39,0,0
BRDA:311,39,1,0
BRDA:362,40,0,0
BRDA:362,40,1,0
BRDA:364,41,0,0
BRDA:364,41,1,0
BRDA:365,42,0,0
BRDA:365,42,1,0
BRDA:366,43,0,0
BRDA:366,43,1,0
BRDA:369,44,0,0
BRDA:369,44,1,0
BRDA:369,45,0,0
BRDA:369,45,1,0
BRDA:373,46,0,0
BRDA:373,46,1,0
BRDA:378,47,0,0
BRDA:378,47,1,0
BRDA:386,48,0,0
BRDA:386,48,1,0
BRDA:388,49,0,0
BRDA:388,49,1,0
BRDA:420,50,0,0
BRDA:420,50,1,0
BRDA:422,51,0,0
BRDA:422,51,1,0
BRDA:445,52,0,0
BRDA:445,52,1,0
BRDA:451,53,0,0
BRDA:451,53,1,0
BRDA:488,54,0,0
BRDA:488,54,1,0
BRDA:496,55,0,0
BRDA:496,55,1,0
BRDA:497,56,0,0
BRDA:497,56,1,0
BRDA:500,57,0,0
BRDA:500,57,1,0
BRDA:500,58,0,0
BRDA:500,58,1,0
BRDA:501,59,0,0
BRDA:501,59,1,0
BRDA:501,59,2,0
BRDA:503,60,0,0
BRDA:503,60,1,0
BRDA:503,61,0,0
BRDA:503,61,1,0
BRDA:504,62,0,0
BRDA:504,62,1,0
BRDA:504,62,2,0
BRDA:508,63,0,0
BRDA:508,63,1,0
BRDA:508,64,0,0
BRDA:508,64,1,0
BRDA:512,65,0,0
BRDA:512,65,1,0
BRDA:512,66,0,0
BRDA:512,66,1,0
BRDA:527,67,0,0
BRDA:538,68,0,0
BRDA:538,68,1,0
BRDA:569,69,0,0
BRDA:569,69,1,0
BRDA:570,70,0,0
BRDA:570,70,1,0
BRDA:571,71,0,0
BRDA:571,71,1,0
BRDA:583,72,0,0
BRDA:585,73,0,0
BRDA:585,73,1,0
BRDA:585,74,0,0
BRDA:585,74,1,0
BRDA:590,75,0,0
BRDA:590,75,1,0
BRDA:595,76,0,0
BRDA:595,76,1,0
BRDA:600,77,0,0
BRDA:600,77,1,0
BRDA:613,78,0,0
BRDA:613,78,1,0
BRDA:621,79,0,0
BRDA:621,79,1,0
BRDA:635,80,0,0
BRDA:637,81,0,0
BRDA:637,81,1,0
BRDA:642,82,0,0
BRDA:642,82,1,0
BRDA:647,83,0,0
BRDA:647,83,1,0
BRDA:658,84,0,0
BRDA:658,84,1,0
BRDA:658,85,0,0
BRDA:658,85,1,0
BRDA:672,86,0,0
BRDA:672,86,1,0
BRDA:687,87,0,0
BRDA:687,87,1,0
BRDA:687,88,0,0
BRDA:687,88,1,0
BRDA:692,89,0,0
BRDA:692,89,1,0
BRDA:692,90,0,0
BRDA:692,90,1,0
BRDA:715,91,0,0
BRDA:715,91,1,0
BRDA:729,92,0,0
BRDA:729,92,1,0
BRDA:736,93,0,0
BRDA:736,93,1,0
BRDA:742,94,0,0
BRDA:742,94,1,0
BRDA:743,95,0,0
BRDA:743,95,1,0
BRDA:765,96,0,0
BRDA:765,96,1,0
BRF:190
BRH:0
end_of_record
TN:
SF:js/app.js
FN:6,(anonymous_0)
FN:43,(anonymous_1)
FN:83,(anonymous_2)
FN:98,(anonymous_3)
FN:100,(anonymous_4)
FN:164,(anonymous_5)
FN:166,(anonymous_6)
FN:167,(anonymous_7)
FN:170,(anonymous_8)
FN:171,(anonymous_9)
FN:172,(anonymous_10)
FN:175,(anonymous_11)
FN:178,(anonymous_12)
FN:179,(anonymous_13)
FN:182,(anonymous_14)
FN:189,(anonymous_15)
FN:192,(anonymous_16)
FN:195,(anonymous_17)
FN:198,(anonymous_18)
FN:200,(anonymous_19)
FN:204,(anonymous_20)
FN:208,(anonymous_21)
FN:213,(anonymous_22)
FN:238,(anonymous_23)
FN:249,(anonymous_24)
FN:257,(anonymous_25)
FN:260,(anonymous_26)
FN:267,(anonymous_27)
FN:276,(anonymous_28)
FN:336,(anonymous_29)
FN:354,(anonymous_30)
FN:368,(anonymous_31)
FN:374,(anonymous_32)
FN:384,(anonymous_33)
FN:417,(anonymous_34)
FN:440,(anonymous_35)
FN:487,(anonymous_36)
FN:505,(anonymous_37)
FN:536,(anonymous_38)
FN:539,(anonymous_39)
FN:548,(anonymous_40)
FN:564,(anonymous_41)
FN:573,(anonymous_42)
FN:579,(anonymous_43)
FN:613,(anonymous_44)
FN:651,(anonymous_45)
FN:674,(anonymous_46)
FN:692,(anonymous_47)
FN:708,(anonymous_48)
FN:715,(anonymous_49)
FN:722,(anonymous_50)
FN:731,(anonymous_51)
FN:750,(anonymous_52)
FN:761,(anonymous_53)
FN:797,(anonymous_54)
FN:798,(anonymous_55)
FN:815,(anonymous_56)
FN:843,(anonymous_57)
FN:863,(anonymous_58)
FN:876,(anonymous_59)
FN:884,(anonymous_60)
FN:889,(anonymous_61)
FN:906,(anonymous_62)
FN:914,(anonymous_63)
FN:922,(anonymous_64)
FN:932,(anonymous_65)
FN:962,(anonymous_66)
FN:985,(anonymous_67)
FN:1004,(anonymous_68)
FN:1036,(anonymous_69)
FN:1055,(anonymous_70)
FN:1061,(anonymous_71)
FN:1068,(anonymous_72)
FN:1072,(anonymous_73)
FN:1085,(anonymous_74)
FN:1090,(anonymous_75)
FN:1095,(anonymous_76)
FN:1127,(anonymous_77)
FN:1134,(anonymous_78)
FN:1149,(anonymous_79)
FN:1151,(anonymous_80)
FN:1155,(anonymous_81)
FN:1165,(anonymous_82)
FN:1171,(anonymous_83)
FN:1182,(anonymous_84)
FN:1192,(anonymous_85)
FN:1212,(anonymous_86)
FN:1236,(anonymous_87)
FN:1247,(anonymous_88)
FN:1258,(anonymous_89)
FN:1264,(anonymous_90)
FN:1274,(anonymous_91)
FN:1297,(anonymous_92)
FN:1323,(anonymous_93)
FN:1345,(anonymous_94)
FNF:95
FNH:0
FNDA:0,(anonymous_0)
FNDA:0,(anonymous_1)
FNDA:0,(anonymous_2)
FNDA:0,(anonymous_3)
FNDA:0,(anonymous_4)
FNDA:0,(anonymous_5)
FNDA:0,(anonymous_6)
FNDA:0,(anonymous_7)
FNDA:0,(anonymous_8)
FNDA:0,(anonymous_9)
FNDA:0,(anonymous_10)
FNDA:0,(anonymous_11)
FNDA:0,(anonymous_12)
FNDA:0,(anonymous_13)
FNDA:0,(anonymous_14)
FNDA:0,(anonymous_15)
FNDA:0,(anonymous_16)
FNDA:0,(anonymous_17)
FNDA:0,(anonymous_18)
FNDA:0,(anonymous_19)
FNDA:0,(anonymous_20)
FNDA:0,(anonymous_21)
FNDA:0,(anonymous_22)
FNDA:0,(anonymous_23)
FNDA:0,(anonymous_24)
FNDA:0,(anonymous_25)
FNDA:0,(anonymous_26)
FNDA:0,(anonymous_27)
FNDA:0,(anonymous_28)
FNDA:0,(anonymous_29)
FNDA:0,(anonymous_30)
FNDA:0,(anonymous_31)
FNDA:0,(anonymous_32)
FNDA:0,(anonymous_33)
FNDA:0,(anonymous_34)
FNDA:0,(anonymous_35)
FNDA:0,(anonymous_36)
FNDA:0,(anonymous_37)
FNDA:0,(anonymous_38)
FNDA:0,(anonymous_39)
FNDA:0,(anonymous_40)
FNDA:0,(anonymous_41)
FNDA:0,(anonymous_42)
FNDA:0,(anonymous_43)
FNDA:0,(anonymous_44)
FNDA:0,(anonymous_45)
FNDA:0,(anonymous_46)
FNDA:0,(anonymous_47)
FNDA:0,(anonymous_48)
FNDA:0,(anonymous_49)
FNDA:0,(anonymous_50)
FNDA:0,(anonymous_51)
FNDA:0,(anonymous_52)
FNDA:0,(anonymous_53)
FNDA:0,(anonymous_54)
FNDA:0,(anonymous_55)
FNDA:0,(anonymous_56)
FNDA:0,(anonymous_57)
FNDA:0,(anonymous_58)
FNDA:0,(anonymous_59)
FNDA:0,(anonymous_60)
FNDA:0,(anonymous_61)
FNDA:0,(anonymous_62)
FNDA:0,(anonymous_63)
FNDA:0,(anonymous_64)
FNDA:0,(anonymous_65)
FNDA:0,(anonymous_66)
FNDA:0,(anonymous_67)
FNDA:0,(anonymous_68)
FNDA:0,(anonymous_69)
FNDA:0,(anonymous_70)
FNDA:0,(anonymous_71)
FNDA:0,(anonymous_72)
FNDA:0,(anonymous_73)
FNDA:0,(anonymous_74)
FNDA:0,(anonymous_75)
FNDA:0,(anonymous_76)
FNDA:0,(anonymous_77)
FNDA:0,(anonymous_78)
FNDA:0,(anonymous_79)
FNDA:0,(anonymous_80)
FNDA:0,(anonymous_81)
FNDA:0,(anonymous_82)
FNDA:0,(anonymous_83)
FNDA:0,(anonymous_84)
FNDA:0,(anonymous_85)
FNDA:0,(anonymous_86)
FNDA:0,(anonymous_87)
FNDA:0,(anonymous_88)
FNDA:0,(anonymous_89)
FNDA:0,(anonymous_90)
FNDA:0,(anonymous_91)
FNDA:0,(anonymous_92)
FNDA:0,(anonymous_93)
FNDA:0,(anonymous_94)
DA:7,0
DA:8,0
DA:9,0
DA:10,0
DA:11,0
DA:12,0
DA:15,0
DA:18,0
DA:19,0
DA:20,0
DA:21,0
DA:22,0
DA:23,0
DA:24,0
DA:25,0
DA:26,0
DA:29,0
DA:30,0
DA:31,0
DA:32,0
DA:33,0
DA:34,0
DA:37,0
DA:40,0
DA:45,0
DA:46,0
DA:47,0
DA:48,0
DA:49,0
DA:50,0
DA:53,0
DA:54,0
DA:55,0
DA:58,0
DA:61,0
DA:62,0
DA:63,0
DA:64,0
DA:65,0
DA:68,0
DA:69,0
DA:70,0
DA:71,0
DA:74,0
DA:75,0
DA:76,0
DA:77,0
DA:78,0
DA:79,0
DA:80,0
DA:84,0
DA:85,0
DA:86,0
DA:87,0
DA:90,0
DA:92,0
DA:95,0
DA:100,0
DA:101,0
DA:102,0
DA:105,0
DA:106,0
DA:107,0
DA:108,0
DA:113,0
DA:117,0
DA:118,0
DA:119,0
DA:124,0
DA:128,0
DA:129,0
DA:130,0
DA:131,0
DA:136,0
DA:140,0
DA:142,0
DA:144,0
DA:150,0
DA:158,0
DA:159,0
DA:166,0
DA:167,0
DA:170,0
DA:171,0
DA:172,0
DA:175,0
DA:178,0
DA:179,0
DA:182,0
DA:183,0
DA:184,0
DA:189,0
DA:192,0
DA:195,0
DA:200,0
DA:201,0
DA:204,0
DA:205,0
DA:208,0
DA:209,0
DA:215,0
DA:216,0
DA:217,0
DA:218,0
DA:220,0
DA:221,0
DA:222,0
DA:223,0
DA:225,0
DA:226,0
DA:227,0
DA:230,0
DA:231,0
DA:235,0
DA:239,0
DA:240,0
DA:242,0
DA:249,0
DA:250,0
DA:251,0
DA:258,0
DA:259,0
DA:260,0
DA:261,0
DA:265,0
DA:266,0
DA:267,0
DA:268,0
DA:272,0
DA:273,0
DA:277,0
DA:278,0
DA:279,0
DA:282,0
DA:283,0
DA:286,0
DA:287,0
DA:291,0
DA:294,0
DA:295,0
DA:296,0
DA:297,0
DA:299,0
DA:300,0
DA:303,0
DA:307,0
DA:308,0
DA:310,0
DA:313,0
DA:315,0
DA:316,0
DA:317,0
DA:318,0
DA:321,0
DA:322,0
DA:324,0
DA:325,0
DA:326,0
DA:330,0
DA:331,0
DA:332,0
DA:337,0
DA:339,0
DA:340,0
DA:343,0
DA:344,0
DA:347,0
DA:348,0
DA:349,0
DA:350,0
DA:355,0
DA:357,0
DA:365,0
DA:369,0
DA:370,0
DA:371,0
DA:375,0
DA:377,0
DA:380,0
DA:386,0
DA:389,0
DA:392,0
DA:395,0
DA:396,0
DA:399,0
DA:400,0
DA:403,0
DA:406,0
DA:407,0
DA:410,0
DA:413,0
DA:414,0
DA:417,0
DA:418,0
DA:422,0
DA:425,0
DA:428,0
DA:429,0
DA:432,0
DA:437,0
DA:441,0
DA:444,0
DA:445,0
DA:446,0
DA:447,0
DA:450,0
DA:451,0
DA:453,0
DA:456,0
DA:457,0
DA:458,0
DA:460,0
DA:461,0
DA:463,0
DA:464,0
DA:467,0
DA:468,0
DA:469,0
DA:470,0
DA:471,0
DA:472,0
DA:475,0
DA:478,0
DA:481,0
DA:484,0
DA:488,0
DA:490,0
DA:491,0
DA:494,0
DA:496,0
DA:497,0
DA:501,0
DA:506,0
DA:507,0
DA:510,0
DA:513,0
DA:514,0
DA:517,0
DA:521,0
DA:525,0
DA:527,0
DA:528,0
DA:529,0
DA:530,0
DA:532,0
DA:534,0
DA:536,0
DA:539,0
DA:540,0
DA:541,0
DA:543,0
DA:545,0
DA:546,0
DA:547,0
DA:548,0
DA:549,0
DA:553,0
DA:557,0
DA:559,0
DA:560,0
DA:565,0
DA:566,0
DA:569,0
DA:570,0
DA:573,0
DA:574,0
DA:578,0
DA:579,0
DA:580,0
DA:584,0
DA:591,0
DA:592,0
DA:594,0
DA:595,0
DA:597,0
DA:609,0
DA:611,0
DA:613,0
DA:614,0
DA:622,0
DA:623,0
DA:627,0
DA:629,0
DA:630,0
DA:631,0
DA:639,0
DA:642,0
DA:644,0
DA:647,0
DA:653,0
DA:654,0
DA:657,0
DA:658,0
DA:659,0
DA:660,0
DA:661,0
DA:670,0
DA:676,0
DA:677,0
DA:680,0
DA:681,0
DA:682,0
DA:686,0
DA:687,0
DA:688,0
DA:693,0
DA:694,0
DA:695,0
DA:696,0
DA:705,0
DA:708,0
DA:709,0
DA:710,0
DA:716,0
DA:717,0
DA:718,0
DA:723,0
DA:724,0
DA:727,0
DA:728,0
DA:729,0
DA:731,0
DA:732,0
DA:733,0
DA:735,0
DA:736,0
DA:737,0
DA:738,0
DA:739,0
DA:743,0
DA:744,0
DA:745,0
DA:751,0
DA:753,0
DA:754,0
DA:758,0
DA:762,0
DA:763,0
DA:766,0
DA:767,0
DA:770,0
DA:776,0
DA:777,0
DA:779,0
DA:783,0
DA:786,0
DA:787,0
DA:789,0
DA:792,0
DA:793,0
DA:798,0
DA:799,0
DA:800,0
DA:802,0
DA:803,0
DA:808,0
DA:812,0
DA:817,0
DA:818,0
DA:822,0
DA:825,0
DA:833,0
DA:840,0
DA:843,0
DA:844,0
DA:848,0
DA:851,0
DA:854,0
DA:857,0
DA:860,0
DA:865,0
DA:866,0
DA:869,0
DA:876,0
DA:877,0
DA:880,0
DA:881,0
DA:885,0
DA:886,0
DA:891,0
DA:892,0
DA:895,0
DA:897,0
DA:899,0
DA:900,0
DA:903,0
DA:906,0
DA:907,0
DA:908,0
DA:909,0
DA:913,0
DA:914,0
DA:915,0
DA:918,0
DA:919,0
DA:924,0
DA:934,0
DA:937,0
DA:939,0
DA:940,0
DA:942,0
DA:943,0
DA:945,0
DA:946,0
DA:950,0
DA:951,0
DA:952,0
DA:953,0
DA:954,0
DA:955,0
DA:959,0
DA:963,0
DA:966,0
DA:968,0
DA:969,0
DA:971,0
DA:972,0
DA:973,0
DA:976,0
DA:977,0
DA:978,0
DA:982,0
DA:986,0
DA:989,0
DA:990,0
DA:991,0
DA:992,0
DA:995,0
DA:997,0
DA:998,0
DA:1001,0
DA:1005,0
DA:1008,0
DA:1010,0
DA:1011,0
DA:1013,0
DA:1014,0
DA:1015,0
DA:1016,0
DA:1017,0
DA:1020,0
DA:1021,0
DA:1022,0
DA:1027,0
DA:1028,0
DA:1029,0
DA:1033,0
DA:1038,0
DA:1039,0
DA:1040,0
DA:1049,0
DA:1054,0
DA:1055,0
DA:1056,0
DA:1062,0
DA:1063,0
DA:1064,0
DA:1065,0
DA:1069,0
DA:1073,0
DA:1074,0
DA:1075,0
DA:1076,0
DA:1078,0
DA:1079,0
DA:1080,0
DA:1081,0
DA:1082,0
DA:1086,0
DA:1087,0
DA:1091,0
DA:1092,0
DA:1096,0
DA:1097,0
DA:1098,0
DA:1099,0
DA:1102,0
DA:1103,0
DA:1104,0
DA:1105,0
DA:1108,0
DA:1109,0
DA:1110,0
DA:1113,0
DA:1114,0
DA:1117,0
DA:1118,0
DA:1120,0
DA:1123,0
DA:1124,0
DA:1128,0
DA:1129,0
DA:1130,0
DA:1135,0
DA:1136,0
DA:1139,0
DA:1142,0
DA:1143,0
DA:1145,0
DA:1151,0
DA:1152,0
DA:1155,0
DA:1156,0
DA:1160,0
DA:1161,0
DA:1162,0
DA:1166,0
DA:1167,0
DA:1170,0
DA:1171,0
DA:1179,0
DA:1183,0
DA:1184,0
DA:1185,0
DA:1186,0
DA:1189,0
DA:1191,0
DA:1192,0
DA:1200,0
DA:1201,0
DA:1204,0
DA:1207,0
DA:1208,0
DA:1213,0
DA:1215,0
DA:1216,0
DA:1217,0
DA:1218,0
DA:1221,0
DA:1222,0
DA:1223,0
DA:1224,0
DA:1225,0
DA:1226,0
DA:1227,0
DA:1230,0
DA:1232,0
DA:1237,0
DA:1238,0
DA:1239,0
DA:1240,0
DA:1241,0
DA:1242,0
DA:1244,0
DA:1248,0
DA:1249,0
DA:1250,0
DA:1251,0
DA:1255,0
DA:1258,0
DA:1259,0
DA:1261,0
DA:1262,0
DA:1264,0
DA:1265,0
DA:1266,0
DA:1270,0
DA:1271,0
DA:1274,0
DA:1275,0
DA:1276,0
DA:1277,0
DA:1279,0
DA:1285,0
DA:1288,0
DA:1293,0
DA:1298,0
DA:1299,0
DA:1300,0
DA:1302,0
DA:1303,0
DA:1304,0
DA:1306,0
DA:1307,0
DA:1308,0
DA:1311,0
DA:1316,0
DA:1317,0
DA:1320,0
DA:1324,0
DA:1325,0
DA:1331,0
DA:1332,0
DA:1335,0
DA:1336,0
DA:1338,0
DA:1339,0
DA:1345,0
DA:1346,0
LF:589
LH:0
BRDA:105,0,0,0
BRDA:105,0,1,0
BRDA:106,1,0,0
BRDA:106,1,1,0
BRDA:117,2,0,0
BRDA:117,2,1,0
BRDA:117,3,0,0
BRDA:117,3,1,0
BRDA:128,4,0,0
BRDA:128,4,1,0
BRDA:142,5,0,0
BRDA:142,5,1,0
BRDA:183,6,0,0
BRDA:183,6,1,0
BRDA:215,7,0,0
BRDA:215,7,1,0
BRDA:216,8,0,0
BRDA:216,8,1,0
BRDA:217,9,0,0
BRDA:217,9,1,0
BRDA:230,10,0,0
BRDA:230,10,1,0
BRDA:240,11,0,0
BRDA:240,11,1,0
BRDA:240,12,0,0
BRDA:240,12,1,0
BRDA:240,12,2,0
BRDA:250,13,0,0
BRDA:250,13,1,0
BRDA:258,14,0,0
BRDA:258,14,1,0
BRDA:261,15,0,0
BRDA:261,15,1,0
BRDA:265,16,0,0
BRDA:265,16,1,0
BRDA:277,17,0,0
BRDA:277,17,1,0
BRDA:286,18,0,0
BRDA:286,18,1,0
BRDA:294,19,0,0
BRDA:294,19,1,0
BRDA:308,20,0,0
BRDA:308,20,1,0
BRDA:315,21,0,0
BRDA:315,21,1,0
BRDA:337,22,0,0
BRDA:337,22,1,0
BRDA:347,23,0,0
BRDA:347,23,1,0
BRDA:365,24,0,0
BRDA:365,24,1,0
BRDA:368,25,0,0
BRDA:375,26,0,0
BRDA:375,26,1,0
BRDA:380,27,0,0
BRDA:380,27,1,0
BRDA:399,28,0,0
BRDA:399,28,1,0
BRDA:406,29,0,0
BRDA:406,29,1,0
BRDA:413,30,0,0
BRDA:413,30,1,0
BRDA:428,31,0,0
BRDA:428,31,1,0
BRDA:428,32,0,0
BRDA:428,32,1,0
BRDA:444,33,0,0
BRDA:444,33,1,0
BRDA:445,34,0,0
BRDA:445,34,1,0
BRDA:446,35,0,0
BRDA:446,35,1,0
BRDA:447,36,0,0
BRDA:447,36,1,0
BRDA:450,37,0,0
BRDA:450,37,1,0
BRDA:451,38,0,0
BRDA:451,38,1,0
BRDA:457,39,0,0
BRDA:457,39,1,0
BRDA:467,40,0,0
BRDA:467,40,1,0
BRDA:467,41,0,0
BRDA:467,41,1,0
BRDA:467,41,2,0
BRDA:496,42,0,0
BRDA:496,42,1,0
BRDA:496,43,0,0
BRDA:496,43,1,0
BRDA:517,44,0,0
BRDA:517,44,1,0
BRDA:517,44,2,0
BRDA:521,45,0,0
BRDA:521,45,1,0
BRDA:521,45,2,0
BRDA:527,46,0,0
BRDA:527,46,1,0
BRDA:527,47,0,0
BRDA:527,47,1,0
BRDA:534,48,0,0
BRDA:534,48,1,0
BRDA:534,49,0,0
BRDA:534,49,1,0
BRDA:543,50,0,0
BRDA:543,50,1,0
BRDA:543,51,0,0
BRDA:543,51,1,0
BRDA:546,52,0,0
BRDA:546,52,1,0
BRDA:565,53,0,0
BRDA:565,53,1,0
BRDA:574,54,0,0
BRDA:574,54,1,0
BRDA:574,55,0,0
BRDA:574,55,1,0
BRDA:580,56,0,0
BRDA:580,56,1,0
BRDA:580,57,0,0
BRDA:580,57,1,0
BRDA:591,58,0,0
BRDA:591,58,1,0
BRDA:591,59,0,0
BRDA:591,59,1,0
BRDA:595,60,0,0
BRDA:595,60,1,0
BRDA:611,61,0,0
BRDA:611,61,1,0
BRDA:611,62,0,0
BRDA:611,62,1,0
BRDA:611,62,2,0
BRDA:616,63,0,0
BRDA:616,63,1,0
BRDA:622,64,0,0
BRDA:622,64,1,0
BRDA:629,65,0,0
BRDA:629,65,1,0
BRDA:653,66,0,0
BRDA:653,66,1,0
BRDA:657,67,0,0
BRDA:657,67,1,0
BRDA:681,68,0,0
BRDA:681,68,1,0
BRDA:686,69,0,0
BRDA:686,69,1,0
BRDA:709,70,0,0
BRDA:709,70,1,0
BRDA:709,71,0,0
BRDA:709,71,1,0
BRDA:717,72,0,0
BRDA:717,72,1,0
BRDA:722,73,0,0
BRDA:723,74,0,0
BRDA:723,74,1,0
BRDA:728,75,0,0
BRDA:728,75,1,0
BRDA:736,76,0,0
BRDA:736,76,1,0
BRDA:738,77,0,0
BRDA:738,77,1,0
BRDA:743,78,0,0
BRDA:743,78,1,0
BRDA:750,79,0,0
BRDA:753,80,0,0
BRDA:753,80,1,0
BRDA:761,81,0,0
BRDA:761,82,0,0
BRDA:761,83,0,0
BRDA:766,84,0,0
BRDA:766,84,1,0
BRDA:776,85,0,0
BRDA:776,85,1,0
BRDA:776,86,0,0
BRDA:776,86,1,0
BRDA:786,87,0,0
BRDA:786,87,1,0
BRDA:815,88,0,0
BRDA:817,89,0,0
BRDA:817,89,1,0
BRDA:817,90,0,0
BRDA:817,90,1,0
BRDA:865,91,0,0
BRDA:865,91,1,0
BRDA:865,92,0,0
BRDA:865,92,1,0
BRDA:892,93,0,0
BRDA:892,93,1,0
BRDA:907,94,0,0
BRDA:907,94,1,0
BRDA:940,95,0,0
BRDA:940,95,1,0
BRDA:943,96,0,0
BRDA:943,96,1,0
BRDA:969,97,0,0
BRDA:969,97,1,0
BRDA:991,98,0,0
BRDA:991,98,1,0
BRDA:1011,99,0,0
BRDA:1011,99,1,0
BRDA:1015,100,0,0
BRDA:1015,100,1,0
BRDA:1016,101,0,0
BRDA:1016,101,1,0
BRDA:1038,102,0,0
BRDA:1038,102,1,0
BRDA:1054,103,0,0
BRDA:1054,103,1,0
BRDA:1069,104,0,0
BRDA:1069,104,1,0
BRDA:1075,105,0,0
BRDA:1075,105,1,0
BRDA:1103,106,0,0
BRDA:1103,106,1,0
BRDA:1103,107,0,0
BRDA:1103,107,1,0
BRDA:1103,107,2,0
BRDA:1117,108,0,0
BRDA:1117,108,1,0
BRDA:1128,109,0,0
BRDA:1128,109,1,0
BRDA:1128,110,0,0
BRDA:1128,110,1,0
BRDA:1142,111,0,0
BRDA:1142,111,1,0
BRDA:1152,112,0,0
BRDA:1152,112,1,0
BRDA:1152,112,2,0
BRDA:1156,113,0,0
BRDA:1156,113,1,0
BRDA:1160,114,0,0
BRDA:1160,114,1,0
BRDA:1161,115,0,0
BRDA:1161,115,1,0
BRDA:1162,116,0,0
BRDA:1162,116,1,0
BRDA:1166,117,0,0
BRDA:1166,117,1,0
BRDA:1166,118,0,0
BRDA:1166,118,1,0
BRDA:1184,119,0,0
BRDA:1184,119,1,0
BRDA:1184,120,0,0
BRDA:1184,120,1,0
BRDA:1189,121,0,0
BRDA:1189,121,1,0
BRDA:1213,122,0,0
BRDA:1213,122,1,0
BRDA:1241,123,0,0
BRDA:1241,123,1,0
BRDA:1249,124,0,0
BRDA:1249,124,1,0
BRDA:1265,125,0,0
BRDA:1265,125,1,0
BRDA:1303,126,0,0
BRDA:1303,126,1,0
BRDA:1304,127,0,0
BRDA:1304,127,1,0
BRDA:1306,128,0,0
BRDA:1306,128,1,0
BRDA:1316,129,0,0
BRDA:1316,129,1,0
BRDA:1331,130,0,0
BRDA:1331,130,1,0
BRF:262
BRH:0
end_of_record
TN:
SF:js/audio-capture.js
FN:7,(anonymous_0)
FN:31,(anonymous_1)
FN:37,(anonymous_2)
FN:42,(anonymous_3)
FN:47,(anonymous_4)
FN:49,(anonymous_5)
FN:53,(anonymous_6)
FN:64,(anonymous_7)
FN:84,(anonymous_8)
FN:106,(anonymous_9)
FN:115,(anonymous_10)
FN:117,(anonymous_11)
FN:122,(anonymous_12)
FN:176,(anonymous_13)
FN:184,(anonymous_14)
FN:189,(anonymous_15)
FN:198,(anonymous_16)
FN:220,(anonymous_17)
FN:243,(anonymous_18)
FN:257,(anonymous_19)
FN:289,(anonymous_20)
FN:335,(anonymous_21)
FN:345,(anonymous_22)
FN:378,(anonymous_23)
FN:386,(anonymous_24)
FN:409,(anonymous_25)
FN:419,(anonymous_26)
FN:425,(anonymous_27)
FN:436,(anonymous_28)
FN:453,(anonymous_29)
FN:477,(anonymous_30)
FN:488,(anonymous_31)
FN:497,(anonymous_32)
FN:513,(anonymous_33)
FN:516,(anonymous_34)
FN:518,(anonymous_35)
FN:531,(anonymous_36)
FN:550,(anonymous_37)
FN:554,(anonymous_38)
FN:556,(anonymous_39)
FN:563,(anonymous_40)
FN:582,(anonymous_41)
FN:605,(anonymous_42)
FN:634,(anonymous_43)
FN:665,(anonymous_44)
FN:669,(anonymous_45)
FNF:46
FNH:0
FNDA:0,(anonymous_0)
FNDA:0,(anonymous_1)
FNDA:0,(anonymous_2)
FNDA:0,(anonymous_3)
FNDA:0,(anonymous_4)
FNDA:0,(anonymous_5)
FNDA:0,(anonymous_6)
FNDA:0,(anonymous_7)
FNDA:0,(anonymous_8)
FNDA:0,(anonymous_9)
FNDA:0,(anonymous_10)
FNDA:0,(anonymous_11)
FNDA:0,(anonymous_12)
FNDA:0,(anonymous_13)
FNDA:0,(anonymous_14)
FNDA:0,(anonymous_15)
FNDA:0,(anonymous_16)
FNDA:0,(anonymous_17)
FNDA:0,(anonymous_18)
FNDA:0,(anonymous_19)
FNDA:0,(anonymous_20)
FNDA:0,(anonymous_21)
FNDA:0,(anonymous_22)
FNDA:0,(anonymous_23)
FNDA:0,(anonymous_24)
FNDA:0,(anonymous_25)
FNDA:0,(anonymous_26)
FNDA:0,(anonymous_27)
FNDA:0,(anonymous_28)
FNDA:0,(anonymous_29)
FNDA:0,(anonymous_30)
FNDA:0,(anonymous_31)
FNDA:0,(anonymous_32)
FNDA:0,(anonymous_33)
FNDA:0,(anonymous_34)
FNDA:0,(anonymous_35)
FNDA:0,(anonymous_36)
FNDA:0,(anonymous_37)
FNDA:0,(anonymous_38)
FNDA:0,(anonymous_39)
FNDA:0,(anonymous_40)
FNDA:0,(anonymous_41)
FNDA:0,(anonymous_42)
FNDA:0,(anonymous_43)
FNDA:0,(anonymous_44)
FNDA:0,(anonymous_45)
DA:8,0
DA:9,0
DA:10,0
DA:11,0
DA:12,0
DA:13,0
DA:14,0
DA:17,0
DA:18,0
DA:21,0
DA:22,0
DA:23,0
DA:24,0
DA:25,0
DA:26,0
DA:28,0
DA:32,0
DA:33,0
DA:35,0
DA:37,0
DA:38,0
DA:39,0
DA:42,0
DA:43,0
DA:44,0
DA:47,0
DA:48,0
DA:49,0
DA:54,0
DA:56,0
DA:57,0
DA:59,0
DA:60,0
DA:65,0
DA:67,0
DA:68,0
DA:69,0
DA:72,0
DA:75,0
DA:77,0
DA:79,0
DA:80,0
DA:85,0
DA:87,0
DA:97,0
DA:98,0
DA:101,0
DA:102,0
DA:107,0
DA:108,0
DA:111,0
DA:112,0
DA:115,0
DA:116,0
DA:117,0
DA:118,0
DA:122,0
DA:123,0
DA:134,0
DA:135,0
DA:137,0
DA:148,0
DA:150,0
DA:153,0
DA:154,0
DA:155,0
DA:156,0
DA:157,0
DA:158,0
DA:159,0
DA:160,0
DA:163,0
DA:164,0
DA:165,0
DA:169,0
DA:172,0
DA:173,0
DA:176,0
DA:179,0
DA:182,0
DA:183,0
DA:184,0
DA:185,0
DA:189,0
DA:190,0
DA:196,0
DA:197,0
DA:198,0
DA:199,0
DA:203,0
DA:204,0
DA:205,0
DA:206,0
DA:217,0
DA:218,0
DA:219,0
DA:220,0
DA:222,0
DA:228,0
DA:231,0
DA:232,0
DA:239,0
DA:244,0
DA:245,0
DA:246,0
DA:249,0
DA:251,0
DA:252,0
DA:253,0
DA:254,0
DA:255,0
DA:257,0
DA:258,0
DA:259,0
DA:260,0
DA:261,0
DA:263,0
DA:264,0
DA:265,0
DA:266,0
DA:269,0
DA:270,0
DA:272,0
DA:273,0
DA:274,0
DA:277,0
DA:278,0
DA:282,0
DA:283,0
DA:284,0
DA:289,0
DA:290,0
DA:291,0
DA:292,0
DA:294,0
DA:295,0
DA:296,0
DA:297,0
DA:298,0
DA:300,0
DA:301,0
DA:302,0
DA:303,0
DA:304,0
DA:305,0
DA:306,0
DA:307,0
DA:309,0
DA:310,0
DA:311,0
DA:312,0
DA:313,0
DA:314,0
DA:315,0
DA:317,0
DA:319,0
DA:320,0
DA:322,0
DA:323,0
DA:326,0
DA:330,0
DA:336,0
DA:337,0
DA:340,0
DA:342,0
DA:343,0
DA:345,0
DA:346,0
DA:348,0
DA:349,0
DA:351,0
DA:352,0
DA:353,0
DA:356,0
DA:357,0
DA:359,0
DA:360,0
DA:361,0
DA:363,0
DA:367,0
DA:368,0
DA:369,0
DA:373,0
DA:379,0
DA:380,0
DA:381,0
DA:382,0
DA:388,0
DA:389,0
DA:393,0
DA:394,0
DA:395,0
DA:396,0
DA:397,0
DA:398,0
DA:399,0
DA:400,0
DA:401,0
DA:402,0
DA:403,0
DA:404,0
DA:405,0
DA:406,0
DA:410,0
DA:415,0
DA:417,0
DA:419,0
DA:420,0
DA:421,0
DA:425,0
DA:426,0
DA:427,0
DA:428,0
DA:429,0
DA:434,0
DA:436,0
DA:437,0
DA:438,0
DA:439,0
DA:441,0
DA:446,0
DA:447,0
DA:449,0
DA:454,0
DA:455,0
DA:456,0
DA:458,0
DA:460,0
DA:465,0
DA:466,0
DA:469,0
DA:470,0
DA:473,0
DA:478,0
DA:480,0
DA:481,0
DA:484,0
DA:487,0
DA:488,0
DA:489,0
DA:490,0
DA:492,0
DA:496,0
DA:497,0
DA:498,0
DA:499,0
DA:501,0
DA:505,0
DA:506,0
DA:509,0
DA:514,0
DA:515,0
DA:516,0
DA:518,0
DA:525,0
DA:526,0
DA:532,0
DA:533,0
DA:543,0
DA:544,0
DA:545,0
DA:546,0
DA:548,0
DA:550,0
DA:551,0
DA:552,0
DA:554,0
DA:555,0
DA:556,0
DA:557,0
DA:558,0
DA:560,0
DA:561,0
DA:563,0
DA:564,0
DA:565,0
DA:573,0
DA:576,0
DA:577,0
DA:583,0
DA:585,0
DA:586,0
DA:587,0
DA:590,0
DA:591,0
DA:595,0
DA:597,0
DA:598,0
DA:601,0
DA:606,0
DA:607,0
DA:608,0
DA:611,0
DA:612,0
DA:614,0
DA:615,0
DA:616,0
DA:618,0
DA:620,0
DA:621,0
DA:622,0
DA:624,0
DA:625,0
DA:628,0
DA:630,0
DA:636,0
DA:637,0
DA:638,0
DA:639,0
DA:640,0
DA:641,0
DA:643,0
DA:644,0
DA:648,0
DA:649,0
DA:650,0
DA:651,0
DA:652,0
DA:653,0
DA:655,0
DA:656,0
DA:659,0
DA:666,0
DA:670,0
DA:671,0
DA:682,0
DA:683,0
DA:685,0
DA:686,0
LF:329
LH:0
BRDA:32,0,0,0
BRDA:32,0,1,0
BRDA:54,1,0,0
BRDA:54,1,1,0
BRDA:65,2,0,0
BRDA:65,2,1,0
BRDA:123,3,0,0
BRDA:123,3,1,0
BRDA:123,3,2,0
BRDA:123,3,3,0
BRDA:123,3,4,0
BRDA:123,3,5,0
BRDA:123,3,6,0
BRDA:123,3,7,0
BRDA:123,3,8,0
BRDA:134,4,0,0
BRDA:134,4,1,0
BRDA:154,5,0,0
BRDA:154,5,1,0
BRDA:164,6,0,0
BRDA:164,6,1,0
BRDA:179,7,0,0
BRDA:179,7,1,0
BRDA:190,8,0,0
BRDA:190,8,1,0
BRDA:190,8,2,0
BRDA:190,8,3,0
BRDA:196,9,0,0
BRDA:196,9,1,0
BRDA:203,10,0,0
BRDA:203,10,1,0
BRDA:228,11,0,0
BRDA:228,11,1,0
BRDA:244,12,0,0
BRDA:244,12,1,0
BRDA:244,13,0,0
BRDA:244,13,1,0
BRDA:258,14,0,0
BRDA:258,14,1,0
BRDA:258,15,0,0
BRDA:258,15,1,0
BRDA:277,16,0,0
BRDA:277,16,1,0
BRDA:282,17,0,0
BRDA:282,17,1,0
BRDA:291,18,0,0
BRDA:291,18,1,0
BRDA:292,19,0,0
BRDA:292,19,1,0
BRDA:300,20,0,0
BRDA:300,20,1,0
BRDA:309,21,0,0
BRDA:309,21,1,0
BRDA:310,22,0,0
BRDA:310,22,1,0
BRDA:310,23,0,0
BRDA:310,23,1,0
BRDA:317,24,0,0
BRDA:317,24,1,0
BRDA:322,25,0,0
BRDA:322,25,1,0
BRDA:326,26,0,0
BRDA:326,26,1,0
BRDA:336,27,0,0
BRDA:336,27,1,0
BRDA:346,28,0,0
BRDA:346,28,1,0
BRDA:346,29,0,0
BRDA:346,29,1,0
BRDA:359,30,0,0
BRDA:359,30,1,0
BRDA:367,31,0,0
BRDA:367,31,1,0
BRDA:367,32,0,0
BRDA:367,32,1,0
BRDA:369,33,0,0
BRDA:369,33,1,0
BRDA:379,34,0,0
BRDA:379,34,1,0
BRDA:388,35,0,0
BRDA:388,35,1,0
BRDA:388,36,0,0
BRDA:388,36,1,0
BRDA:420,37,0,0
BRDA:420,37,1,0
BRDA:426,38,0,0
BRDA:426,38,1,0
BRDA:437,39,0,0
BRDA:437,39,1,0
BRDA:437,40,0,0
BRDA:437,40,1,0
BRDA:446,41,0,0
BRDA:446,41,1,0
BRDA:458,42,0,0
BRDA:458,42,1,0
BRDA:465,43,0,0
BRDA:465,43,1,0
BRDA:478,44,0,0
BRDA:478,44,1,0
BRDA:487,45,0,0
BRDA:487,45,1,0
BRDA:496,46,0,0
BRDA:496,46,1,0
BRDA:505,47,0,0
BRDA:505,47,1,0
BRDA:505,48,0,0
BRDA:505,48,1,0
BRDA:520,49,0,0
BRDA:520,49,1,0
BRDA:521,50,0,0
BRDA:521,50,1,0
BRDA:560,51,0,0
BRDA:560,51,1,0
BRDA:607,52,0,0
BRDA:607,52,1,0
BRDA:620,53,0,0
BRDA:620,53,1,0
BRDA:636,54,0,0
BRDA:636,54,1,0
BRDA:636,55,0,0
BRDA:636,55,1,0
BRDA:648,56,0,0
BRDA:648,56,1,0
BRDA:648,57,0,0
BRDA:648,57,1,0
BRDA:670,58,0,0
BRDA:670,58,1,0
BRDA:670,59,0,0
BRDA:670,59,1,0
BRDA:682,60,0,0
BRDA:682,60,1,0
BRDA:682,61,0,0
BRDA:682,61,1,0
BRF:133
BRH:0
end_of_record
TN:
SF:js/audio-manager.js
FN:6,(anonymous_0)
FN:18,(anonymous_1)
FN:34,(anonymous_2)
FN:54,(anonymous_3)
FN:61,(anonymous_4)
FN:79,(anonymous_5)
FN:95,(anonymous_6)
FN:97,(anonymous_7)
FN:98,(anonymous_8)
FN:102,(anonymous_9)
FN:104,(anonymous_10)
FN:108,(anonymous_11)
FNF:12
FNH:0
FNDA:0,(anonymous_0)
FNDA:0,(anonymous_1)
FNDA:0,(anonymous_2)
FNDA:0,(anonymous_3)
FNDA:0,(anonymous_4)
FNDA:0,(anonymous_5)
FNDA:0,(anonymous_6)
FNDA:0,(anonymous_7)
FNDA:0,(anonymous_8)
FNDA:0,(anonymous_9)
FNDA:0,(anonymous_10)
FNDA:0,(anonymous_11)
DA:7,0
DA:8,0
DA:9,0
DA:10,0
DA:11,0
DA:19,0
DA:21,0
DA:22,0
DA:23,0
DA:25,0
DA:26,0
DA:35,0
DA:36,0
DA:37,0
DA:40,0
DA:42,0
DA:43,0
DA:44,0
DA:47,0
DA:48,0
DA:50,0
DA:55,0
DA:56,0
DA:59,0
DA:61,0
DA:62,0
DA:64,0
DA:65,0
DA:66,0
DA:67,0
DA:68,0
DA:70,0
DA:72,0
DA:73,0
DA:74,0
DA:80,0
DA:81,0
DA:82,0
DA:85,0
DA:86,0
DA:87,0
DA:90,0
DA:91,0
DA:92,0
DA:96,0
DA:97,0
DA:98,0
DA:99,0
DA:103,0
DA:104,0
DA:105,0
DA:109,0
DA:110,0
DA:111,0
DA:116,0
LF:55
LH:0
BRDA:35,0,0,0
BRDA:35,0,1,0
BRDA:42,1,0,0
BRDA:42,1,1,0
BRDA:55,2,0,0
BRDA:55,2,1,0
BRDA:59,3,0,0
BRDA:59,3,1,0
BRDA:62,4,0,0
BRDA:62,4,1,0
BRDA:73,5,0,0
BRDA:73,5,1,0
BRDA:80,6,0,0
BRDA:80,6,1,0
BRDA:85,7,0,0
BRDA:85,7,1,0
BRDA:85,8,0,0
BRDA:85,8,1,0
BRDA:99,9,0,0
BRDA:99,9,1,0
BRDA:103,10,0,0
BRDA:103,10,1,0
BRF:22
BRH:0
end_of_record
TN:
SF:js/channel-manager.js
FN:6,(anonymous_0)
FN:35,(anonymous_1)
FN:42,(anonymous_2)
FN:47,(anonymous_3)
FN:52,(anonymous_4)
FN:54,(anonymous_5)
FN:58,(anonymous_6)
FN:69,(anonymous_7)
FN:86,(anonymous_8)
FN:90,(anonymous_9)
FN:109,(anonymous_10)
FN:121,(anonymous_11)
FN:125,(anonymous_12)
FN:130,(anonymous_13)
FN:135,(anonymous_14)
FN:140,(anonymous_15)
FN:145,(anonymous_16)
FN:158,(anonymous_17)
FN:160,(anonymous_18)
FN:163,(anonymous_19)
FN:172,(anonymous_20)
FN:177,(anonymous_21)
FN:182,(anonymous_22)
FN:192,(anonymous_23)
FN:201,(anonymous_24)
FNF:25
FNH:0
FNDA:0,(anonymous_0)
FNDA:0,(anonymous_1)
FNDA:0,(anonymous_2)
FNDA:0,(anonymous_3)
FNDA:0,(anonymous_4)
FNDA:0,(anonymous_5)
FNDA:0,(anonymous_6)
FNDA:0,(anonymous_7)
FNDA:0,(anonymous_8)
FNDA:0,(anonymous_9)
FNDA:0,(anonymous_10)
FNDA:0,(anonymous_11)
FNDA:0,(anonymous_12)
FNDA:0,(anonymous_13)
FNDA:0,(anonymous_14)
FNDA:0,(anonymous_15)
FNDA:0,(anonymous_16)
FNDA:0,(anonymous_17)
FNDA:0,(anonymous_18)
FNDA:0,(anonymous_19)
FNDA:0,(anonymous_20)
FNDA:0,(anonymous_21)
FNDA:0,(anonymous_22)
FNDA:0,(anonymous_23)
FNDA:0,(anonymous_24)
DA:7,0
DA:8,0
DA:9,0
DA:10,0
DA:11,0
DA:12,0
DA:15,0
DA:32,0
DA:37,0
DA:38,0
DA:40,0
DA:42,0
DA:43,0
DA:44,0
DA:47,0
DA:48,0
DA:49,0
DA:52,0
DA:53,0
DA:54,0
DA:59,0
DA:61,0
DA:62,0
DA:64,0
DA:65,0
DA:71,0
DA:78,0
DA:79,0
DA:83,0
DA:87,0
DA:91,0
DA:94,0
DA:95,0
DA:99,0
DA:100,0
DA:101,0
DA:102,0
DA:105,0
DA:111,0
DA:118,0
DA:122,0
DA:126,0
DA:127,0
DA:131,0
DA:132,0
DA:136,0
DA:137,0
DA:141,0
DA:142,0
DA:146,0
DA:147,0
DA:149,0
DA:159,0
DA:160,0
DA:164,0
DA:166,0
DA:167,0
DA:171,0
DA:172,0
DA:173,0
DA:177,0
DA:178,0
DA:183,0
DA:193,0
DA:194,0
DA:195,0
DA:197,0
DA:202,0
DA:203,0
DA:209,0
LF:70
LH:0
BRDA:37,0,0,0
BRDA:37,0,1,0
BRDA:59,1,0,0
BRDA:59,1,1,0
BRDA:78,2,0,0
BRDA:78,2,1,0
BRDA:91,3,0,0
BRDA:91,3,1,0
BRDA:94,4,0,0
BRDA:94,4,1,0
BRDA:99,5,0,0
BRDA:99,5,1,0
BRDA:125,6,0,0
BRDA:126,7,0,0
BRDA:126,7,1,0
BRDA:130,8,0,0
BRDA:131,9,0,0
BRDA:131,9,1,0
BRDA:132,10,0,0
BRDA:132,10,1,0
BRDA:135,11,0,0
BRDA:136,12,0,0
BRDA:136,12,1,0
BRDA:140,13,0,0
BRDA:141,14,0,0
BRDA:141,14,1,0
BRDA:145,15,0,0
BRDA:146,16,0,0
BRDA:146,16,1,0
BRDA:158,17,0,0
BRDA:163,18,0,0
BRDA:166,19,0,0
BRDA:166,19,1,0
BRDA:173,20,0,0
BRDA:173,20,1,0
BRDA:178,21,0,0
BRDA:178,21,1,0
BRDA:193,22,0,0
BRDA:193,22,1,0
BRDA:202,23,0,0
BRDA:202,23,1,0
BRF:41
BRH:0
end_of_record
TN:
SF:js/conversation-manager.js
FN:6,(anonymous_0)
FN:14,(anonymous_1)
FN:15,(anonymous_2)
FN:18,(anonymous_3)
FN:23,(anonymous_4)
FN:29,(anonymous_5)
FN:48,(anonymous_6)
FN:71,(anonymous_7)
FN:74,(anonymous_8)
FN:81,(anonymous_9)
FN:88,(anonymous_10)
FN:97,(anonymous_11)
FN:104,(anonymous_12)
FN:123,(anonymous_13)
FN:129,(anonymous_14)
FN:137,(anonymous_15)
FN:140,(anonymous_16)
FN:144,(anonymous_17)
FN:150,(anonymous_18)
FN:158,(anonymous_19)
FN:161,(anonymous_20)
FN:166,(anonymous_21)
FN:172,(anonymous_22)
FN:176,(anonymous_23)
FN:179,(anonymous_24)
FN:182,(anonymous_25)
FN:190,(anonymous_26)
FN:203,(anonymous_27)
FN:236,(anonymous_28)
FN:247,(anonymous_29)
FN:257,(anonymous_30)
FNF:31
FNH:0
FNDA:0,(anonymous_0)
FNDA:0,(anonymous_1)
FNDA:0,(anonymous_2)
FNDA:0,(anonymous_3)
FNDA:0,(anonymous_4)
FNDA:0,(anonymous_5)
FNDA:0,(anonymous_6)
FNDA:0,(anonymous_7)
FNDA:0,(anonymous_8)
FNDA:0,(anonymous_9)
FNDA:0,(anonymous_10)
FNDA:0,(anonymous_11)
FNDA:0,(anonymous_12)
FNDA:0,(anonymous_13)
FNDA:0,(anonymous_14)
FNDA:0,(anonymous_15)
FNDA:0,(anonymous_16)
FNDA:0,(anonymous_17)
FNDA:0,(anonymous_18)
FNDA:0,(anonymous_19)
FNDA:0,(anonymous_20)
FNDA:0,(anonymous_21)
FNDA:0,(anonymous_22)
FNDA:0,(anonymous_23)
FNDA:0,(anonymous_24)
FNDA:0,(anonymous_25)
FNDA:0,(anonymous_26)
FNDA:0,(anonymous_27)
FNDA:0,(anonymous_28)
FNDA:0,(anonymous_29)
FNDA:0,(anonymous_30)
DA:7,0
DA:8,0
DA:9,0
DA:10,0
DA:11,0
DA:15,0
DA:16,0
DA:18,0
DA:19,0
DA:20,0
DA:23,0
DA:24,0
DA:25,0
DA:26,0
DA:29,0
DA:30,0
DA:33,0
DA:34,0
DA:40,0
DA:41,0
DA:42,0
DA:49,0
DA:50,0
DA:53,0
DA:54,0
DA:56,0
DA:71,0
DA:72,0
DA:74,0
DA:75,0
DA:76,0
DA:77,0
DA:78,0
DA:81,0
DA:82,0
DA:83,0
DA:89,0
DA:90,0
DA:93,0
DA:94,0
DA:95,0
DA:97,0
DA:98,0
DA:99,0
DA:100,0
DA:102,0
DA:104,0
DA:105,0
DA:107,0
DA:108,0
DA:109,0
DA:112,0
DA:113,0
DA:114,0
DA:115,0
DA:118,0
DA:119,0
DA:120,0
DA:123,0
DA:124,0
DA:130,0
DA:131,0
DA:134,0
DA:135,0
DA:137,0
DA:138,0
DA:140,0
DA:141,0
DA:144,0
DA:145,0
DA:151,0
DA:152,0
DA:155,0
DA:156,0
DA:158,0
DA:159,0
DA:161,0
DA:162,0
DA:163,0
DA:166,0
DA:167,0
DA:173,0
DA:175,0
DA:176,0
DA:177,0
DA:178,0
DA:179,0
DA:180,0
DA:182,0
DA:183,0
DA:186,0
DA:191,0
DA:192,0
DA:193,0
DA:196,0
DA:204,0
DA:205,0
DA:209,0
DA:212,0
DA:213,0
DA:216,0
DA:217,0
DA:218,0
DA:221,0
DA:224,0
DA:225,0
DA:226,0
DA:229,0
DA:232,0
DA:237,0
DA:238,0
DA:243,0
DA:248,0
DA:249,0
DA:250,0
DA:252,0
DA:253,0
DA:258,0
DA:263,0
DA:264,0
LF:120
LH:0
BRDA:33,0,0,0
BRDA:33,0,1,0
BRDA:49,1,0,0
BRDA:49,1,1,0
BRDA:59,2,0,0
BRDA:59,2,1,0
BRDA:60,3,0,0
BRDA:60,3,1,0
BRDA:61,4,0,0
BRDA:61,4,1,0
BRDA:62,5,0,0
BRDA:62,5,1,0
BRDA:64,6,0,0
BRDA:64,6,1,0
BRDA:65,7,0,0
BRDA:65,7,1,0
BRDA:66,8,0,0
BRDA:66,8,1,0
BRDA:67,9,0,0
BRDA:67,9,1,0
BRDA:88,10,0,0
BRDA:88,11,0,0
BRDA:89,12,0,0
BRDA:89,12,1,0
BRDA:107,13,0,0
BRDA:107,13,1,0
BRDA:107,14,0,0
BRDA:107,14,1,0
BRDA:112,15,0,0
BRDA:112,15,1,0
BRDA:130,16,0,0
BRDA:130,16,1,0
BRDA:151,17,0,0
BRDA:151,17,1,0
BRDA:180,18,0,0
BRDA:180,18,1,0
BRDA:183,19,0,0
BRDA:183,19,1,0
BRDA:186,20,0,0
BRDA:186,20,1,0
BRDA:186,20,2,0
BRDA:186,20,3,0
BRDA:192,21,0,0
BRDA:192,21,1,0
BRDA:212,22,0,0
BRDA:212,22,1,0
BRDA:216,23,0,0
BRDA:216,23,1,0
BRDA:216,24,0,0
BRDA:216,24,1,0
BRDA:218,25,0,0
BRDA:218,25,1,0
BRDA:224,26,0,0
BRDA:224,26,1,0
BRDA:224,27,0,0
BRDA:224,27,1,0
BRDA:225,28,0,0
BRDA:225,28,1,0
BRDA:226,29,0,0
BRDA:226,29,1,0
BRDA:229,30,0,0
BRDA:229,30,1,0
BRDA:250,31,0,0
BRDA:250,31,1,0
BRDA:263,32,0,0
BRDA:263,32,1,0
BRDA:263,33,0,0
BRDA:263,33,1,0
BRF:68
BRH:0
end_of_record
TN:
SF:js/demo-mode.js
FN:5,(anonymous_0)
FN:22,(anonymous_1)
FN:27,(anonymous_2)
FN:32,(anonymous_3)
FN:36,(anonymous_4)
FN:40,(anonymous_5)
FN:59,(anonymous_6)
FNF:7
FNH:0
FNDA:0,(anonymous_0)
FNDA:0,(anonymous_1)
FNDA:0,(anonymous_2)
FNDA:0,(anonymous_3)
FNDA:0,(anonymous_4)
FNDA:0,(anonymous_5)
FNDA:0,(anonymous_6)
DA:6,0
DA:7,0
DA:23,0
DA:24,0
DA:28,0
DA:29,0
DA:33,0
DA:37,0
DA:40,0
DA:42,0
DA:45,0
DA:46,0
DA:47,0
DA:52,0
DA:53,0
DA:56,0
DA:60,0
DA:71,0
LF:18
LH:0
BRDA:36,0,0,0
BRDA:37,1,0,0
BRDA:37,1,1,0
BRDA:46,2,0,0
BRDA:46,2,1,0
BRDA:46,3,0,0
BRDA:46,3,1,0
BRDA:52,4,0,0
BRDA:52,4,1,0
BRF:9
BRH:0
end_of_record
TN:
SF:js/speech-recognition-manager.js
FN:6,(anonymous_0)
FN:45,(anonymous_1)
FN:71,(anonymous_2)
FN:74,(anonymous_3)
FN:86,(anonymous_4)
FN:106,(anonymous_5)
FN:114,(anonymous_6)
FN:158,(anonymous_7)
FN:163,(anonymous_8)
FN:168,(anonymous_9)
FN:173,(anonymous_10)
FN:177,(anonymous_11)
FN:181,(anonymous_12)
FN:185,(anonymous_13)
FN:190,(anonymous_14)
FN:192,(anonymous_15)
FN:221,(anonymous_16)
FN:247,(anonymous_17)
FN:266,(anonymous_18)
FN:319,(anonymous_19)
FN:327,(anonymous_20)
FN:338,(anonymous_21)
FN:350,(anonymous_22)
FN:367,(anonymous_23)
FN:375,(anonymous_24)
FN:380,(anonymous_25)
FN:383,(anonymous_26)
FN:391,(anonymous_27)
FN:400,(anonymous_28)
FN:410,(anonymous_29)
FN:434,(anonymous_30)
FN:441,(anonymous_31)
FN:449,(anonymous_32)
FN:457,(anonymous_33)
FNF:34
FNH:0
FNDA:0,(anonymous_0)
FNDA:0,(anonymous_1)
FNDA:0,(anonymous_2)
FNDA:0,(anonymous_3)
FNDA:0,(anonymous_4)
FNDA:0,(anonymous_5)
FNDA:0,(anonymous_6)
FNDA:0,(anonymous_7)
FNDA:0,(anonymous_8)
FNDA:0,(anonymous_9)
FNDA:0,(anonymous_10)
FNDA:0,(anonymous_11)
FNDA:0,(anonymous_12)
FNDA:0,(anonymous_13)
FNDA:0,(anonymous_14)
FNDA:0,(anonymous_15)
FNDA:0,(anonymous_16)
FNDA:0,(anonymous_17)
FNDA:0,(anonymous_18)
FNDA:0,(anonymous_19)
FNDA:0,(anonymous_20)
FNDA:0,(anonymous_21)
FNDA:0,(anonymous_22)
FNDA:0,(anonymous_23)
FNDA:0,(anonymous_24)
FNDA:0,(anonymous_25)
FNDA:0,(anonymous_26)
FNDA:0,(anonymous_27)
FNDA:0,(anonymous_28)
FNDA:0,(anonymous_29)
FNDA:0,(anonymous_30)
FNDA:0,(anonymous_31)
FNDA:0,(anonymous_32)
FNDA:0,(anonymous_33)
DA:7,0
DA:8,0
DA:9,0
DA:10,0
DA:11,0
DA:14,0
DA:15,0
DA:16,0
DA:17,0
DA:18,0
DA:19,0
DA:22,0
DA:23,0
DA:24,0
DA:25,0
DA:26,0
DA:29,0
DA:30,0
DA:31,0
DA:32,0
DA:33,0
DA:34,0
DA:35,0
DA:38,0
DA:39,0
DA:40,0
DA:42,0
DA:46,0
DA:48,0
DA:49,0
DA:50,0
DA:51,0
DA:54,0
DA:55,0
DA:56,0
DA:57,0
DA:58,0
DA:59,0
DA:61,0
DA:62,0
DA:63,0
DA:65,0
DA:66,0
DA:67,0
DA:72,0
DA:74,0
DA:75,0
DA:76,0
DA:78,0
DA:79,0
DA:80,0
DA:83,0
DA:86,0
DA:87,0
DA:88,0
DA:90,0
DA:91,0
DA:92,0
DA:93,0
DA:97,0
DA:98,0
DA:99,0
DA:100,0
DA:103,0
DA:106,0
DA:107,0
DA:110,0
DA:112,0
DA:113,0
DA:114,0
DA:116,0
DA:119,0
DA:120,0
DA:121,0
DA:124,0
DA:125,0
DA:128,0
DA:129,0
DA:132,0
DA:133,0
DA:134,0
DA:136,0
DA:139,0
DA:141,0
DA:142,0
DA:144,0
DA:147,0
DA:148,0
DA:152,0
DA:153,0
DA:156,0
DA:157,0
DA:158,0
DA:163,0
DA:164,0
DA:165,0
DA:168,0
DA:169,0
DA:170,0
DA:173,0
DA:174,0
DA:177,0
DA:178,0
DA:181,0
DA:182,0
DA:185,0
DA:186,0
DA:191,0
DA:192,0
DA:193,0
DA:194,0
DA:197,0
DA:198,0
DA:200,0
DA:201,0
DA:202,0
DA:204,0
DA:206,0
DA:207,0
DA:208,0
DA:209,0
DA:212,0
DA:214,0
DA:215,0
DA:216,0
DA:217,0
DA:220,0
DA:221,0
DA:222,0
DA:223,0
DA:224,0
DA:230,0
DA:232,0
DA:233,0
DA:234,0
DA:239,0
DA:242,0
DA:244,0
DA:245,0
DA:246,0
DA:247,0
DA:248,0
DA:249,0
DA:252,0
DA:256,0
DA:258,0
DA:259,0
DA:261,0
DA:262,0
DA:267,0
DA:268,0
DA:269,0
DA:272,0
DA:273,0
DA:274,0
DA:275,0
DA:278,0
DA:280,0
DA:281,0
DA:282,0
DA:284,0
DA:286,0
DA:288,0
DA:289,0
DA:292,0
DA:293,0
DA:294,0
DA:295,0
DA:297,0
DA:298,0
DA:299,0
DA:300,0
DA:303,0
DA:307,0
DA:309,0
DA:310,0
DA:312,0
DA:313,0
DA:314,0
DA:315,0
DA:320,0
DA:322,0
DA:323,0
DA:325,0
DA:326,0
DA:327,0
DA:328,0
DA:329,0
DA:333,0
DA:335,0
DA:337,0
DA:338,0
DA:339,0
DA:342,0
DA:343,0
DA:344,0
DA:345,0
DA:351,0
DA:353,0
DA:354,0
DA:355,0
DA:357,0
DA:358,0
DA:359,0
DA:362,0
DA:363,0
DA:364,0
DA:368,0
DA:370,0
DA:371,0
DA:372,0
DA:376,0
DA:377,0
DA:381,0
DA:383,0
DA:384,0
DA:385,0
DA:386,0
DA:387,0
DA:391,0
DA:392,0
DA:393,0
DA:394,0
DA:395,0
DA:400,0
DA:401,0
DA:402,0
DA:403,0
DA:404,0
DA:405,0
DA:411,0
DA:412,0
DA:413,0
DA:414,0
DA:416,0
DA:417,0
DA:418,0
DA:420,0
DA:421,0
DA:422,0
DA:424,0
DA:425,0
DA:426,0
DA:428,0
DA:429,0
DA:430,0
DA:435,0
DA:436,0
DA:437,0
DA:442,0
DA:443,0
DA:444,0
DA:445,0
DA:446,0
DA:450,0
DA:451,0
DA:452,0
DA:453,0
DA:454,0
DA:458,0
DA:459,0
DA:460,0
DA:461,0
DA:466,0
LF:264
LH:0
BRDA:46,0,0,0
BRDA:46,0,1,0
BRDA:48,1,0,0
BRDA:48,1,1,0
BRDA:72,2,0,0
BRDA:72,2,1,0
BRDA:78,3,0,0
BRDA:78,3,1,0
BRDA:90,4,0,0
BRDA:90,4,1,0
BRDA:90,5,0,0
BRDA:90,5,1,0
BRDA:97,6,0,0
BRDA:97,6,1,0
BRDA:97,7,0,0
BRDA:97,7,1,0
BRDA:110,8,0,0
BRDA:110,8,1,0
BRDA:110,8,2,0
BRDA:110,8,3,0
BRDA:110,8,4,0
BRDA:110,8,5,0
BRDA:110,8,6,0
BRDA:110,8,7,0
BRDA:110,8,8,0
BRDA:113,9,0,0
BRDA:113,9,1,0
BRDA:113,10,0,0
BRDA:113,10,1,0
BRDA:133,11,0,0
BRDA:133,11,1,0
BRDA:141,12,0,0
BRDA:141,12,1,0
BRDA:141,13,0,0
BRDA:141,13,1,0
BRDA:157,14,0,0
BRDA:157,14,1,0
BRDA:157,15,0,0
BRDA:157,15,1,0
BRDA:206,16,0,0
BRDA:206,16,1,0
BRDA:207,17,0,0
BRDA:207,17,1,0
BRDA:209,18,0,0
BRDA:209,18,1,0
BRDA:214,19,0,0
BRDA:214,19,1,0
BRDA:222,20,0,0
BRDA:222,20,1,0
BRDA:232,21,0,0
BRDA:232,21,1,0
BRDA:233,22,0,0
BRDA:233,22,1,0
BRDA:242,23,0,0
BRDA:242,23,1,0
BRDA:242,24,0,0
BRDA:242,24,1,0
BRDA:244,25,0,0
BRDA:244,25,1,0
BRDA:245,26,0,0
BRDA:245,26,1,0
BRDA:248,27,0,0
BRDA:248,27,1,0
BRDA:252,28,0,0
BRDA:252,28,1,0
BRDA:258,29,0,0
BRDA:258,29,1,0
BRDA:261,30,0,0
BRDA:261,30,1,0
BRDA:266,31,0,0
BRDA:266,32,0,0
BRDA:267,33,0,0
BRDA:267,33,1,0
BRDA:272,34,0,0
BRDA:272,34,1,0
BRDA:292,35,0,0
BRDA:292,35,1,0
BRDA:297,36,0,0
BRDA:297,36,1,0
BRDA:320,37,0,0
BRDA:320,37,1,0
BRDA:320,38,0,0
BRDA:320,38,1,0
BRDA:337,39,0,0
BRDA:337,39,1,0
BRDA:351,40,0,0
BRDA:351,40,1,0
BRDA:351,41,0,0
BRDA:351,41,1,0
BRDA:357,42,0,0
BRDA:357,42,1,0
BRDA:368,43,0,0
BRDA:368,43,1,0
BRDA:385,44,0,0
BRDA:385,44,1,0
BRDA:393,45,0,0
BRDA:393,45,1,0
BRDA:401,46,0,0
BRDA:401,46,1,0
BRDA:401,47,0,0
BRDA:401,47,1,0
BRDA:412,48,0,0
BRDA:412,48,1,0
BRDA:416,49,0,0
BRDA:416,49,1,0
BRDA:420,50,0,0
BRDA:420,50,1,0
BRDA:424,51,0,0
BRDA:424,51,1,0
BRDA:428,52,0,0
BRDA:428,52,1,0
BRDA:435,53,0,0
BRDA:435,53,1,0
BRF:113
BRH:0
end_of_record
TN:
SF:js/ui-manager.js
FN:5,(anonymous_0)
FN:11,(anonymous_1)
FN:145,(anonymous_2)
FN:156,(anonymous_3)
FN:168,(anonymous_4)
FN:181,(anonymous_5)
FN:188,(anonymous_6)
FN:200,(anonymous_7)
FN:255,(anonymous_8)
FN:259,(anonymous_9)
FN:279,(anonymous_10)
FN:304,(anonymous_11)
FN:308,(anonymous_12)
FN:317,(anonymous_13)
FN:331,(anonymous_14)
FN:338,(anonymous_15)
FN:342,(anonymous_16)
FN:350,(anonymous_17)
FN:352,(anonymous_18)
FN:358,(anonymous_19)
FN:363,(anonymous_20)
FN:368,(anonymous_21)
FN:373,(anonymous_22)
FN:389,(anonymous_23)
FN:394,(anonymous_24)
FN:396,(anonymous_25)
FN:405,(anonymous_26)
FN:412,animation
FN:420,ease
FN:431,(anonymous_29)
FN:435,(anonymous_30)
FN:439,(anonymous_31)
FN:446,(anonymous_32)
FNF:33
FNH:0
FNDA:0,(anonymous_0)
FNDA:0,(anonymous_1)
FNDA:0,(anonymous_2)
FNDA:0,(anonymous_3)
FNDA:0,(anonymous_4)
FNDA:0,(anonymous_5)
FNDA:0,(anonymous_6)
FNDA:0,(anonymous_7)
FNDA:0,(anonymous_8)
FNDA:0,(anonymous_9)
FNDA:0,(anonymous_10)
FNDA:0,(anonymous_11)
FNDA:0,(anonymous_12)
FNDA:0,(anonymous_13)
FNDA:0,(anonymous_14)
FNDA:0,(anonymous_15)
FNDA:0,(anonymous_16)
FNDA:0,(anonymous_17)
FNDA:0,(anonymous_18)
FNDA:0,(anonymous_19)
FNDA:0,(anonymous_20)
FNDA:0,(anonymous_21)
FNDA:0,(anonymous_22)
FNDA:0,(anonymous_23)
FNDA:0,(anonymous_24)
FNDA:0,(anonymous_25)
FNDA:0,(anonymous_26)
FNDA:0,animation
FNDA:0,ease
FNDA:0,(anonymous_29)
FNDA:0,(anonymous_30)
FNDA:0,(anonymous_31)
FNDA:0,(anonymous_32)
DA:6,0
DA:7,0
DA:8,0
DA:13,0
DA:14,0
DA:141,0
DA:151,0
DA:153,0
DA:154,0
DA:156,0
DA:157,0
DA:158,0
DA:159,0
DA:161,0
DA:162,0
DA:173,0
DA:175,0
DA:176,0
DA:177,0
DA:180,0
DA:181,0
DA:182,0
DA:183,0
DA:185,0
DA:186,0
DA:187,0
DA:188,0
DA:189,0
DA:192,0
DA:196,0
DA:201,0
DA:202,0
DA:203,0
DA:206,0
DA:207,0
DA:210,0
DA:211,0
DA:212,0
DA:213,0
DA:214,0
DA:217,0
DA:220,0
DA:221,0
DA:224,0
DA:225,0
DA:226,0
DA:231,0
DA:233,0
DA:234,0
DA:235,0
DA:238,0
DA:241,0
DA:242,0
DA:248,0
DA:251,0
DA:256,0
DA:259,0
DA:260,0
DA:261,0
DA:266,0
DA:267,0
DA:280,0
DA:282,0
DA:283,0
DA:284,0
DA:285,0
DA:286,0
DA:289,0
DA:300,0
DA:305,0
DA:306,0
DA:307,0
DA:308,0
DA:309,0
DA:310,0
DA:318,0
DA:319,0
DA:320,0
DA:326,0
DA:327,0
DA:332,0
DA:333,0
DA:339,0
DA:340,0
DA:342,0
DA:343,0
DA:344,0
DA:345,0
DA:351,0
DA:352,0
DA:353,0
DA:359,0
DA:364,0
DA:369,0
DA:374,0
DA:375,0
DA:382,0
DA:383,0
DA:384,0
DA:386,0
DA:389,0
DA:390,0
DA:394,0
DA:395,0
DA:396,0
DA:397,0
DA:398,0
DA:406,0
DA:407,0
DA:408,0
DA:409,0
DA:410,0
DA:413,0
DA:414,0
DA:415,0
DA:416,0
DA:417,0
DA:421,0
DA:422,0
DA:423,0
DA:424,0
DA:427,0
DA:432,0
DA:436,0
DA:440,0
DA:441,0
DA:447,0
DA:463,0
DA:464,0
DA:465,0
DA:475,0
DA:480,0
DA:481,0
LF:133
LH:0
BRDA:145,0,0,0
BRDA:147,1,0,0
BRDA:148,2,0,0
BRDA:149,3,0,0
BRDA:150,4,0,0
BRDA:154,5,0,0
BRDA:154,5,1,0
BRDA:161,6,0,0
BRDA:161,6,1,0
BRDA:168,7,0,0
BRDA:170,8,0,0
BRDA:171,9,0,0
BRDA:172,10,0,0
BRDA:176,11,0,0
BRDA:176,11,1,0
BRDA:185,12,0,0
BRDA:185,12,1,0
BRDA:187,13,0,0
BRDA:187,13,1,0
BRDA:192,14,0,0
BRDA:192,14,1,0
BRDA:200,15,0,0
BRDA:211,16,0,0
BRDA:211,16,1,0
BRDA:213,17,0,0
BRDA:213,17,1,0
BRDA:241,18,0,0
BRDA:241,18,1,0
BRDA:260,19,0,0
BRDA:260,19,1,0
BRDA:266,20,0,0
BRDA:266,20,1,0
BRDA:282,21,0,0
BRDA:282,21,1,0
BRDA:296,22,0,0
BRDA:296,22,1,0
BRDA:306,23,0,0
BRDA:306,23,1,0
BRDA:309,24,0,0
BRDA:309,24,1,0
BRDA:332,25,0,0
BRDA:332,25,1,0
BRDA:332,26,0,0
BRDA:332,26,1,0
BRDA:358,27,0,0
BRDA:363,28,0,0
BRDA:368,29,0,0
BRDA:373,30,0,0
BRDA:373,31,0,0
BRDA:397,32,0,0
BRDA:397,32,1,0
BRDA:405,33,0,0
BRDA:413,34,0,0
BRDA:413,34,1,0
BRDA:417,35,0,0
BRDA:417,35,1,0
BRDA:422,36,0,0
BRDA:422,36,1,0
BRDA:440,37,0,0
BRDA:440,37,1,0
BRDA:440,38,0,0
BRDA:440,38,1,0
BRDA:480,39,0,0
BRDA:480,39,1,0
BRDA:480,40,0,0
BRDA:480,40,1,0
BRF:66
BRH:0
end_of_record
