TN:
SF:server.js
FN:7,(anonymous_0)
FN:7,(anonymous_1)
FN:16,(anonymous_2)
FN:55,(anonymous_3)
FNF:4
FNH:1
FNDA:0,(anonymous_0)
FNDA:0,(anonymous_1)
FNDA:6,(anonymous_2)
FNDA:0,(anonymous_3)
DA:1,1
DA:2,1
DA:3,1
DA:5,1
DA:6,1
DA:7,0
DA:10,1
DA:11,1
DA:13,1
DA:14,1
DA:16,1
DA:17,6
DA:18,6
DA:19,6
DA:22,0
DA:23,0
DA:32,0
DA:33,0
DA:34,0
DA:37,0
DA:38,0
DA:39,0
DA:40,0
DA:42,0
DA:44,0
DA:45,0
DA:48,0
DA:49,0
DA:54,1
DA:55,0
DA:56,0
DA:61,1
LF:32
LH:15
BRDA:6,0,0,0
BRDA:6,0,1,1
BRDA:11,1,0,1
BRDA:11,1,1,1
BRDA:18,2,0,6
BRDA:18,2,1,0
BRDA:32,3,0,0
BRDA:32,3,1,0
BRDA:37,4,0,0
BRDA:37,4,1,0
BRDA:54,5,0,0
BRDA:54,5,1,1
BRF:12
BRH:5
end_of_record
TN:
SF:js/ai-service.js
FN:6,(anonymous_0)
FN:13,(anonymous_1)
FN:18,(anonymous_2)
FN:23,(anonymous_3)
FN:45,(anonymous_4)
FN:73,(anonymous_5)
FN:87,(anonymous_6)
FN:96,(anonymous_7)
FN:102,(anonymous_8)
FN:203,(anonymous_9)
FN:231,(anonymous_10)
FN:259,(anonymous_11)
FN:261,(anonymous_12)
FN:264,(anonymous_13)
FN:347,(anonymous_14)
FN:358,(anonymous_15)
FN:361,(anonymous_16)
FN:367,(anonymous_17)
FN:394,(anonymous_18)
FN:430,(anonymous_19)
FN:458,(anonymous_20)
FN:482,(anonymous_21)
FN:490,(anonymous_22)
FN:518,(anonymous_23)
FN:523,(anonymous_24)
FN:535,(anonymous_25)
FN:559,(anonymous_26)
FNF:27
FNH:0
FNDA:0,(anonymous_0)
FNDA:0,(anonymous_1)
FNDA:0,(anonymous_2)
FNDA:0,(anonymous_3)
FNDA:0,(anonymous_4)
FNDA:0,(anonymous_5)
FNDA:0,(anonymous_6)
FNDA:0,(anonymous_7)
FNDA:0,(anonymous_8)
FNDA:0,(anonymous_9)
FNDA:0,(anonymous_10)
FNDA:0,(anonymous_11)
FNDA:0,(anonymous_12)
FNDA:0,(anonymous_13)
FNDA:0,(anonymous_14)
FNDA:0,(anonymous_15)
FNDA:0,(anonymous_16)
FNDA:0,(anonymous_17)
FNDA:0,(anonymous_18)
FNDA:0,(anonymous_19)
FNDA:0,(anonymous_20)
FNDA:0,(anonymous_21)
FNDA:0,(anonymous_22)
FNDA:0,(anonymous_23)
FNDA:0,(anonymous_24)
FNDA:0,(anonymous_25)
FNDA:0,(anonymous_26)
DA:7,0
DA:8,0
DA:9,0
DA:10,0
DA:14,0
DA:15,0
DA:19,0
DA:20,0
DA:24,0
DA:25,0
DA:28,0
DA:29,0
DA:33,0
DA:34,0
DA:37,0
DA:38,0
DA:40,0
DA:41,0
DA:46,0
DA:52,0
DA:53,0
DA:56,0
DA:57,0
DA:59,0
DA:60,0
DA:62,0
DA:65,0
DA:66,0
DA:72,0
DA:73,0
DA:74,0
DA:77,0
DA:78,0
DA:80,0
DA:82,0
DA:83,0
DA:88,0
DA:90,0
DA:98,0
DA:99,0
DA:103,0
DA:107,0
DA:179,0
DA:180,0
DA:183,0
DA:189,0
DA:197,0
DA:199,0
DA:205,0
DA:222,0
DA:223,0
DA:224,0
DA:226,0
DA:227,0
DA:233,0
DA:234,0
DA:236,0
DA:237,0
DA:238,0
DA:240,0
DA:241,0
DA:251,0
DA:261,0
DA:265,0
DA:266,0
DA:267,0
DA:268,0
DA:269,0
DA:270,0
DA:271,0
DA:274,0
DA:303,0
DA:304,0
DA:305,0
DA:306,0
DA:309,0
DA:311,0
DA:312,0
DA:314,0
DA:315,0
DA:316,0
DA:320,0
DA:321,0
DA:323,0
DA:328,0
DA:330,0
DA:331,0
DA:332,0
DA:333,0
DA:337,0
DA:348,0
DA:358,0
DA:362,0
DA:363,0
DA:364,0
DA:368,0
DA:369,0
DA:385,0
DA:386,0
DA:387,0
DA:389,0
DA:390,0
DA:395,0
DA:418,0
DA:419,0
DA:420,0
DA:425,0
DA:426,0
DA:431,0
DA:435,0
DA:440,0
DA:444,0
DA:445,0
DA:448,0
DA:450,0
DA:451,0
DA:453,0
DA:454,0
DA:459,0
DA:460,0
DA:461,0
DA:464,0
DA:466,0
DA:468,0
DA:470,0
DA:472,0
DA:478,0
DA:482,0
DA:484,0
DA:485,0
DA:489,0
DA:490,0
DA:496,0
DA:498,0
DA:509,0
DA:511,0
DA:513,0
DA:516,0
DA:517,0
DA:518,0
DA:524,0
DA:525,0
DA:528,0
DA:530,0
DA:531,0
DA:535,0
DA:540,0
DA:554,0
DA:555,0
DA:560,0
DA:566,0
DA:571,0
LF:152
LH:0
BRDA:7,0,0,0
BRDA:7,0,1,0
BRDA:8,1,0,0
BRDA:8,1,1,0
BRDA:24,2,0,0
BRDA:24,2,1,0
BRDA:33,3,0,0
BRDA:33,3,1,0
BRDA:45,4,0,0
BRDA:45,5,0,0
BRDA:52,6,0,0
BRDA:52,6,1,0
BRDA:59,7,0,0
BRDA:59,7,1,0
BRDA:72,8,0,0
BRDA:72,8,1,0
BRDA:74,9,0,0
BRDA:74,9,1,0
BRDA:80,10,0,0
BRDA:80,10,1,0
BRDA:96,11,0,0
BRDA:102,12,0,0
BRDA:103,13,0,0
BRDA:103,13,1,0
BRDA:184,14,0,0
BRDA:184,14,1,0
BRDA:191,15,0,0
BRDA:191,15,1,0
BRDA:192,16,0,0
BRDA:192,16,1,0
BRDA:193,17,0,0
BRDA:193,17,1,0
BRDA:224,18,0,0
BRDA:224,18,1,0
BRDA:240,19,0,0
BRDA:240,19,1,0
BRDA:253,20,0,0
BRDA:253,20,1,0
BRDA:304,21,0,0
BRDA:304,21,1,0
BRDA:306,22,0,0
BRDA:306,22,1,0
BRDA:307,23,0,0
BRDA:307,23,1,0
BRDA:308,24,0,0
BRDA:308,24,1,0
BRDA:311,25,0,0
BRDA:311,25,1,0
BRDA:311,26,0,0
BRDA:311,26,1,0
BRDA:315,27,0,0
BRDA:315,27,1,0
BRDA:320,28,0,0
BRDA:320,28,1,0
BRDA:328,29,0,0
BRDA:328,29,1,0
BRDA:330,30,0,0
BRDA:330,30,1,0
BRDA:362,31,0,0
BRDA:362,31,1,0
BRDA:364,32,0,0
BRDA:364,32,1,0
BRDA:387,33,0,0
BRDA:387,33,1,0
BRDA:421,34,0,0
BRDA:421,34,1,0
BRDA:422,35,0,0
BRDA:422,35,1,0
BRDA:430,36,0,0
BRDA:431,37,0,0
BRDA:431,37,1,0
BRDA:444,38,0,0
BRDA:444,38,1,0
BRDA:458,39,0,0
BRDA:459,40,0,0
BRDA:459,40,1,0
BRDA:470,41,0,0
BRDA:470,41,1,0
BRDA:470,42,0,0
BRDA:470,42,1,0
BRDA:484,43,0,0
BRDA:484,43,1,0
BRDA:516,44,0,0
BRDA:516,44,1,0
BRDA:530,45,0,0
BRDA:530,45,1,0
BRDA:537,46,0,0
BRDA:537,46,1,0
BRDA:543,47,0,0
BRDA:543,47,1,0
BRDA:544,48,0,0
BRDA:544,48,1,0
BRDA:566,49,0,0
BRDA:566,49,1,0
BRF:94
BRH:0
end_of_record
TN:
SF:js/app.js
FN:6,(anonymous_0)
FN:25,(anonymous_1)
FN:54,(anonymous_2)
FN:63,(anonymous_3)
FN:65,(anonymous_4)
FN:66,(anonymous_5)
FN:69,(anonymous_6)
FN:70,(anonymous_7)
FN:71,(anonymous_8)
FN:74,(anonymous_9)
FN:81,(anonymous_10)
FN:84,(anonymous_11)
FN:87,(anonymous_12)
FN:89,(anonymous_13)
FN:93,(anonymous_14)
FN:97,(anonymous_15)
FN:102,(anonymous_16)
FN:114,(anonymous_17)
FN:145,(anonymous_18)
FN:152,(anonymous_19)
FN:166,(anonymous_20)
FN:172,(anonymous_21)
FN:182,(anonymous_22)
FN:196,(anonymous_23)
FN:206,(anonymous_24)
FN:224,(anonymous_25)
FN:235,(anonymous_26)
FN:255,(anonymous_27)
FN:256,(anonymous_28)
FN:273,(anonymous_29)
FN:304,(anonymous_30)
FN:314,(anonymous_31)
FN:333,(anonymous_32)
FN:339,(anonymous_33)
FN:346,(anonymous_34)
FN:350,(anonymous_35)
FN:363,(anonymous_36)
FN:368,(anonymous_37)
FN:373,(anonymous_38)
FN:384,(anonymous_39)
FN:390,(anonymous_40)
FN:398,(anonymous_41)
FNF:42
FNH:0
FNDA:0,(anonymous_0)
FNDA:0,(anonymous_1)
FNDA:0,(anonymous_2)
FNDA:0,(anonymous_3)
FNDA:0,(anonymous_4)
FNDA:0,(anonymous_5)
FNDA:0,(anonymous_6)
FNDA:0,(anonymous_7)
FNDA:0,(anonymous_8)
FNDA:0,(anonymous_9)
FNDA:0,(anonymous_10)
FNDA:0,(anonymous_11)
FNDA:0,(anonymous_12)
FNDA:0,(anonymous_13)
FNDA:0,(anonymous_14)
FNDA:0,(anonymous_15)
FNDA:0,(anonymous_16)
FNDA:0,(anonymous_17)
FNDA:0,(anonymous_18)
FNDA:0,(anonymous_19)
FNDA:0,(anonymous_20)
FNDA:0,(anonymous_21)
FNDA:0,(anonymous_22)
FNDA:0,(anonymous_23)
FNDA:0,(anonymous_24)
FNDA:0,(anonymous_25)
FNDA:0,(anonymous_26)
FNDA:0,(anonymous_27)
FNDA:0,(anonymous_28)
FNDA:0,(anonymous_29)
FNDA:0,(anonymous_30)
FNDA:0,(anonymous_31)
FNDA:0,(anonymous_32)
FNDA:0,(anonymous_33)
FNDA:0,(anonymous_34)
FNDA:0,(anonymous_35)
FNDA:0,(anonymous_36)
FNDA:0,(anonymous_37)
FNDA:0,(anonymous_38)
FNDA:0,(anonymous_39)
FNDA:0,(anonymous_40)
FNDA:0,(anonymous_41)
DA:7,0
DA:8,0
DA:9,0
DA:12,0
DA:15,0
DA:16,0
DA:17,0
DA:18,0
DA:19,0
DA:22,0
DA:27,0
DA:28,0
DA:29,0
DA:32,0
DA:33,0
DA:34,0
DA:37,0
DA:40,0
DA:41,0
DA:42,0
DA:43,0
DA:44,0
DA:47,0
DA:48,0
DA:49,0
DA:50,0
DA:51,0
DA:55,0
DA:56,0
DA:57,0
DA:58,0
DA:60,0
DA:65,0
DA:66,0
DA:69,0
DA:70,0
DA:71,0
DA:74,0
DA:75,0
DA:76,0
DA:81,0
DA:84,0
DA:89,0
DA:90,0
DA:93,0
DA:94,0
DA:97,0
DA:98,0
DA:104,0
DA:105,0
DA:107,0
DA:108,0
DA:110,0
DA:111,0
DA:115,0
DA:117,0
DA:119,0
DA:122,0
DA:123,0
DA:126,0
DA:127,0
DA:130,0
DA:132,0
DA:133,0
DA:134,0
DA:136,0
DA:140,0
DA:141,0
DA:146,0
DA:148,0
DA:149,0
DA:153,0
DA:155,0
DA:163,0
DA:167,0
DA:168,0
DA:169,0
DA:173,0
DA:175,0
DA:178,0
DA:184,0
DA:187,0
DA:190,0
DA:193,0
DA:197,0
DA:198,0
DA:199,0
DA:200,0
DA:203,0
DA:207,0
DA:209,0
DA:210,0
DA:213,0
DA:215,0
DA:216,0
DA:220,0
DA:225,0
DA:227,0
DA:228,0
DA:232,0
DA:236,0
DA:237,0
DA:239,0
DA:245,0
DA:248,0
DA:249,0
DA:251,0
DA:256,0
DA:257,0
DA:258,0
DA:260,0
DA:261,0
DA:266,0
DA:270,0
DA:275,0
DA:276,0
DA:280,0
DA:281,0
DA:284,0
DA:285,0
DA:286,0
DA:289,0
DA:290,0
DA:291,0
DA:293,0
DA:294,0
DA:295,0
DA:298,0
DA:301,0
DA:306,0
DA:316,0
DA:317,0
DA:318,0
DA:327,0
DA:332,0
DA:333,0
DA:334,0
DA:340,0
DA:341,0
DA:342,0
DA:343,0
DA:347,0
DA:351,0
DA:352,0
DA:353,0
DA:354,0
DA:356,0
DA:357,0
DA:358,0
DA:359,0
DA:360,0
DA:364,0
DA:365,0
DA:369,0
DA:370,0
DA:374,0
DA:375,0
DA:377,0
DA:378,0
DA:380,0
DA:381,0
DA:385,0
DA:386,0
DA:391,0
DA:392,0
DA:393,0
DA:398,0
DA:399,0
LF:168
LH:0
BRDA:75,0,0,0
BRDA:75,0,1,0
BRDA:104,1,0,0
BRDA:104,1,1,0
BRDA:105,2,0,0
BRDA:105,2,1,0
BRDA:115,3,0,0
BRDA:115,3,1,0
BRDA:127,4,0,0
BRDA:127,4,1,0
BRDA:132,5,0,0
BRDA:132,5,1,0
BRDA:146,6,0,0
BRDA:146,6,1,0
BRDA:163,7,0,0
BRDA:163,7,1,0
BRDA:166,8,0,0
BRDA:173,9,0,0
BRDA:173,9,1,0
BRDA:178,10,0,0
BRDA:178,10,1,0
BRDA:215,11,0,0
BRDA:215,11,1,0
BRDA:215,12,0,0
BRDA:215,12,1,0
BRDA:227,13,0,0
BRDA:227,13,1,0
BRDA:275,14,0,0
BRDA:275,14,1,0
BRDA:275,15,0,0
BRDA:275,15,1,0
BRDA:316,16,0,0
BRDA:316,16,1,0
BRDA:332,17,0,0
BRDA:332,17,1,0
BRDA:347,18,0,0
BRDA:347,18,1,0
BRDA:353,19,0,0
BRDA:353,19,1,0
BRDA:385,20,0,0
BRDA:385,20,1,0
BRDA:385,21,0,0
BRDA:385,21,1,0
BRF:43
BRH:0
end_of_record
TN:
SF:js/audio-manager.js
FN:6,(anonymous_0)
FN:18,(anonymous_1)
FN:34,(anonymous_2)
FN:54,(anonymous_3)
FN:61,(anonymous_4)
FN:79,(anonymous_5)
FN:95,(anonymous_6)
FN:97,(anonymous_7)
FN:98,(anonymous_8)
FN:102,(anonymous_9)
FN:104,(anonymous_10)
FN:108,(anonymous_11)
FNF:12
FNH:0
FNDA:0,(anonymous_0)
FNDA:0,(anonymous_1)
FNDA:0,(anonymous_2)
FNDA:0,(anonymous_3)
FNDA:0,(anonymous_4)
FNDA:0,(anonymous_5)
FNDA:0,(anonymous_6)
FNDA:0,(anonymous_7)
FNDA:0,(anonymous_8)
FNDA:0,(anonymous_9)
FNDA:0,(anonymous_10)
FNDA:0,(anonymous_11)
DA:7,0
DA:8,0
DA:9,0
DA:10,0
DA:11,0
DA:19,0
DA:21,0
DA:22,0
DA:23,0
DA:25,0
DA:26,0
DA:35,0
DA:36,0
DA:37,0
DA:40,0
DA:42,0
DA:43,0
DA:44,0
DA:47,0
DA:48,0
DA:50,0
DA:55,0
DA:56,0
DA:59,0
DA:61,0
DA:62,0
DA:64,0
DA:65,0
DA:66,0
DA:67,0
DA:68,0
DA:70,0
DA:72,0
DA:73,0
DA:74,0
DA:80,0
DA:81,0
DA:82,0
DA:85,0
DA:86,0
DA:87,0
DA:90,0
DA:91,0
DA:92,0
DA:96,0
DA:97,0
DA:98,0
DA:99,0
DA:103,0
DA:104,0
DA:105,0
DA:109,0
DA:110,0
DA:111,0
DA:116,0
LF:55
LH:0
BRDA:35,0,0,0
BRDA:35,0,1,0
BRDA:42,1,0,0
BRDA:42,1,1,0
BRDA:55,2,0,0
BRDA:55,2,1,0
BRDA:59,3,0,0
BRDA:59,3,1,0
BRDA:62,4,0,0
BRDA:62,4,1,0
BRDA:73,5,0,0
BRDA:73,5,1,0
BRDA:80,6,0,0
BRDA:80,6,1,0
BRDA:85,7,0,0
BRDA:85,7,1,0
BRDA:85,8,0,0
BRDA:85,8,1,0
BRDA:99,9,0,0
BRDA:99,9,1,0
BRDA:103,10,0,0
BRDA:103,10,1,0
BRF:22
BRH:0
end_of_record
TN:
SF:js/speech-recognition-manager.js
FN:6,(anonymous_0)
FN:39,(anonymous_1)
FN:56,(anonymous_2)
FN:59,(anonymous_3)
FN:73,(anonymous_4)
FN:80,(anonymous_5)
FN:90,(anonymous_6)
FN:95,(anonymous_7)
FN:100,(anonymous_8)
FN:102,(anonymous_9)
FN:122,(anonymous_10)
FN:139,(anonymous_11)
FN:161,(anonymous_12)
FN:178,(anonymous_13)
FN:186,(anonymous_14)
FN:191,(anonymous_15)
FN:194,(anonymous_16)
FN:198,(anonymous_17)
FN:204,(anonymous_18)
FN:209,(anonymous_19)
FN:218,(anonymous_20)
FN:225,(anonymous_21)
FN:233,(anonymous_22)
FN:241,(anonymous_23)
FNF:24
FNH:0
FNDA:0,(anonymous_0)
FNDA:0,(anonymous_1)
FNDA:0,(anonymous_2)
FNDA:0,(anonymous_3)
FNDA:0,(anonymous_4)
FNDA:0,(anonymous_5)
FNDA:0,(anonymous_6)
FNDA:0,(anonymous_7)
FNDA:0,(anonymous_8)
FNDA:0,(anonymous_9)
FNDA:0,(anonymous_10)
FNDA:0,(anonymous_11)
FNDA:0,(anonymous_12)
FNDA:0,(anonymous_13)
FNDA:0,(anonymous_14)
FNDA:0,(anonymous_15)
FNDA:0,(anonymous_16)
FNDA:0,(anonymous_17)
FNDA:0,(anonymous_18)
FNDA:0,(anonymous_19)
FNDA:0,(anonymous_20)
FNDA:0,(anonymous_21)
FNDA:0,(anonymous_22)
FNDA:0,(anonymous_23)
DA:7,0
DA:8,0
DA:9,0
DA:10,0
DA:11,0
DA:14,0
DA:15,0
DA:16,0
DA:17,0
DA:20,0
DA:21,0
DA:22,0
DA:23,0
DA:26,0
DA:27,0
DA:28,0
DA:29,0
DA:32,0
DA:33,0
DA:34,0
DA:36,0
DA:40,0
DA:42,0
DA:43,0
DA:44,0
DA:47,0
DA:48,0
DA:49,0
DA:51,0
DA:52,0
DA:53,0
DA:57,0
DA:59,0
DA:60,0
DA:62,0
DA:63,0
DA:65,0
DA:66,0
DA:67,0
DA:70,0
DA:73,0
DA:74,0
DA:75,0
DA:77,0
DA:78,0
DA:79,0
DA:80,0
DA:81,0
DA:82,0
DA:84,0
DA:87,0
DA:90,0
DA:91,0
DA:92,0
DA:95,0
DA:96,0
DA:101,0
DA:102,0
DA:103,0
DA:104,0
DA:107,0
DA:109,0
DA:110,0
DA:112,0
DA:113,0
DA:114,0
DA:116,0
DA:117,0
DA:118,0
DA:119,0
DA:121,0
DA:122,0
DA:123,0
DA:124,0
DA:125,0
DA:131,0
DA:135,0
DA:136,0
DA:140,0
DA:142,0
DA:144,0
DA:146,0
DA:148,0
DA:149,0
DA:150,0
DA:152,0
DA:153,0
DA:155,0
DA:156,0
DA:157,0
DA:162,0
DA:164,0
DA:165,0
DA:166,0
DA:168,0
DA:169,0
DA:170,0
DA:173,0
DA:174,0
DA:175,0
DA:179,0
DA:181,0
DA:182,0
DA:183,0
DA:187,0
DA:188,0
DA:192,0
DA:194,0
DA:195,0
DA:198,0
DA:199,0
DA:200,0
DA:205,0
DA:209,0
DA:210,0
DA:211,0
DA:212,0
DA:213,0
DA:219,0
DA:220,0
DA:221,0
DA:226,0
DA:227,0
DA:228,0
DA:229,0
DA:230,0
DA:234,0
DA:235,0
DA:236,0
DA:237,0
DA:238,0
DA:242,0
DA:243,0
DA:244,0
DA:245,0
DA:250,0
LF:136
LH:0
BRDA:40,0,0,0
BRDA:40,0,1,0
BRDA:42,1,0,0
BRDA:42,1,1,0
BRDA:57,2,0,0
BRDA:57,2,1,0
BRDA:60,3,0,0
BRDA:60,3,1,0
BRDA:65,4,0,0
BRDA:65,4,1,0
BRDA:77,5,0,0
BRDA:77,5,1,0
BRDA:77,6,0,0
BRDA:77,6,1,0
BRDA:112,7,0,0
BRDA:112,7,1,0
BRDA:113,8,0,0
BRDA:113,8,1,0
BRDA:114,9,0,0
BRDA:114,9,1,0
BRDA:116,10,0,0
BRDA:116,10,1,0
BRDA:123,11,0,0
BRDA:123,11,1,0
BRDA:139,12,0,0
BRDA:140,13,0,0
BRDA:140,13,1,0
BRDA:140,14,0,0
BRDA:140,14,1,0
BRDA:162,15,0,0
BRDA:162,15,1,0
BRDA:162,16,0,0
BRDA:162,16,1,0
BRDA:168,17,0,0
BRDA:168,17,1,0
BRDA:179,18,0,0
BRDA:179,18,1,0
BRDA:210,19,0,0
BRDA:210,19,1,0
BRDA:219,20,0,0
BRDA:219,20,1,0
BRF:41
BRH:0
end_of_record
